<testsuites id="" name="" tests="12" failures="0" skipped="0" errors="0" time="14.167022000000001">
<testsuite name="e2e/settings/event-transport-error-cause.spec.ts" timestamp="2026-09-12T01:02:12.211Z" hostname="chromium" tests="1" failures="0" skipped="0" time="2.63" errors="0">
<testcase name="[P2] DW53-E2E-001 a transport failure retains its cause and the event form can retry" classname="e2e/settings/event-transport-error-cause.spec.ts" time="2.63">
<system-out>
<![CDATA[[01:02:13] ℹ [1m[37mStorage state saved to /Users/sallvain/Projects/My-Love/.bmad-loop/runs/20260911-170829-4a3d/worktrees/dw-event-transport-error-cause/.auth/local/worker-0/storage-state.json[0m
[01:02:14] ℹ [1m[37mStorage state saved to /Users/sallvain/Projects/My-Love/.bmad-loop/runs/20260911-170829-4a3d/worktrees/dw-event-transport-error-cause/.auth/local/worker-0/storage-state.json[0m
[01:02:14] [1m[36m==== Given a signed-in event form with complete inputs ====[0m

[01:02:14] [1m[36m==== Polling until condition is met (timeout: 10000ms, interval: 1000ms) ====[0m

[01:02:14] [1m[36m==== Polling until condition is met (timeout: 10000ms, interval: 1000ms) ====[0m

[01:02:15] [1m[36m==== When the events query rejects with the original transport TypeError ====[0m

[01:02:15] [1m[36m==== Polling until condition is met (timeout: 10000ms, interval: 1000ms) ====[0m

[01:02:15] [1m[36m==== Then the same error reaches the form and preserves unsaved inputs ====[0m

[01:02:15] [1m[36m==== When the user explicitly retries, the real response reaches store and UI ====[0m

[01:02:15] [1m[36m==== Polling until condition is met (timeout: 10000ms, interval: 1000ms) ====[0m


[[ATTACHMENT|settings-event-transport-e-75dc4-nd-the-event-form-can-retry-chromium/test-finished-1.png]]

[[ATTACHMENT|settings-event-transport-e-75dc4-nd-the-event-form-can-retry-chromium/trace.zip]]
]]>
</system-out>
</testcase>
</testsuite>
<testsuite name="e2e/settings/event-transport-error-cause.spec.ts" timestamp="2026-09-12T01:02:12.211Z" hostname="chromium" tests="1" failures="0" skipped="0" time="2.09" errors="0">
<testcase name="[P2] DW53-E2E-001 a transport failure retains its cause and the event form can retry" classname="e2e/settings/event-transport-error-cause.spec.ts" time="2.09">
<system-out>
<![CDATA[[01:02:13] ℹ [1m[37mStorage state saved to /Users/sallvain/Projects/My-Love/.bmad-loop/runs/20260911-170829-4a3d/worktrees/dw-event-transport-error-cause/.auth/local/worker-1/storage-state.json[0m
[01:02:14] ℹ [1m[37mStorage state saved to /Users/sallvain/Projects/My-Love/.bmad-loop/runs/20260911-170829-4a3d/worktrees/dw-event-transport-error-cause/.auth/local/worker-1/storage-state.json[0m
[01:02:14] [1m[36m==== Given a signed-in event form with complete inputs ====[0m

[01:02:14] [1m[36m==== Polling until condition is met (timeout: 10000ms, interval: 1000ms) ====[0m

[01:02:14] [1m[36m==== Polling until condition is met (timeout: 10000ms, interval: 1000ms) ====[0m

[01:02:15] [1m[36m==== When the events query rejects with the original transport TypeError ====[0m

[01:02:15] [1m[36m==== Polling until condition is met (timeout: 10000ms, interval: 1000ms) ====[0m

[01:02:15] [1m[36m==== Then the same error reaches the form and preserves unsaved inputs ====[0m

[01:02:15] [1m[36m==== When the user explicitly retries, the real response reaches store and UI ====[0m

[01:02:15] [1m[36m==== Polling until condition is met (timeout: 10000ms, interval: 1000ms) ====[0m


[[ATTACHMENT|settings-event-transport-e-75dc4-nd-the-event-form-can-retry-chromium-repeat1/test-finished-1.png]]

[[ATTACHMENT|settings-event-transport-e-75dc4-nd-the-event-form-can-retry-chromium-repeat1/trace.zip]]
]]>
</system-out>
</testcase>
</testsuite>
<testsuite name="e2e/settings/event-transport-error-cause.spec.ts" timestamp="2026-09-12T01:02:12.211Z" hostname="chromium" tests="1" failures="0" skipped="0" time="2.081" errors="0">
<testcase name="[P2] DW53-E2E-001 a transport failure retains its cause and the event form can retry" classname="e2e/settings/event-transport-error-cause.spec.ts" time="2.081">
<system-out>
<![CDATA[[01:02:17] ℹ [1m[37mStorage state saved to /Users/sallvain/Projects/My-Love/.bmad-loop/runs/20260911-170829-4a3d/worktrees/dw-event-transport-error-cause/.auth/local/worker-2/storage-state.json[0m
[01:02:17] ℹ [1m[37mStorage state saved to /Users/sallvain/Projects/My-Love/.bmad-loop/runs/20260911-170829-4a3d/worktrees/dw-event-transport-error-cause/.auth/local/worker-2/storage-state.json[0m
[01:02:17] [1m[36m==== Given a signed-in event form with complete inputs ====[0m

[01:02:17] [1m[36m==== Polling until condition is met (timeout: 10000ms, interval: 1000ms) ====[0m

[01:02:17] [1m[36m==== Polling until condition is met (timeout: 10000ms, interval: 1000ms) ====[0m

[01:02:17] [1m[36m==== When the events query rejects with the original transport TypeError ====[0m

[01:02:17] [1m[36m==== Polling until condition is met (timeout: 10000ms, interval: 1000ms) ====[0m

[01:02:17] [1m[36m==== Then the same error reaches the form and preserves unsaved inputs ====[0m

[01:02:18] [1m[36m==== When the user explicitly retries, the real response reaches store and UI ====[0m

[01:02:18] [1m[36m==== Polling until condition is met (timeout: 10000ms, interval: 1000ms) ====[0m


[[ATTACHMENT|settings-event-transport-e-75dc4-nd-the-event-form-can-retry-chromium-repeat2/test-finished-1.png]]

[[ATTACHMENT|settings-event-transport-e-75dc4-nd-the-event-form-can-retry-chromium-repeat2/trace.zip]]
]]>
</system-out>
</testcase>
</testsuite>
<testsuite name="api/event-transport-error-cause.spec.ts" timestamp="2026-09-12T01:02:12.211Z" hostname="api" tests="3" failures="0" skipped="0" time="0.306" errors="0">
<testcase name="DW-53 SDK transport-error compatibility › [P2] DW53-API-001 POST retains stack diagnostics through SDK error mapping" classname="api/event-transport-error-cause.spec.ts" time="0.137">
<system-out>
<![CDATA[[01:02:17] [1m[36m==== Reject the installed SDK's POST events request ====[0m

[01:02:17] [1m[36m==== Map the SDK envelope and preserve the existing text and stack diagnostics ====[0m


[[ATTACHMENT|event-transport-error-caus-1395d-s-through-SDK-error-mapping-api/test-finished-1.png]]

[[ATTACHMENT|event-transport-error-caus-1395d-s-through-SDK-error-mapping-api/trace.zip]]
]]>
</system-out>
</testcase>
<testcase name="DW-53 SDK transport-error compatibility › [P2] DW53-API-002 PATCH retains stack diagnostics through SDK error mapping" classname="api/event-transport-error-cause.spec.ts" time="0.091">
<system-out>
<![CDATA[[01:02:17] [1m[36m==== Reject the installed SDK's PATCH events request ====[0m

[01:02:17] [1m[36m==== Map the SDK envelope and preserve the existing text and stack diagnostics ====[0m


[[ATTACHMENT|event-transport-error-caus-0835e-s-through-SDK-error-mapping-api/test-finished-1.png]]

[[ATTACHMENT|event-transport-error-caus-0835e-s-through-SDK-error-mapping-api/trace.zip]]
]]>
</system-out>
</testcase>
<testcase name="DW-53 SDK transport-error compatibility › [P2] DW53-API-003 DELETE retains stack diagnostics through SDK error mapping" classname="api/event-transport-error-cause.spec.ts" time="0.078">
<system-out>
<![CDATA[[01:02:17] [1m[36m==== Reject the installed SDK's DELETE events request ====[0m

[01:02:17] [1m[36m==== Map the SDK envelope and preserve the existing text and stack diagnostics ====[0m


[[ATTACHMENT|event-transport-error-caus-53176-s-through-SDK-error-mapping-api/test-finished-1.png]]

[[ATTACHMENT|event-transport-error-caus-53176-s-through-SDK-error-mapping-api/trace.zip]]
]]>
</system-out>
</testcase>
</testsuite>
<testsuite name="api/event-transport-error-cause.spec.ts" timestamp="2026-09-12T01:02:12.211Z" hostname="api" tests="3" failures="0" skipped="0" time="0.284" errors="0">
<testcase name="DW-53 SDK transport-error compatibility › [P2] DW53-API-001 POST retains stack diagnostics through SDK error mapping" classname="api/event-transport-error-cause.spec.ts" time="0.105">
<system-out>
<![CDATA[[01:02:18] [1m[36m==== Reject the installed SDK's POST events request ====[0m

[01:02:18] [1m[36m==== Map the SDK envelope and preserve the existing text and stack diagnostics ====[0m


[[ATTACHMENT|event-transport-error-caus-1395d-s-through-SDK-error-mapping-api-repeat1/test-finished-1.png]]

[[ATTACHMENT|event-transport-error-caus-1395d-s-through-SDK-error-mapping-api-repeat1/trace.zip]]
]]>
</system-out>
</testcase>
<testcase name="DW-53 SDK transport-error compatibility › [P2] DW53-API-002 PATCH retains stack diagnostics through SDK error mapping" classname="api/event-transport-error-cause.spec.ts" time="0.062">
<system-out>
<![CDATA[[01:02:19] [1m[36m==== Reject the installed SDK's PATCH events request ====[0m

[01:02:19] [1m[36m==== Map the SDK envelope and preserve the existing text and stack diagnostics ====[0m


[[ATTACHMENT|event-transport-error-caus-0835e-s-through-SDK-error-mapping-api-repeat1/test-finished-1.png]]

[[ATTACHMENT|event-transport-error-caus-0835e-s-through-SDK-error-mapping-api-repeat1/trace.zip]]
]]>
</system-out>
</testcase>
<testcase name="DW-53 SDK transport-error compatibility › [P2] DW53-API-003 DELETE retains stack diagnostics through SDK error mapping" classname="api/event-transport-error-cause.spec.ts" time="0.117">
<system-out>
<![CDATA[[01:02:20] [1m[36m==== Reject the installed SDK's DELETE events request ====[0m

[01:02:20] [1m[36m==== Map the SDK envelope and preserve the existing text and stack diagnostics ====[0m


[[ATTACHMENT|event-transport-error-caus-53176-s-through-SDK-error-mapping-api-repeat1/test-finished-1.png]]

[[ATTACHMENT|event-transport-error-caus-53176-s-through-SDK-error-mapping-api-repeat1/trace.zip]]
]]>
</system-out>
</testcase>
</testsuite>
<testsuite name="api/event-transport-error-cause.spec.ts" timestamp="2026-09-12T01:02:12.211Z" hostname="api" tests="3" failures="0" skipped="0" time="0.27" errors="0">
<testcase name="DW-53 SDK transport-error compatibility › [P2] DW53-API-001 POST retains stack diagnostics through SDK error mapping" classname="api/event-transport-error-cause.spec.ts" time="0.117">
<system-out>
<![CDATA[[01:02:20] [1m[36m==== Reject the installed SDK's POST events request ====[0m

[01:02:20] [1m[36m==== Map the SDK envelope and preserve the existing text and stack diagnostics ====[0m


[[ATTACHMENT|event-transport-error-caus-1395d-s-through-SDK-error-mapping-api-repeat2/test-finished-1.png]]

[[ATTACHMENT|event-transport-error-caus-1395d-s-through-SDK-error-mapping-api-repeat2/trace.zip]]
]]>
</system-out>
</testcase>
<testcase name="DW-53 SDK transport-error compatibility › [P2] DW53-API-002 PATCH retains stack diagnostics through SDK error mapping" classname="api/event-transport-error-cause.spec.ts" time="0.093">
<system-out>
<![CDATA[[01:02:21] [1m[36m==== Reject the installed SDK's PATCH events request ====[0m

[01:02:21] [1m[36m==== Map the SDK envelope and preserve the existing text and stack diagnostics ====[0m


[[ATTACHMENT|event-transport-error-caus-0835e-s-through-SDK-error-mapping-api-repeat2/test-finished-1.png]]

[[ATTACHMENT|event-transport-error-caus-0835e-s-through-SDK-error-mapping-api-repeat2/trace.zip]]
]]>
</system-out>
</testcase>
<testcase name="DW-53 SDK transport-error compatibility › [P2] DW53-API-003 DELETE retains stack diagnostics through SDK error mapping" classname="api/event-transport-error-cause.spec.ts" time="0.06">
<system-out>
<![CDATA[[01:02:20] [1m[36m==== Reject the installed SDK's DELETE events request ====[0m

[01:02:20] [1m[36m==== Map the SDK envelope and preserve the existing text and stack diagnostics ====[0m


[[ATTACHMENT|event-transport-error-caus-53176-s-through-SDK-error-mapping-api-repeat2/test-finished-1.png]]

[[ATTACHMENT|event-transport-error-caus-53176-s-through-SDK-error-mapping-api-repeat2/trace.zip]]
]]>
</system-out>
</testcase>
</testsuite>
</testsuites>