<testsuites id="" name="" tests="12" failures="0" skipped="0" errors="0" time="15.624885000000003">
<testsuite name="e2e/settings/event-transport-error-cause.spec.ts" timestamp="2026-09-12T01:01:14.369Z" hostname="chromium" tests="1" failures="0" skipped="0" time="2.132" errors="0">
<testcase name="[P2] DW53-E2E-001 a transport failure retains its cause and the event form can retry" classname="e2e/settings/event-transport-error-cause.spec.ts" time="2.132">
<system-out>
<![CDATA[[01:01:16] ℹ [1m[37mStorage state saved to /Users/sallvain/Projects/My-Love/.bmad-loop/runs/20260911-170829-4a3d/worktrees/dw-event-transport-error-cause/.auth/local/worker-0/storage-state.json[0m
[01:01:17] ℹ [1m[37mStorage state saved to /Users/sallvain/Projects/My-Love/.bmad-loop/runs/20260911-170829-4a3d/worktrees/dw-event-transport-error-cause/.auth/local/worker-0/storage-state.json[0m
[01:01:17] [1m[36m==== Given a signed-in event form with complete inputs ====[0m

[01:01:17] [1m[36m==== Polling until condition is met (timeout: 10000ms, interval: 1000ms) ====[0m

[01:01:17] [1m[36m==== Polling until condition is met (timeout: 10000ms, interval: 1000ms) ====[0m

[01:01:18] [1m[36m==== When the events query rejects with the original transport TypeError ====[0m

[01:01:18] [1m[36m==== Polling until condition is met (timeout: 10000ms, interval: 1000ms) ====[0m

[01:01:18] [1m[36m==== Then the same error reaches the form and preserves unsaved inputs ====[0m

[01:01:18] [1m[36m==== When the user explicitly retries, the real response reaches store and UI ====[0m

[01:01:18] [1m[36m==== Polling until condition is met (timeout: 10000ms, interval: 1000ms) ====[0m


[[ATTACHMENT|settings-event-transport-e-75dc4-nd-the-event-form-can-retry-chromium/test-finished-1.png]]

[[ATTACHMENT|settings-event-transport-e-75dc4-nd-the-event-form-can-retry-chromium/trace.zip]]
]]>
</system-out>
</testcase>
</testsuite>
<testsuite name="e2e/settings/event-transport-error-cause.spec.ts" timestamp="2026-09-12T01:01:14.369Z" hostname="chromium" tests="1" failures="0" skipped="0" time="2.13" errors="0">
<testcase name="[P2] DW53-E2E-001 a transport failure retains its cause and the event form can retry" classname="e2e/settings/event-transport-error-cause.spec.ts" time="2.13">
<system-out>
<![CDATA[[01:01:16] ℹ [1m[37mStorage state saved to /Users/sallvain/Projects/My-Love/.bmad-loop/runs/20260911-170829-4a3d/worktrees/dw-event-transport-error-cause/.auth/local/worker-1/storage-state.json[0m
[01:01:17] ℹ [1m[37mStorage state saved to /Users/sallvain/Projects/My-Love/.bmad-loop/runs/20260911-170829-4a3d/worktrees/dw-event-transport-error-cause/.auth/local/worker-1/storage-state.json[0m
[01:01:17] [1m[36m==== Given a signed-in event form with complete inputs ====[0m

[01:01:17] [1m[36m==== Polling until condition is met (timeout: 10000ms, interval: 1000ms) ====[0m

[01:01:17] [1m[36m==== Polling until condition is met (timeout: 10000ms, interval: 1000ms) ====[0m

[01:01:18] [1m[36m==== When the events query rejects with the original transport TypeError ====[0m

[01:01:18] [1m[36m==== Polling until condition is met (timeout: 10000ms, interval: 1000ms) ====[0m

[01:01:18] [1m[36m==== Then the same error reaches the form and preserves unsaved inputs ====[0m

[01:01:18] [1m[36m==== When the user explicitly retries, the real response reaches store and UI ====[0m

[01:01:18] [1m[36m==== Polling until condition is met (timeout: 10000ms, interval: 1000ms) ====[0m


[[ATTACHMENT|settings-event-transport-e-75dc4-nd-the-event-form-can-retry-chromium-repeat1/test-finished-1.png]]

[[ATTACHMENT|settings-event-transport-e-75dc4-nd-the-event-form-can-retry-chromium-repeat1/trace.zip]]
]]>
</system-out>
</testcase>
</testsuite>
<testsuite name="e2e/settings/event-transport-error-cause.spec.ts" timestamp="2026-09-12T01:01:14.369Z" hostname="chromium" tests="1" failures="0" skipped="0" time="2.007" errors="0">
<testcase name="[P2] DW53-E2E-001 a transport failure retains its cause and the event form can retry" classname="e2e/settings/event-transport-error-cause.spec.ts" time="2.007">
<system-out>
<![CDATA[[01:01:20] ℹ [1m[37mStorage state saved to /Users/sallvain/Projects/My-Love/.bmad-loop/runs/20260911-170829-4a3d/worktrees/dw-event-transport-error-cause/.auth/local/worker-2/storage-state.json[0m
[01:01:20] ℹ [1m[37mStorage state saved to /Users/sallvain/Projects/My-Love/.bmad-loop/runs/20260911-170829-4a3d/worktrees/dw-event-transport-error-cause/.auth/local/worker-2/storage-state.json[0m
[01:01:20] [1m[36m==== Given a signed-in event form with complete inputs ====[0m

[01:01:20] [1m[36m==== Polling until condition is met (timeout: 10000ms, interval: 1000ms) ====[0m

[01:01:20] [1m[36m==== Polling until condition is met (timeout: 10000ms, interval: 1000ms) ====[0m

[01:01:21] [1m[36m==== When the events query rejects with the original transport TypeError ====[0m

[01:01:21] [1m[36m==== Polling until condition is met (timeout: 10000ms, interval: 1000ms) ====[0m

[01:01:21] [1m[36m==== Then the same error reaches the form and preserves unsaved inputs ====[0m

[01:01:21] [1m[36m==== When the user explicitly retries, the real response reaches store and UI ====[0m

[01:01:21] [1m[36m==== Polling until condition is met (timeout: 10000ms, interval: 1000ms) ====[0m


[[ATTACHMENT|settings-event-transport-e-75dc4-nd-the-event-form-can-retry-chromium-repeat2/test-finished-1.png]]

[[ATTACHMENT|settings-event-transport-e-75dc4-nd-the-event-form-can-retry-chromium-repeat2/trace.zip]]
]]>
</system-out>
</testcase>
</testsuite>
<testsuite name="api/event-transport-error-cause.spec.ts" timestamp="2026-09-12T01:01:14.369Z" hostname="api" tests="3" failures="0" skipped="0" time="0.265" errors="0">
<testcase name="DW-53 SDK transport-error compatibility › [P2] DW53-API-001 POST retains stack diagnostics through SDK error mapping" classname="api/event-transport-error-cause.spec.ts" time="0.119">
<system-out>
<![CDATA[[01:01:20] [1m[36m==== Reject the installed SDK's POST events request ====[0m

[01:01:20] [1m[36m==== Map the SDK envelope and preserve the existing text and stack diagnostics ====[0m


[[ATTACHMENT|event-transport-error-caus-1395d-s-through-SDK-error-mapping-api/test-finished-1.png]]

[[ATTACHMENT|event-transport-error-caus-1395d-s-through-SDK-error-mapping-api/trace.zip]]
]]>
</system-out>
</testcase>
<testcase name="DW-53 SDK transport-error compatibility › [P2] DW53-API-002 PATCH retains stack diagnostics through SDK error mapping" classname="api/event-transport-error-cause.spec.ts" time="0.064">
<system-out>
<![CDATA[[01:01:20] [1m[36m==== Reject the installed SDK's PATCH events request ====[0m

[01:01:20] [1m[36m==== Map the SDK envelope and preserve the existing text and stack diagnostics ====[0m


[[ATTACHMENT|event-transport-error-caus-0835e-s-through-SDK-error-mapping-api/test-finished-1.png]]

[[ATTACHMENT|event-transport-error-caus-0835e-s-through-SDK-error-mapping-api/trace.zip]]
]]>
</system-out>
</testcase>
<testcase name="DW-53 SDK transport-error compatibility › [P2] DW53-API-003 DELETE retains stack diagnostics through SDK error mapping" classname="api/event-transport-error-cause.spec.ts" time="0.082">
<system-out>
<![CDATA[[01:01:20] [1m[36m==== Reject the installed SDK's DELETE events request ====[0m

[01:01:20] [1m[36m==== Map the SDK envelope and preserve the existing text and stack diagnostics ====[0m


[[ATTACHMENT|event-transport-error-caus-53176-s-through-SDK-error-mapping-api/test-finished-1.png]]

[[ATTACHMENT|event-transport-error-caus-53176-s-through-SDK-error-mapping-api/trace.zip]]
]]>
</system-out>
</testcase>
</testsuite>
<testsuite name="api/event-transport-error-cause.spec.ts" timestamp="2026-09-12T01:01:14.369Z" hostname="api" tests="3" failures="0" skipped="0" time="0.212" errors="0">
<testcase name="DW-53 SDK transport-error compatibility › [P2] DW53-API-001 POST retains stack diagnostics through SDK error mapping" classname="api/event-transport-error-cause.spec.ts" time="0.1">
<system-out>
<![CDATA[[01:01:21] [1m[36m==== Reject the installed SDK's POST events request ====[0m

[01:01:21] [1m[36m==== Map the SDK envelope and preserve the existing text and stack diagnostics ====[0m


[[ATTACHMENT|event-transport-error-caus-1395d-s-through-SDK-error-mapping-api-repeat1/test-finished-1.png]]

[[ATTACHMENT|event-transport-error-caus-1395d-s-through-SDK-error-mapping-api-repeat1/trace.zip]]
]]>
</system-out>
</testcase>
<testcase name="DW-53 SDK transport-error compatibility › [P2] DW53-API-002 PATCH retains stack diagnostics through SDK error mapping" classname="api/event-transport-error-cause.spec.ts" time="0.056">
<system-out>
<![CDATA[[01:01:21] [1m[36m==== Reject the installed SDK's PATCH events request ====[0m

[01:01:21] [1m[36m==== Map the SDK envelope and preserve the existing text and stack diagnostics ====[0m


[[ATTACHMENT|event-transport-error-caus-0835e-s-through-SDK-error-mapping-api-repeat1/test-finished-1.png]]

[[ATTACHMENT|event-transport-error-caus-0835e-s-through-SDK-error-mapping-api-repeat1/trace.zip]]
]]>
</system-out>
</testcase>
<testcase name="DW-53 SDK transport-error compatibility › [P2] DW53-API-003 DELETE retains stack diagnostics through SDK error mapping" classname="api/event-transport-error-cause.spec.ts" time="0.056">
<system-out>
<![CDATA[[01:01:22] [1m[36m==== Reject the installed SDK's DELETE events request ====[0m

[01:01:22] [1m[36m==== Map the SDK envelope and preserve the existing text and stack diagnostics ====[0m


[[ATTACHMENT|event-transport-error-caus-53176-s-through-SDK-error-mapping-api-repeat1/test-finished-1.png]]

[[ATTACHMENT|event-transport-error-caus-53176-s-through-SDK-error-mapping-api-repeat1/trace.zip]]
]]>
</system-out>
</testcase>
</testsuite>
<testsuite name="api/event-transport-error-cause.spec.ts" timestamp="2026-09-12T01:01:14.369Z" hostname="api" tests="3" failures="0" skipped="0" time="0.43" errors="0">
<testcase name="DW-53 SDK transport-error compatibility › [P2] DW53-API-001 POST retains stack diagnostics through SDK error mapping" classname="api/event-transport-error-cause.spec.ts" time="0.201">
<system-out>
<![CDATA[[01:01:23] [1m[36m==== Reject the installed SDK's POST events request ====[0m

[01:01:23] [1m[36m==== Map the SDK envelope and preserve the existing text and stack diagnostics ====[0m


[[ATTACHMENT|event-transport-error-caus-1395d-s-through-SDK-error-mapping-api-repeat2/test-finished-1.png]]

[[ATTACHMENT|event-transport-error-caus-1395d-s-through-SDK-error-mapping-api-repeat2/trace.zip]]
]]>
</system-out>
</testcase>
<testcase name="DW-53 SDK transport-error compatibility › [P2] DW53-API-002 PATCH retains stack diagnostics through SDK error mapping" classname="api/event-transport-error-cause.spec.ts" time="0.131">
<system-out>
<![CDATA[[01:01:24] [1m[36m==== Reject the installed SDK's PATCH events request ====[0m

[01:01:24] [1m[36m==== Map the SDK envelope and preserve the existing text and stack diagnostics ====[0m


[[ATTACHMENT|event-transport-error-caus-0835e-s-through-SDK-error-mapping-api-repeat2/test-finished-1.png]]

[[ATTACHMENT|event-transport-error-caus-0835e-s-through-SDK-error-mapping-api-repeat2/trace.zip]]
]]>
</system-out>
</testcase>
<testcase name="DW-53 SDK transport-error compatibility › [P2] DW53-API-003 DELETE retains stack diagnostics through SDK error mapping" classname="api/event-transport-error-cause.spec.ts" time="0.098">
<system-out>
<![CDATA[[01:01:23] [1m[36m==== Reject the installed SDK's DELETE events request ====[0m

[01:01:23] [1m[36m==== Map the SDK envelope and preserve the existing text and stack diagnostics ====[0m


[[ATTACHMENT|event-transport-error-caus-53176-s-through-SDK-error-mapping-api-repeat2/test-finished-1.png]]

[[ATTACHMENT|event-transport-error-caus-53176-s-through-SDK-error-mapping-api-repeat2/trace.zip]]
]]>
</system-out>
</testcase>
</testsuite>
</testsuites>