{"/home/sallvain/dev/personal/My-Love/src/App.tsx": {"path":"/home/sallvain/dev/personal/My-Love/src/App.tsx","statementMap":{"0":{"start":{"line":19,"column":33},"end":{"line":19,"column":null}},"1":{"start":{"line":20,"column":30},"end":{"line":20,"column":null}},"2":{"start":{"line":23,"column":67},"end":{"line":23,"column":null}},"3":{"start":{"line":24,"column":8},"end":{"line":24,"column":null}},"4":{"start":{"line":27,"column":28},"end":{"line":46,"column":null}},"5":{"start":{"line":28,"column":24},"end":{"line":28,"column":null}},"6":{"start":{"line":31,"column":4},"end":{"line":33,"column":null}},"7":{"start":{"line":32,"column":6},"end":{"line":32,"column":null}},"8":{"start":{"line":36,"column":21},"end":{"line":36,"column":null}},"9":{"start":{"line":37,"column":4},"end":{"line":40,"column":null}},"10":{"start":{"line":39,"column":6},"end":{"line":39,"column":null}},"11":{"start":{"line":42,"column":16},"end":{"line":42,"column":null}},"12":{"start":{"line":43,"column":30},"end":{"line":43,"column":null}},"13":{"start":{"line":45,"column":4},"end":{"line":45,"column":null}},"14":{"start":{"line":48,"column":34},"end":{"line":48,"column":null}},"15":{"start":{"line":49,"column":32},"end":{"line":49,"column":null}},"16":{"start":{"line":50,"column":48},"end":{"line":50,"column":null}},"17":{"start":{"line":53,"column":2},"end":{"line":79,"column":null}},"18":{"start":{"line":55,"column":4},"end":{"line":58,"column":null}},"19":{"start":{"line":56,"column":6},"end":{"line":56,"column":null}},"20":{"start":{"line":57,"column":6},"end":{"line":57,"column":null}},"21":{"start":{"line":61,"column":24},"end":{"line":61,"column":null}},"22":{"start":{"line":63,"column":6},"end":{"line":63,"column":null}},"23":{"start":{"line":64,"column":4},"end":{"line":64,"column":null}},"24":{"start":{"line":67,"column":27},"end":{"line":72,"column":null}},"25":{"start":{"line":68,"column":23},"end":{"line":68,"column":null}},"26":{"start":{"line":69,"column":19},"end":{"line":69,"column":null}},"27":{"start":{"line":70,"column":6},"end":{"line":70,"column":null}},"28":{"start":{"line":71,"column":6},"end":{"line":71,"column":null}},"29":{"start":{"line":74,"column":4},"end":{"line":74,"column":null}},"30":{"start":{"line":76,"column":4},"end":{"line":78,"column":null}},"31":{"start":{"line":77,"column":6},"end":{"line":77,"column":null}},"32":{"start":{"line":81,"column":2},"end":{"line":121,"column":null}},"33":{"start":{"line":83,"column":4},"end":{"line":119,"column":null}},"34":{"start":{"line":84,"column":6},"end":{"line":84,"column":null}},"35":{"start":{"line":87,"column":6},"end":{"line":118,"column":null}},"36":{"start":{"line":88,"column":8},"end":{"line":102,"column":null}},"37":{"start":{"line":89,"column":34},"end":{"line":89,"column":null}},"38":{"start":{"line":90,"column":10},"end":{"line":96,"column":null}},"39":{"start":{"line":91,"column":12},"end":{"line":95,"column":null}},"40":{"start":{"line":97,"column":10},"end":{"line":99,"column":null}},"41":{"start":{"line":98,"column":12},"end":{"line":98,"column":null}},"42":{"start":{"line":101,"column":10},"end":{"line":101,"column":null}},"43":{"start":{"line":106,"column":8},"end":{"line":111,"column":null}},"44":{"start":{"line":107,"column":10},"end":{"line":107,"column":null}},"45":{"start":{"line":109,"column":10},"end":{"line":109,"column":null}},"46":{"start":{"line":114,"column":8},"end":{"line":114,"column":null}},"47":{"start":{"line":117,"column":8},"end":{"line":117,"column":null}},"48":{"start":{"line":124,"column":2},"end":{"line":128,"column":null}},"49":{"start":{"line":125,"column":4},"end":{"line":127,"column":null}},"50":{"start":{"line":126,"column":6},"end":{"line":126,"column":null}},"51":{"start":{"line":130,"column":2},"end":{"line":139,"column":null}},"52":{"start":{"line":131,"column":4},"end":{"line":137,"column":null}},"53":{"start":{"line":142,"column":25},"end":{"line":146,"column":null}},"54":{"start":{"line":144,"column":4},"end":{"line":144,"column":null}},"55":{"start":{"line":145,"column":4},"end":{"line":145,"column":null}},"56":{"start":{"line":149,"column":30},"end":{"line":151,"column":null}},"57":{"start":{"line":150,"column":4},"end":{"line":150,"column":null}},"58":{"start":{"line":154,"column":26},"end":{"line":158,"column":null}},"59":{"start":{"line":155,"column":4},"end":{"line":155,"column":null}},"60":{"start":{"line":157,"column":4},"end":{"line":157,"column":null}},"61":{"start":{"line":161,"column":2},"end":{"line":167,"column":null}},"62":{"start":{"line":162,"column":4},"end":{"line":165,"column":null}},"63":{"start":{"line":170,"column":2},"end":{"line":176,"column":null}},"64":{"start":{"line":171,"column":4},"end":{"line":174,"column":null}},"65":{"start":{"line":179,"column":2},"end":{"line":205,"column":null}},"66":{"start":{"line":191,"column":45},"end":{"line":191,"column":73}},"67":{"start":{"line":200,"column":63},"end":{"line":200,"column":92}}},"fnMap":{"0":{"name":"App","decl":{"start":{"line":22,"column":9},"end":{"line":22,"column":15}},"loc":{"start":{"line":22,"column":15},"end":{"line":207,"column":null}},"line":22},"1":{"name":"(anonymous_1)","decl":{"start":{"line":27,"column":28},"end":{"line":27,"column":43}},"loc":{"start":{"line":27,"column":43},"end":{"line":46,"column":null}},"line":27},"2":{"name":"(anonymous_2)","decl":{"start":{"line":53,"column":12},"end":{"line":53,"column":18}},"loc":{"start":{"line":53,"column":18},"end":{"line":79,"column":5}},"line":53},"3":{"name":"(anonymous_3)","decl":{"start":{"line":67,"column":27},"end":{"line":67,"column":33}},"loc":{"start":{"line":67,"column":33},"end":{"line":72,"column":null}},"line":67},"4":{"name":"(anonymous_4)","decl":{"start":{"line":76,"column":11},"end":{"line":76,"column":17}},"loc":{"start":{"line":76,"column":17},"end":{"line":78,"column":null}},"line":76},"5":{"name":"(anonymous_5)","decl":{"start":{"line":81,"column":12},"end":{"line":81,"column":18}},"loc":{"start":{"line":81,"column":18},"end":{"line":121,"column":5}},"line":81},"6":{"name":"(anonymous_6)","decl":{"start":{"line":87,"column":7},"end":{"line":87,"column":19}},"loc":{"start":{"line":87,"column":19},"end":{"line":118,"column":9}},"line":87},"7":{"name":"(anonymous_7)","decl":{"start":{"line":124,"column":12},"end":{"line":124,"column":18}},"loc":{"start":{"line":124,"column":18},"end":{"line":128,"column":5}},"line":124},"8":{"name":"(anonymous_8)","decl":{"start":{"line":142,"column":25},"end":{"line":142,"column":31}},"loc":{"start":{"line":142,"column":31},"end":{"line":146,"column":null}},"line":142},"9":{"name":"(anonymous_9)","decl":{"start":{"line":149,"column":30},"end":{"line":149,"column":36}},"loc":{"start":{"line":149,"column":36},"end":{"line":151,"column":null}},"line":149},"10":{"name":"(anonymous_10)","decl":{"start":{"line":154,"column":26},"end":{"line":154,"column":32}},"loc":{"start":{"line":154,"column":32},"end":{"line":158,"column":null}},"line":154},"11":{"name":"(anonymous_11)","decl":{"start":{"line":191,"column":39},"end":{"line":191,"column":45}},"loc":{"start":{"line":191,"column":45},"end":{"line":191,"column":73}},"line":191},"12":{"name":"(anonymous_12)","decl":{"start":{"line":200,"column":57},"end":{"line":200,"column":63}},"loc":{"start":{"line":200,"column":63},"end":{"line":200,"column":92}},"line":200}},"branchMap":{"0":{"loc":{"start":{"line":31,"column":4},"end":{"line":33,"column":null}},"type":"if","locations":[{"start":{"line":31,"column":4},"end":{"line":33,"column":null}},{"start":{},"end":{}}],"line":31},"1":{"loc":{"start":{"line":37,"column":4},"end":{"line":40,"column":null}},"type":"if","locations":[{"start":{"line":37,"column":4},"end":{"line":40,"column":null}},{"start":{},"end":{}}],"line":37},"2":{"loc":{"start":{"line":55,"column":4},"end":{"line":58,"column":null}},"type":"if","locations":[{"start":{"line":55,"column":4},"end":{"line":58,"column":null}},{"start":{},"end":{}}],"line":55},"3":{"loc":{"start":{"line":63,"column":6},"end":{"line":63,"column":null}},"type":"cond-expr","locations":[{"start":{"line":63,"column":34},"end":{"line":63,"column":45}},{"start":{"line":63,"column":45},"end":{"line":63,"column":null}}],"line":63},"4":{"loc":{"start":{"line":63,"column":45},"end":{"line":63,"column":null}},"type":"cond-expr","locations":[{"start":{"line":63,"column":71},"end":{"line":63,"column":80}},{"start":{"line":63,"column":80},"end":{"line":63,"column":null}}],"line":63},"5":{"loc":{"start":{"line":69,"column":19},"end":{"line":69,"column":null}},"type":"cond-expr","locations":[{"start":{"line":69,"column":44},"end":{"line":69,"column":55}},{"start":{"line":69,"column":55},"end":{"line":69,"column":null}}],"line":69},"6":{"loc":{"start":{"line":69,"column":55},"end":{"line":69,"column":null}},"type":"cond-expr","locations":[{"start":{"line":69,"column":78},"end":{"line":69,"column":87}},{"start":{"line":69,"column":87},"end":{"line":69,"column":null}}],"line":69},"7":{"loc":{"start":{"line":83,"column":4},"end":{"line":119,"column":null}},"type":"if","locations":[{"start":{"line":83,"column":4},"end":{"line":119,"column":null}},{"start":{},"end":{}}],"line":83},"8":{"loc":{"start":{"line":90,"column":10},"end":{"line":96,"column":null}},"type":"if","locations":[{"start":{"line":90,"column":10},"end":{"line":96,"column":null}},{"start":{},"end":{}}],"line":90},"9":{"loc":{"start":{"line":97,"column":10},"end":{"line":99,"column":null}},"type":"if","locations":[{"start":{"line":97,"column":10},"end":{"line":99,"column":null}},{"start":{},"end":{}}],"line":97},"10":{"loc":{"start":{"line":125,"column":4},"end":{"line":127,"column":null}},"type":"if","locations":[{"start":{"line":125,"column":4},"end":{"line":127,"column":null}},{"start":{},"end":{}}],"line":125},"11":{"loc":{"start":{"line":130,"column":2},"end":{"line":139,"column":null}},"type":"if","locations":[{"start":{"line":130,"column":2},"end":{"line":139,"column":null}},{"start":{},"end":{}}],"line":130},"12":{"loc":{"start":{"line":161,"column":2},"end":{"line":167,"column":null}},"type":"if","locations":[{"start":{"line":161,"column":2},"end":{"line":167,"column":null}},{"start":{},"end":{}}],"line":161},"13":{"loc":{"start":{"line":170,"column":2},"end":{"line":176,"column":null}},"type":"if","locations":[{"start":{"line":170,"column":2},"end":{"line":176,"column":null}},{"start":{},"end":{}}],"line":170},"14":{"loc":{"start":{"line":188,"column":9},"end":{"line":188,"column":null}},"type":"binary-expr","locations":[{"start":{"line":188,"column":9},"end":{"line":188,"column":35}},{"start":{"line":188,"column":35},"end":{"line":188,"column":null}}],"line":188},"15":{"loc":{"start":{"line":190,"column":9},"end":{"line":191,"column":null}},"type":"binary-expr","locations":[{"start":{"line":190,"column":9},"end":{"line":190,"column":null}},{"start":{"line":191,"column":10},"end":{"line":191,"column":null}}],"line":190},"16":{"loc":{"start":{"line":194,"column":9},"end":{"line":194,"column":null}},"type":"binary-expr","locations":[{"start":{"line":194,"column":9},"end":{"line":194,"column":35}},{"start":{"line":194,"column":35},"end":{"line":194,"column":null}}],"line":194}},"s":{"0":0,"1":0,"2":0,"3":0,"4":0,"5":0,"6":0,"7":0,"8":0,"9":0,"10":0,"11":0,"12":0,"13":0,"14":0,"15":0,"16":0,"17":0,"18":0,"19":0,"20":0,"21":0,"22":0,"23":0,"24":0,"25":0,"26":0,"27":0,"28":0,"29":0,"30":0,"31":0,"32":0,"33":0,"34":0,"35":0,"36":0,"37":0,"38":0,"39":0,"40":0,"41":0,"42":0,"43":0,"44":0,"45":0,"46":0,"47":0,"48":0,"49":0,"50":0,"51":0,"52":0,"53":0,"54":0,"55":0,"56":0,"57":0,"58":0,"59":0,"60":0,"61":0,"62":0,"63":0,"64":0,"65":0,"66":0,"67":0},"f":{"0":0,"1":0,"2":0,"3":0,"4":0,"5":0,"6":0,"7":0,"8":0,"9":0,"10":0,"11":0,"12":0},"b":{"0":[0,0],"1":[0,0],"2":[0,0],"3":[0,0],"4":[0,0],"5":[0,0],"6":[0,0],"7":[0,0],"8":[0,0],"9":[0,0],"10":[0,0],"11":[0,0],"12":[0,0],"13":[0,0],"14":[0,0],"15":[0,0],"16":[0,0]},"meta":{"lastBranch":17,"lastFunction":13,"lastStatement":68,"seen":{"s:19:33:19:Infinity":0,"s:20:30:20:Infinity":1,"f:22:9:22:15":0,"s:23:67:23:Infinity":2,"s:24:8:24:Infinity":3,"s:27:28:46:Infinity":4,"f:27:28:27:43":1,"s:28:24:28:Infinity":5,"b:31:4:33:Infinity:undefined:undefined:undefined:undefined":0,"s:31:4:33:Infinity":6,"s:32:6:32:Infinity":7,"s:36:21:36:Infinity":8,"b:37:4:40:Infinity:undefined:undefined:undefined:undefined":1,"s:37:4:40:Infinity":9,"s:39:6:39:Infinity":10,"s:42:16:42:Infinity":11,"s:43:30:43:Infinity":12,"s:45:4:45:Infinity":13,"s:48:34:48:Infinity":14,"s:49:32:49:Infinity":15,"s:50:48:50:Infinity":16,"s:53:2:79:Infinity":17,"f:53:12:53:18":2,"b:55:4:58:Infinity:undefined:undefined:undefined:undefined":2,"s:55:4:58:Infinity":18,"s:56:6:56:Infinity":19,"s:57:6:57:Infinity":20,"s:61:24:61:Infinity":21,"s:63:6:63:Infinity":22,"b:63:34:63:45:63:45:63:Infinity":3,"b:63:71:63:80:63:80:63:Infinity":4,"s:64:4:64:Infinity":23,"s:67:27:72:Infinity":24,"f:67:27:67:33":3,"s:68:23:68:Infinity":25,"s:69:19:69:Infinity":26,"b:69:44:69:55:69:55:69:Infinity":5,"b:69:78:69:87:69:87:69:Infinity":6,"s:70:6:70:Infinity":27,"s:71:6:71:Infinity":28,"s:74:4:74:Infinity":29,"s:76:4:78:Infinity":30,"f:76:11:76:17":4,"s:77:6:77:Infinity":31,"s:81:2:121:Infinity":32,"f:81:12:81:18":5,"b:83:4:119:Infinity:undefined:undefined:undefined:undefined":7,"s:83:4:119:Infinity":33,"s:84:6:84:Infinity":34,"s:87:6:118:Infinity":35,"f:87:7:87:19":6,"s:88:8:102:Infinity":36,"s:89:34:89:Infinity":37,"b:90:10:96:Infinity:undefined:undefined:undefined:undefined":8,"s:90:10:96:Infinity":38,"s:91:12:95:Infinity":39,"b:97:10:99:Infinity:undefined:undefined:undefined:undefined":9,"s:97:10:99:Infinity":40,"s:98:12:98:Infinity":41,"s:101:10:101:Infinity":42,"s:106:8:111:Infinity":43,"s:107:10:107:Infinity":44,"s:109:10:109:Infinity":45,"s:114:8:114:Infinity":46,"s:117:8:117:Infinity":47,"s:124:2:128:Infinity":48,"f:124:12:124:18":7,"b:125:4:127:Infinity:undefined:undefined:undefined:undefined":10,"s:125:4:127:Infinity":49,"s:126:6:126:Infinity":50,"b:130:2:139:Infinity:undefined:undefined:undefined:undefined":11,"s:130:2:139:Infinity":51,"s:131:4:137:Infinity":52,"s:142:25:146:Infinity":53,"f:142:25:142:31":8,"s:144:4:144:Infinity":54,"s:145:4:145:Infinity":55,"s:149:30:151:Infinity":56,"f:149:30:149:36":9,"s:150:4:150:Infinity":57,"s:154:26:158:Infinity":58,"f:154:26:154:32":10,"s:155:4:155:Infinity":59,"s:157:4:157:Infinity":60,"b:161:2:167:Infinity:undefined:undefined:undefined:undefined":12,"s:161:2:167:Infinity":61,"s:162:4:165:Infinity":62,"b:170:2:176:Infinity:undefined:undefined:undefined:undefined":13,"s:170:2:176:Infinity":63,"s:171:4:174:Infinity":64,"s:179:2:205:Infinity":65,"b:188:9:188:35:188:35:188:Infinity":14,"b:190:9:190:Infinity:191:10:191:Infinity":15,"f:191:39:191:45":11,"s:191:45:191:73":66,"b:194:9:194:35:194:35:194:Infinity":16,"f:200:57:200:63":12,"s:200:63:200:92":67}}}
,"/home/sallvain/dev/personal/My-Love/src/api/errorHandlers.ts": {"path":"/home/sallvain/dev/personal/My-Love/src/api/errorHandlers.ts","statementMap":{"0":{"start":{"line":29,"column":4},"end":{"line":29,"column":null}},"1":{"start":{"line":30,"column":4},"end":{"line":30,"column":null}},"2":{"start":{"line":31,"column":4},"end":{"line":31,"column":null}},"3":{"start":{"line":32,"column":4},"end":{"line":32,"column":null}},"4":{"start":{"line":33,"column":4},"end":{"line":33,"column":null}},"5":{"start":{"line":34,"column":4},"end":{"line":34,"column":null}},"6":{"start":{"line":44,"column":24},"end":{"line":46,"column":null}},"7":{"start":{"line":45,"column":2},"end":{"line":45,"column":null}},"8":{"start":{"line":55,"column":35},"end":{"line":82,"column":null}},"9":{"start":{"line":59,"column":24},"end":{"line":59,"column":null}},"10":{"start":{"line":62,"column":48},"end":{"line":70,"column":null}},"11":{"start":{"line":73,"column":4},"end":{"line":73,"column":null}},"12":{"start":{"line":75,"column":2},"end":{"line":81,"column":null}},"13":{"start":{"line":91,"column":34},"end":{"line":106,"column":null}},"14":{"start":{"line":95,"column":24},"end":{"line":95,"column":null}},"15":{"start":{"line":97,"column":4},"end":{"line":97,"column":null}},"16":{"start":{"line":99,"column":2},"end":{"line":105,"column":null}},"17":{"start":{"line":114,"column":32},"end":{"line":122,"column":null}},"18":{"start":{"line":115,"column":2},"end":{"line":120,"column":null}},"19":{"start":{"line":130,"column":38},"end":{"line":134,"column":null}},"20":{"start":{"line":133,"column":2},"end":{"line":133,"column":null}},"21":{"start":{"line":142,"column":32},"end":{"line":161,"column":null}},"22":{"start":{"line":143,"column":2},"end":{"line":160,"column":null}},"23":{"start":{"line":144,"column":4},"end":{"line":149,"column":null}},"24":{"start":{"line":150,"column":2},"end":{"line":160,"column":null}},"25":{"start":{"line":151,"column":4},"end":{"line":155,"column":null}},"26":{"start":{"line":156,"column":2},"end":{"line":160,"column":null}},"27":{"start":{"line":157,"column":4},"end":{"line":157,"column":null}},"28":{"start":{"line":159,"column":4},"end":{"line":159,"column":null}},"29":{"start":{"line":177,"column":49},"end":{"line":182,"column":null}},"30":{"start":{"line":192,"column":32},"end":{"line":225,"column":null}},"31":{"start":{"line":197,"column":14},"end":{"line":197,"column":null}},"32":{"start":{"line":199,"column":2},"end":{"line":222,"column":null}},"33":{"start":{"line":199,"column":21},"end":{"line":199,"column":24}},"34":{"start":{"line":200,"column":4},"end":{"line":221,"column":null}},"35":{"start":{"line":201,"column":6},"end":{"line":201,"column":null}},"36":{"start":{"line":203,"column":6},"end":{"line":204,"column":null}},"37":{"start":{"line":207,"column":6},"end":{"line":209,"column":null}},"38":{"start":{"line":208,"column":8},"end":{"line":208,"column":null}},"39":{"start":{"line":212,"column":6},"end":{"line":214,"column":null}},"40":{"start":{"line":217,"column":6},"end":{"line":217,"column":null}},"41":{"start":{"line":217,"column":37},"end":{"line":217,"column":63}},"42":{"start":{"line":220,"column":6},"end":{"line":220,"column":null}},"43":{"start":{"line":224,"column":2},"end":{"line":224,"column":null}},"44":{"start":{"line":233,"column":36},"end":{"line":235,"column":null}},"45":{"start":{"line":234,"column":2},"end":{"line":234,"column":null}}},"fnMap":{"0":{"name":"(anonymous_0)","decl":{"start":{"line":22,"column":2},"end":{"line":22,"column":null}},"loc":{"start":{"line":28,"column":4},"end":{"line":35,"column":null}},"line":28},"1":{"name":"(anonymous_1)","decl":{"start":{"line":44,"column":24},"end":{"line":44,"column":39}},"loc":{"start":{"line":44,"column":39},"end":{"line":46,"column":null}},"line":44},"2":{"name":"(anonymous_2)","decl":{"start":{"line":55,"column":35},"end":{"line":55,"column":null}},"loc":{"start":{"line":58,"column":27},"end":{"line":82,"column":null}},"line":58},"3":{"name":"(anonymous_3)","decl":{"start":{"line":91,"column":34},"end":{"line":91,"column":null}},"loc":{"start":{"line":94,"column":27},"end":{"line":106,"column":null}},"line":94},"4":{"name":"(anonymous_4)","decl":{"start":{"line":114,"column":32},"end":{"line":114,"column":33}},"loc":{"start":{"line":114,"column":77},"end":{"line":122,"column":null}},"line":114},"5":{"name":"(anonymous_5)","decl":{"start":{"line":130,"column":38},"end":{"line":130,"column":null}},"loc":{"start":{"line":132,"column":36},"end":{"line":134,"column":null}},"line":132},"6":{"name":"(anonymous_6)","decl":{"start":{"line":142,"column":32},"end":{"line":142,"column":33}},"loc":{"start":{"line":142,"column":75},"end":{"line":161,"column":null}},"line":142},"7":{"name":"(anonymous_7)","decl":{"start":{"line":192,"column":32},"end":{"line":192,"column":null}},"loc":{"start":{"line":195,"column":17},"end":{"line":225,"column":null}},"line":195},"8":{"name":"(anonymous_8)","decl":{"start":{"line":217,"column":24},"end":{"line":217,"column":25}},"loc":{"start":{"line":217,"column":37},"end":{"line":217,"column":63}},"line":217},"9":{"name":"(anonymous_9)","decl":{"start":{"line":233,"column":36},"end":{"line":233,"column":37}},"loc":{"start":{"line":233,"column":67},"end":{"line":235,"column":null}},"line":233}},"branchMap":{"0":{"loc":{"start":{"line":27,"column":4},"end":{"line":27,"column":null}},"type":"default-arg","locations":[{"start":{"line":27,"column":30},"end":{"line":27,"column":null}}],"line":27},"1":{"loc":{"start":{"line":59,"column":24},"end":{"line":59,"column":null}},"type":"cond-expr","locations":[{"start":{"line":59,"column":34},"end":{"line":59,"column":52}},{"start":{"line":59,"column":52},"end":{"line":59,"column":null}}],"line":59},"2":{"loc":{"start":{"line":73,"column":4},"end":{"line":73,"column":null}},"type":"binary-expr","locations":[{"start":{"line":73,"column":4},"end":{"line":73,"column":33}},{"start":{"line":73,"column":33},"end":{"line":73,"column":null}}],"line":73},"3":{"loc":{"start":{"line":95,"column":24},"end":{"line":95,"column":null}},"type":"cond-expr","locations":[{"start":{"line":95,"column":34},"end":{"line":95,"column":52}},{"start":{"line":95,"column":52},"end":{"line":95,"column":null}}],"line":95},"4":{"loc":{"start":{"line":97,"column":4},"end":{"line":97,"column":null}},"type":"cond-expr","locations":[{"start":{"line":97,"column":29},"end":{"line":97,"column":45}},{"start":{"line":97,"column":45},"end":{"line":97,"column":null}}],"line":97},"5":{"loc":{"start":{"line":116,"column":4},"end":{"line":120,"column":null}},"type":"binary-expr","locations":[{"start":{"line":116,"column":4},"end":{"line":116,"column":null}},{"start":{"line":117,"column":4},"end":{"line":117,"column":null}},{"start":{"line":118,"column":4},"end":{"line":118,"column":null}},{"start":{"line":119,"column":4},"end":{"line":119,"column":null}},{"start":{"line":120,"column":4},"end":{"line":120,"column":null}}],"line":116},"6":{"loc":{"start":{"line":143,"column":2},"end":{"line":160,"column":null}},"type":"if","locations":[{"start":{"line":143,"column":2},"end":{"line":160,"column":null}},{"start":{"line":150,"column":2},"end":{"line":160,"column":null}}],"line":143},"7":{"loc":{"start":{"line":150,"column":2},"end":{"line":160,"column":null}},"type":"if","locations":[{"start":{"line":150,"column":2},"end":{"line":160,"column":null}},{"start":{"line":156,"column":2},"end":{"line":160,"column":null}}],"line":150},"8":{"loc":{"start":{"line":156,"column":2},"end":{"line":160,"column":null}},"type":"if","locations":[{"start":{"line":156,"column":2},"end":{"line":160,"column":null}},{"start":{"line":158,"column":9},"end":{"line":160,"column":null}}],"line":156},"9":{"loc":{"start":{"line":194,"column":2},"end":{"line":194,"column":null}},"type":"default-arg","locations":[{"start":{"line":194,"column":24},"end":{"line":194,"column":null}}],"line":194},"10":{"loc":{"start":{"line":204,"column":8},"end":{"line":204,"column":null}},"type":"cond-expr","locations":[{"start":{"line":204,"column":33},"end":{"line":204,"column":41}},{"start":{"line":204,"column":41},"end":{"line":204,"column":null}}],"line":204},"11":{"loc":{"start":{"line":207,"column":6},"end":{"line":209,"column":null}},"type":"if","locations":[{"start":{"line":207,"column":6},"end":{"line":209,"column":null}},{"start":{},"end":{}}],"line":207},"12":{"loc":{"start":{"line":224,"column":8},"end":{"line":224,"column":null}},"type":"binary-expr","locations":[{"start":{"line":224,"column":8},"end":{"line":224,"column":21}},{"start":{"line":224,"column":21},"end":{"line":224,"column":null}}],"line":224}},"s":{"0":0,"1":0,"2":0,"3":0,"4":0,"5":0,"6":0,"7":0,"8":0,"9":0,"10":0,"11":0,"12":0,"13":0,"14":0,"15":0,"16":0,"17":0,"18":0,"19":0,"20":0,"21":0,"22":0,"23":0,"24":0,"25":0,"26":0,"27":0,"28":0,"29":0,"30":0,"31":0,"32":0,"33":0,"34":0,"35":0,"36":0,"37":0,"38":0,"39":0,"40":0,"41":0,"42":0,"43":0,"44":0,"45":0},"f":{"0":0,"1":0,"2":0,"3":0,"4":0,"5":0,"6":0,"7":0,"8":0,"9":0},"b":{"0":[0],"1":[0,0],"2":[0,0],"3":[0,0],"4":[0,0],"5":[0,0,0,0,0],"6":[0,0],"7":[0,0],"8":[0,0],"9":[0],"10":[0,0],"11":[0,0],"12":[0,0]},"meta":{"lastBranch":13,"lastFunction":10,"lastStatement":46,"seen":{"f:22:2:22:Infinity":0,"b:27:30:27:Infinity":0,"s:29:4:29:Infinity":0,"s:30:4:30:Infinity":1,"s:31:4:31:Infinity":2,"s:32:4:32:Infinity":3,"s:33:4:33:Infinity":4,"s:34:4:34:Infinity":5,"s:44:24:46:Infinity":6,"f:44:24:44:39":1,"s:45:2:45:Infinity":7,"s:55:35:82:Infinity":8,"f:55:35:55:Infinity":2,"s:59:24:59:Infinity":9,"b:59:34:59:52:59:52:59:Infinity":1,"s:62:48:70:Infinity":10,"s:73:4:73:Infinity":11,"b:73:4:73:33:73:33:73:Infinity":2,"s:75:2:81:Infinity":12,"s:91:34:106:Infinity":13,"f:91:34:91:Infinity":3,"s:95:24:95:Infinity":14,"b:95:34:95:52:95:52:95:Infinity":3,"s:97:4:97:Infinity":15,"b:97:29:97:45:97:45:97:Infinity":4,"s:99:2:105:Infinity":16,"s:114:32:122:Infinity":17,"f:114:32:114:33":4,"s:115:2:120:Infinity":18,"b:116:4:116:Infinity:117:4:117:Infinity:118:4:118:Infinity:119:4:119:Infinity:120:4:120:Infinity":5,"s:130:38:134:Infinity":19,"f:130:38:130:Infinity":5,"s:133:2:133:Infinity":20,"s:142:32:161:Infinity":21,"f:142:32:142:33":6,"b:143:2:160:Infinity:150:2:160:Infinity":6,"s:143:2:160:Infinity":22,"s:144:4:149:Infinity":23,"b:150:2:160:Infinity:156:2:160:Infinity":7,"s:150:2:160:Infinity":24,"s:151:4:155:Infinity":25,"b:156:2:160:Infinity:158:9:160:Infinity":8,"s:156:2:160:Infinity":26,"s:157:4:157:Infinity":27,"s:159:4:159:Infinity":28,"s:177:49:182:Infinity":29,"s:192:32:225:Infinity":30,"f:192:32:192:Infinity":7,"b:194:24:194:Infinity":9,"s:197:14:197:Infinity":31,"s:199:2:222:Infinity":32,"s:199:21:199:24":33,"s:200:4:221:Infinity":34,"s:201:6:201:Infinity":35,"s:203:6:204:Infinity":36,"b:204:33:204:41:204:41:204:Infinity":10,"b:207:6:209:Infinity:undefined:undefined:undefined:undefined":11,"s:207:6:209:Infinity":37,"s:208:8:208:Infinity":38,"s:212:6:214:Infinity":39,"s:217:6:217:Infinity":40,"f:217:24:217:25":8,"s:217:37:217:63":41,"s:220:6:220:Infinity":42,"s:224:2:224:Infinity":43,"b:224:8:224:21:224:21:224:Infinity":12,"s:233:36:235:Infinity":44,"f:233:36:233:37":9,"s:234:2:234:Infinity":45}}}
,"/home/sallvain/dev/personal/My-Love/src/api/interactionService.ts": {"path":"/home/sallvain/dev/personal/My-Love/src/api/interactionService.ts","statementMap":{"0":{"start":{"line":61,"column":52},"end":{"line":61,"column":null}},"1":{"start":{"line":81,"column":4},"end":{"line":81,"column":null}},"2":{"start":{"line":102,"column":4},"end":{"line":102,"column":null}},"3":{"start":{"line":118,"column":4},"end":{"line":123,"column":null}},"4":{"start":{"line":119,"column":6},"end":{"line":122,"column":null}},"5":{"start":{"line":125,"column":4},"end":{"line":161,"column":null}},"6":{"start":{"line":126,"column":28},"end":{"line":126,"column":null}},"7":{"start":{"line":129,"column":51},"end":{"line":134,"column":null}},"8":{"start":{"line":137,"column":30},"end":{"line":141,"column":null}},"9":{"start":{"line":143,"column":6},"end":{"line":145,"column":null}},"10":{"start":{"line":144,"column":8},"end":{"line":144,"column":null}},"11":{"start":{"line":147,"column":6},"end":{"line":149,"column":null}},"12":{"start":{"line":148,"column":8},"end":{"line":148,"column":null}},"13":{"start":{"line":151,"column":6},"end":{"line":151,"column":null}},"14":{"start":{"line":152,"column":6},"end":{"line":152,"column":null}},"15":{"start":{"line":154,"column":6},"end":{"line":154,"column":null}},"16":{"start":{"line":156,"column":6},"end":{"line":158,"column":null}},"17":{"start":{"line":157,"column":8},"end":{"line":157,"column":null}},"18":{"start":{"line":160,"column":6},"end":{"line":160,"column":null}},"19":{"start":{"line":187,"column":26},"end":{"line":187,"column":null}},"20":{"start":{"line":190,"column":4},"end":{"line":210,"column":null}},"21":{"start":{"line":201,"column":10},"end":{"line":204,"column":null}},"22":{"start":{"line":205,"column":10},"end":{"line":205,"column":null}},"23":{"start":{"line":209,"column":8},"end":{"line":209,"column":null}},"24":{"start":{"line":213,"column":4},"end":{"line":219,"column":null}},"25":{"start":{"line":214,"column":6},"end":{"line":218,"column":null}},"26":{"start":{"line":215,"column":8},"end":{"line":215,"column":null}},"27":{"start":{"line":216,"column":8},"end":{"line":216,"column":null}},"28":{"start":{"line":217,"column":8},"end":{"line":217,"column":null}},"29":{"start":{"line":242,"column":4},"end":{"line":282,"column":null}},"30":{"start":{"line":243,"column":28},"end":{"line":243,"column":null}},"31":{"start":{"line":246,"column":30},"end":{"line":251,"column":null}},"32":{"start":{"line":253,"column":6},"end":{"line":255,"column":null}},"33":{"start":{"line":254,"column":8},"end":{"line":254,"column":null}},"34":{"start":{"line":258,"column":6},"end":{"line":266,"column":null}},"35":{"start":{"line":259,"column":75},"end":{"line":266,"column":10}},"36":{"start":{"line":269,"column":6},"end":{"line":269,"column":null}},"37":{"start":{"line":271,"column":6},"end":{"line":276,"column":null}},"38":{"start":{"line":272,"column":8},"end":{"line":275,"column":null}},"39":{"start":{"line":278,"column":6},"end":{"line":281,"column":null}},"40":{"start":{"line":299,"column":4},"end":{"line":337,"column":null}},"41":{"start":{"line":300,"column":28},"end":{"line":300,"column":null}},"42":{"start":{"line":302,"column":30},"end":{"line":307,"column":null}},"43":{"start":{"line":309,"column":6},"end":{"line":311,"column":null}},"44":{"start":{"line":310,"column":8},"end":{"line":310,"column":null}},"45":{"start":{"line":313,"column":6},"end":{"line":321,"column":null}},"46":{"start":{"line":314,"column":75},"end":{"line":321,"column":10}},"47":{"start":{"line":324,"column":6},"end":{"line":324,"column":null}},"48":{"start":{"line":326,"column":6},"end":{"line":331,"column":null}},"49":{"start":{"line":327,"column":8},"end":{"line":330,"column":null}},"50":{"start":{"line":333,"column":6},"end":{"line":336,"column":null}},"51":{"start":{"line":351,"column":4},"end":{"line":370,"column":null}},"52":{"start":{"line":352,"column":24},"end":{"line":355,"column":null}},"53":{"start":{"line":357,"column":6},"end":{"line":359,"column":null}},"54":{"start":{"line":358,"column":8},"end":{"line":358,"column":null}},"55":{"start":{"line":361,"column":6},"end":{"line":361,"column":null}},"56":{"start":{"line":363,"column":6},"end":{"line":363,"column":null}},"57":{"start":{"line":365,"column":6},"end":{"line":367,"column":null}},"58":{"start":{"line":366,"column":8},"end":{"line":366,"column":null}},"59":{"start":{"line":369,"column":6},"end":{"line":369,"column":null}},"60":{"start":{"line":378,"column":34},"end":{"line":378,"column":null}}},"fnMap":{"0":{"name":"(anonymous_0)","decl":{"start":{"line":80,"column":8},"end":{"line":80,"column":17}},"loc":{"start":{"line":80,"column":72},"end":{"line":82,"column":null}},"line":80},"1":{"name":"(anonymous_1)","decl":{"start":{"line":101,"column":8},"end":{"line":101,"column":17}},"loc":{"start":{"line":101,"column":72},"end":{"line":103,"column":null}},"line":101},"2":{"name":"(anonymous_2)","decl":{"start":{"line":113,"column":16},"end":{"line":113,"column":null}},"loc":{"start":{"line":116,"column":40},"end":{"line":162,"column":null}},"line":116},"3":{"name":"(anonymous_3)","decl":{"start":{"line":184,"column":8},"end":{"line":184,"column":null}},"loc":{"start":{"line":186,"column":25},"end":{"line":220,"column":null}},"line":186},"4":{"name":"(anonymous_4)","decl":{"start":{"line":200,"column":8},"end":{"line":200,"column":9}},"loc":{"start":{"line":200,"column":21},"end":{"line":206,"column":null}},"line":200},"5":{"name":"(anonymous_5)","decl":{"start":{"line":208,"column":17},"end":{"line":208,"column":18}},"loc":{"start":{"line":208,"column":29},"end":{"line":210,"column":7}},"line":208},"6":{"name":"(anonymous_6)","decl":{"start":{"line":213,"column":11},"end":{"line":213,"column":17}},"loc":{"start":{"line":213,"column":17},"end":{"line":219,"column":null}},"line":213},"7":{"name":"(anonymous_7)","decl":{"start":{"line":238,"column":8},"end":{"line":238,"column":null}},"loc":{"start":{"line":241,"column":28},"end":{"line":283,"column":null}},"line":241},"8":{"name":"(anonymous_8)","decl":{"start":{"line":259,"column":62},"end":{"line":259,"column":63}},"loc":{"start":{"line":259,"column":75},"end":{"line":266,"column":10}},"line":259},"9":{"name":"(anonymous_9)","decl":{"start":{"line":298,"column":8},"end":{"line":298,"column":58}},"loc":{"start":{"line":298,"column":58},"end":{"line":338,"column":null}},"line":298},"10":{"name":"(anonymous_10)","decl":{"start":{"line":314,"column":62},"end":{"line":314,"column":63}},"loc":{"start":{"line":314,"column":75},"end":{"line":321,"column":10}},"line":314},"11":{"name":"(anonymous_11)","decl":{"start":{"line":350,"column":8},"end":{"line":350,"column":21}},"loc":{"start":{"line":350,"column":59},"end":{"line":371,"column":null}},"line":350}},"branchMap":{"0":{"loc":{"start":{"line":118,"column":4},"end":{"line":123,"column":null}},"type":"if","locations":[{"start":{"line":118,"column":4},"end":{"line":123,"column":null}},{"start":{},"end":{}}],"line":118},"1":{"loc":{"start":{"line":143,"column":6},"end":{"line":145,"column":null}},"type":"if","locations":[{"start":{"line":143,"column":6},"end":{"line":145,"column":null}},{"start":{},"end":{}}],"line":143},"2":{"loc":{"start":{"line":147,"column":6},"end":{"line":149,"column":null}},"type":"if","locations":[{"start":{"line":147,"column":6},"end":{"line":149,"column":null}},{"start":{},"end":{}}],"line":147},"3":{"loc":{"start":{"line":156,"column":6},"end":{"line":158,"column":null}},"type":"if","locations":[{"start":{"line":156,"column":6},"end":{"line":158,"column":null}},{"start":{},"end":{}}],"line":156},"4":{"loc":{"start":{"line":214,"column":6},"end":{"line":218,"column":null}},"type":"if","locations":[{"start":{"line":214,"column":6},"end":{"line":218,"column":null}},{"start":{},"end":{}}],"line":214},"5":{"loc":{"start":{"line":239,"column":4},"end":{"line":239,"column":null}},"type":"default-arg","locations":[{"start":{"line":239,"column":20},"end":{"line":239,"column":null}}],"line":239},"6":{"loc":{"start":{"line":240,"column":4},"end":{"line":240,"column":null}},"type":"default-arg","locations":[{"start":{"line":240,"column":21},"end":{"line":240,"column":null}}],"line":240},"7":{"loc":{"start":{"line":253,"column":6},"end":{"line":255,"column":null}},"type":"if","locations":[{"start":{"line":253,"column":6},"end":{"line":255,"column":null}},{"start":{},"end":{}}],"line":253},"8":{"loc":{"start":{"line":259,"column":9},"end":{"line":266,"column":null}},"type":"binary-expr","locations":[{"start":{"line":259,"column":9},"end":{"line":266,"column":15}},{"start":{"line":266,"column":15},"end":{"line":266,"column":null}}],"line":259},"9":{"loc":{"start":{"line":271,"column":6},"end":{"line":276,"column":null}},"type":"if","locations":[{"start":{"line":271,"column":6},"end":{"line":276,"column":null}},{"start":{},"end":{}}],"line":271},"10":{"loc":{"start":{"line":309,"column":6},"end":{"line":311,"column":null}},"type":"if","locations":[{"start":{"line":309,"column":6},"end":{"line":311,"column":null}},{"start":{},"end":{}}],"line":309},"11":{"loc":{"start":{"line":314,"column":9},"end":{"line":321,"column":null}},"type":"binary-expr","locations":[{"start":{"line":314,"column":9},"end":{"line":321,"column":15}},{"start":{"line":321,"column":15},"end":{"line":321,"column":null}}],"line":314},"12":{"loc":{"start":{"line":326,"column":6},"end":{"line":331,"column":null}},"type":"if","locations":[{"start":{"line":326,"column":6},"end":{"line":331,"column":null}},{"start":{},"end":{}}],"line":326},"13":{"loc":{"start":{"line":357,"column":6},"end":{"line":359,"column":null}},"type":"if","locations":[{"start":{"line":357,"column":6},"end":{"line":359,"column":null}},{"start":{},"end":{}}],"line":357},"14":{"loc":{"start":{"line":365,"column":6},"end":{"line":367,"column":null}},"type":"if","locations":[{"start":{"line":365,"column":6},"end":{"line":367,"column":null}},{"start":{},"end":{}}],"line":365}},"s":{"0":20,"1":4,"2":3,"3":7,"4":2,"5":5,"6":5,"7":5,"8":5,"9":5,"10":2,"11":3,"12":1,"13":2,"14":2,"15":3,"16":3,"17":0,"18":3,"19":3,"20":3,"21":1,"22":1,"23":0,"24":3,"25":2,"26":0,"27":0,"28":0,"29":4,"30":4,"31":4,"32":4,"33":1,"34":3,"35":2,"36":1,"37":1,"38":0,"39":1,"40":3,"41":3,"42":3,"43":3,"44":1,"45":2,"46":2,"47":1,"48":1,"49":0,"50":1,"51":2,"52":2,"53":2,"54":1,"55":1,"56":1,"57":1,"58":0,"59":1,"60":1},"f":{"0":4,"1":3,"2":7,"3":3,"4":1,"5":0,"6":2,"7":4,"8":2,"9":3,"10":2,"11":2},"b":{"0":[2,5],"1":[2,3],"2":[1,2],"3":[0,3],"4":[0,2],"5":[4],"6":[4],"7":[1,3],"8":[3,0],"9":[0,1],"10":[1,2],"11":[2,0],"12":[0,1],"13":[1,1],"14":[0,1]},"meta":{"lastBranch":15,"lastFunction":12,"lastStatement":61,"seen":{"s:61:52:61:Infinity":0,"f:80:8:80:17":0,"s:81:4:81:Infinity":1,"f:101:8:101:17":1,"s:102:4:102:Infinity":2,"f:113:16:113:Infinity":2,"b:118:4:123:Infinity:undefined:undefined:undefined:undefined":0,"s:118:4:123:Infinity":3,"s:119:6:122:Infinity":4,"s:125:4:161:Infinity":5,"s:126:28:126:Infinity":6,"s:129:51:134:Infinity":7,"s:137:30:141:Infinity":8,"b:143:6:145:Infinity:undefined:undefined:undefined:undefined":1,"s:143:6:145:Infinity":9,"s:144:8:144:Infinity":10,"b:147:6:149:Infinity:undefined:undefined:undefined:undefined":2,"s:147:6:149:Infinity":11,"s:148:8:148:Infinity":12,"s:151:6:151:Infinity":13,"s:152:6:152:Infinity":14,"s:154:6:154:Infinity":15,"b:156:6:158:Infinity:undefined:undefined:undefined:undefined":3,"s:156:6:158:Infinity":16,"s:157:8:157:Infinity":17,"s:160:6:160:Infinity":18,"f:184:8:184:Infinity":3,"s:187:26:187:Infinity":19,"s:190:4:210:Infinity":20,"f:200:8:200:9":4,"s:201:10:204:Infinity":21,"s:205:10:205:Infinity":22,"f:208:17:208:18":5,"s:209:8:209:Infinity":23,"s:213:4:219:Infinity":24,"f:213:11:213:17":6,"b:214:6:218:Infinity:undefined:undefined:undefined:undefined":4,"s:214:6:218:Infinity":25,"s:215:8:215:Infinity":26,"s:216:8:216:Infinity":27,"s:217:8:217:Infinity":28,"f:238:8:238:Infinity":7,"b:239:20:239:Infinity":5,"b:240:21:240:Infinity":6,"s:242:4:282:Infinity":29,"s:243:28:243:Infinity":30,"s:246:30:251:Infinity":31,"b:253:6:255:Infinity:undefined:undefined:undefined:undefined":7,"s:253:6:255:Infinity":32,"s:254:8:254:Infinity":33,"s:258:6:266:Infinity":34,"b:259:9:266:15:266:15:266:Infinity":8,"f:259:62:259:63":8,"s:259:75:266:10":35,"s:269:6:269:Infinity":36,"b:271:6:276:Infinity:undefined:undefined:undefined:undefined":9,"s:271:6:276:Infinity":37,"s:272:8:275:Infinity":38,"s:278:6:281:Infinity":39,"f:298:8:298:58":9,"s:299:4:337:Infinity":40,"s:300:28:300:Infinity":41,"s:302:30:307:Infinity":42,"b:309:6:311:Infinity:undefined:undefined:undefined:undefined":10,"s:309:6:311:Infinity":43,"s:310:8:310:Infinity":44,"s:313:6:321:Infinity":45,"b:314:9:321:15:321:15:321:Infinity":11,"f:314:62:314:63":10,"s:314:75:321:10":46,"s:324:6:324:Infinity":47,"b:326:6:331:Infinity:undefined:undefined:undefined:undefined":12,"s:326:6:331:Infinity":48,"s:327:8:330:Infinity":49,"s:333:6:336:Infinity":50,"f:350:8:350:21":11,"s:351:4:370:Infinity":51,"s:352:24:355:Infinity":52,"b:357:6:359:Infinity:undefined:undefined:undefined:undefined":13,"s:357:6:359:Infinity":53,"s:358:8:358:Infinity":54,"s:361:6:361:Infinity":55,"s:363:6:363:Infinity":56,"b:365:6:367:Infinity:undefined:undefined:undefined:undefined":14,"s:365:6:367:Infinity":57,"s:366:8:366:Infinity":58,"s:369:6:369:Infinity":59,"s:378:34:378:Infinity":60}}}
,"/home/sallvain/dev/personal/My-Love/src/api/moodApi.ts": {"path":"/home/sallvain/dev/personal/My-Love/src/api/moodApi.ts","statementMap":{"0":{"start":{"line":34,"column":4},"end":{"line":34,"column":null}},"1":{"start":{"line":35,"column":4},"end":{"line":35,"column":null}},"2":{"start":{"line":36,"column":4},"end":{"line":36,"column":null}},"3":{"start":{"line":72,"column":4},"end":{"line":77,"column":null}},"4":{"start":{"line":73,"column":6},"end":{"line":76,"column":null}},"5":{"start":{"line":79,"column":4},"end":{"line":122,"column":null}},"6":{"start":{"line":81,"column":30},"end":{"line":85,"column":null}},"7":{"start":{"line":87,"column":6},"end":{"line":89,"column":null}},"8":{"start":{"line":88,"column":8},"end":{"line":88,"column":null}},"9":{"start":{"line":91,"column":6},"end":{"line":93,"column":null}},"10":{"start":{"line":92,"column":8},"end":{"line":92,"column":null}},"11":{"start":{"line":96,"column":6},"end":{"line":108,"column":null}},"12":{"start":{"line":97,"column":30},"end":{"line":97,"column":null}},"13":{"start":{"line":98,"column":8},"end":{"line":98,"column":null}},"14":{"start":{"line":100,"column":8},"end":{"line":106,"column":null}},"15":{"start":{"line":101,"column":10},"end":{"line":101,"column":null}},"16":{"start":{"line":102,"column":10},"end":{"line":105,"column":null}},"17":{"start":{"line":107,"column":8},"end":{"line":107,"column":null}},"18":{"start":{"line":111,"column":6},"end":{"line":113,"column":null}},"19":{"start":{"line":112,"column":8},"end":{"line":112,"column":null}},"20":{"start":{"line":115,"column":6},"end":{"line":115,"column":null}},"21":{"start":{"line":117,"column":6},"end":{"line":119,"column":null}},"22":{"start":{"line":118,"column":8},"end":{"line":118,"column":null}},"23":{"start":{"line":121,"column":6},"end":{"line":121,"column":null}},"24":{"start":{"line":141,"column":4},"end":{"line":146,"column":null}},"25":{"start":{"line":142,"column":6},"end":{"line":145,"column":null}},"26":{"start":{"line":148,"column":4},"end":{"line":187,"column":null}},"27":{"start":{"line":149,"column":30},"end":{"line":154,"column":null}},"28":{"start":{"line":156,"column":6},"end":{"line":158,"column":null}},"29":{"start":{"line":157,"column":8},"end":{"line":157,"column":null}},"30":{"start":{"line":161,"column":6},"end":{"line":173,"column":null}},"31":{"start":{"line":162,"column":31},"end":{"line":162,"column":null}},"32":{"start":{"line":163,"column":8},"end":{"line":163,"column":null}},"33":{"start":{"line":165,"column":8},"end":{"line":171,"column":null}},"34":{"start":{"line":166,"column":10},"end":{"line":166,"column":null}},"35":{"start":{"line":167,"column":10},"end":{"line":170,"column":null}},"36":{"start":{"line":172,"column":8},"end":{"line":172,"column":null}},"37":{"start":{"line":176,"column":6},"end":{"line":178,"column":null}},"38":{"start":{"line":177,"column":8},"end":{"line":177,"column":null}},"39":{"start":{"line":180,"column":6},"end":{"line":180,"column":null}},"40":{"start":{"line":182,"column":6},"end":{"line":184,"column":null}},"41":{"start":{"line":183,"column":8},"end":{"line":183,"column":null}},"42":{"start":{"line":186,"column":6},"end":{"line":186,"column":null}},"43":{"start":{"line":214,"column":4},"end":{"line":219,"column":null}},"44":{"start":{"line":215,"column":6},"end":{"line":218,"column":null}},"45":{"start":{"line":221,"column":4},"end":{"line":261,"column":null}},"46":{"start":{"line":222,"column":30},"end":{"line":228,"column":null}},"47":{"start":{"line":230,"column":6},"end":{"line":232,"column":null}},"48":{"start":{"line":231,"column":8},"end":{"line":231,"column":null}},"49":{"start":{"line":235,"column":6},"end":{"line":247,"column":null}},"50":{"start":{"line":236,"column":31},"end":{"line":236,"column":null}},"51":{"start":{"line":237,"column":8},"end":{"line":237,"column":null}},"52":{"start":{"line":239,"column":8},"end":{"line":245,"column":null}},"53":{"start":{"line":240,"column":10},"end":{"line":240,"column":null}},"54":{"start":{"line":241,"column":10},"end":{"line":244,"column":null}},"55":{"start":{"line":246,"column":8},"end":{"line":246,"column":null}},"56":{"start":{"line":250,"column":6},"end":{"line":252,"column":null}},"57":{"start":{"line":251,"column":8},"end":{"line":251,"column":null}},"58":{"start":{"line":254,"column":6},"end":{"line":254,"column":null}},"59":{"start":{"line":256,"column":6},"end":{"line":258,"column":null}},"60":{"start":{"line":257,"column":8},"end":{"line":257,"column":null}},"61":{"start":{"line":260,"column":6},"end":{"line":260,"column":null}},"62":{"start":{"line":281,"column":4},"end":{"line":286,"column":null}},"63":{"start":{"line":282,"column":6},"end":{"line":285,"column":null}},"64":{"start":{"line":288,"column":4},"end":{"line":334,"column":null}},"65":{"start":{"line":289,"column":30},"end":{"line":293,"column":null}},"66":{"start":{"line":295,"column":6},"end":{"line":301,"column":null}},"67":{"start":{"line":297,"column":8},"end":{"line":299,"column":null}},"68":{"start":{"line":298,"column":10},"end":{"line":298,"column":null}},"69":{"start":{"line":300,"column":8},"end":{"line":300,"column":null}},"70":{"start":{"line":303,"column":6},"end":{"line":305,"column":null}},"71":{"start":{"line":304,"column":8},"end":{"line":304,"column":null}},"72":{"start":{"line":308,"column":6},"end":{"line":320,"column":null}},"73":{"start":{"line":309,"column":30},"end":{"line":309,"column":null}},"74":{"start":{"line":310,"column":8},"end":{"line":310,"column":null}},"75":{"start":{"line":312,"column":8},"end":{"line":318,"column":null}},"76":{"start":{"line":313,"column":10},"end":{"line":313,"column":null}},"77":{"start":{"line":314,"column":10},"end":{"line":317,"column":null}},"78":{"start":{"line":319,"column":8},"end":{"line":319,"column":null}},"79":{"start":{"line":323,"column":6},"end":{"line":325,"column":null}},"80":{"start":{"line":324,"column":8},"end":{"line":324,"column":null}},"81":{"start":{"line":327,"column":6},"end":{"line":327,"column":null}},"82":{"start":{"line":329,"column":6},"end":{"line":331,"column":null}},"83":{"start":{"line":330,"column":8},"end":{"line":330,"column":null}},"84":{"start":{"line":333,"column":6},"end":{"line":333,"column":null}},"85":{"start":{"line":354,"column":4},"end":{"line":359,"column":null}},"86":{"start":{"line":355,"column":6},"end":{"line":358,"column":null}},"87":{"start":{"line":361,"column":4},"end":{"line":407,"column":null}},"88":{"start":{"line":362,"column":29},"end":{"line":370,"column":null}},"89":{"start":{"line":372,"column":6},"end":{"line":374,"column":null}},"90":{"start":{"line":373,"column":8},"end":{"line":373,"column":null}},"91":{"start":{"line":376,"column":6},"end":{"line":378,"column":null}},"92":{"start":{"line":377,"column":8},"end":{"line":377,"column":null}},"93":{"start":{"line":381,"column":6},"end":{"line":393,"column":null}},"94":{"start":{"line":382,"column":30},"end":{"line":382,"column":null}},"95":{"start":{"line":383,"column":8},"end":{"line":383,"column":null}},"96":{"start":{"line":385,"column":8},"end":{"line":391,"column":null}},"97":{"start":{"line":386,"column":10},"end":{"line":386,"column":null}},"98":{"start":{"line":387,"column":10},"end":{"line":390,"column":null}},"99":{"start":{"line":392,"column":8},"end":{"line":392,"column":null}},"100":{"start":{"line":396,"column":6},"end":{"line":398,"column":null}},"101":{"start":{"line":397,"column":8},"end":{"line":397,"column":null}},"102":{"start":{"line":400,"column":6},"end":{"line":400,"column":null}},"103":{"start":{"line":402,"column":6},"end":{"line":404,"column":null}},"104":{"start":{"line":403,"column":8},"end":{"line":403,"column":null}},"105":{"start":{"line":406,"column":6},"end":{"line":406,"column":null}},"106":{"start":{"line":423,"column":4},"end":{"line":428,"column":null}},"107":{"start":{"line":424,"column":6},"end":{"line":427,"column":null}},"108":{"start":{"line":430,"column":4},"end":{"line":447,"column":null}},"109":{"start":{"line":431,"column":24},"end":{"line":434,"column":null}},"110":{"start":{"line":436,"column":6},"end":{"line":438,"column":null}},"111":{"start":{"line":437,"column":8},"end":{"line":437,"column":null}},"112":{"start":{"line":440,"column":6},"end":{"line":440,"column":null}},"113":{"start":{"line":442,"column":6},"end":{"line":444,"column":null}},"114":{"start":{"line":443,"column":8},"end":{"line":443,"column":null}},"115":{"start":{"line":446,"column":6},"end":{"line":446,"column":null}},"116":{"start":{"line":455,"column":23},"end":{"line":455,"column":null}}},"fnMap":{"0":{"name":"(anonymous_0)","decl":{"start":{"line":33,"column":2},"end":{"line":33,"column":14}},"loc":{"start":{"line":33,"column":73},"end":{"line":37,"column":null}},"line":33},"1":{"name":"(anonymous_1)","decl":{"start":{"line":70,"column":8},"end":{"line":70,"column":15}},"loc":{"start":{"line":70,"column":60},"end":{"line":123,"column":null}},"line":70},"2":{"name":"(anonymous_2)","decl":{"start":{"line":140,"column":8},"end":{"line":140,"column":20}},"loc":{"start":{"line":140,"column":81},"end":{"line":188,"column":null}},"line":140},"3":{"name":"(anonymous_3)","decl":{"start":{"line":209,"column":8},"end":{"line":209,"column":null}},"loc":{"start":{"line":213,"column":29},"end":{"line":262,"column":null}},"line":213},"4":{"name":"(anonymous_4)","decl":{"start":{"line":280,"column":8},"end":{"line":280,"column":18}},"loc":{"start":{"line":280,"column":64},"end":{"line":335,"column":null}},"line":280},"5":{"name":"(anonymous_5)","decl":{"start":{"line":353,"column":8},"end":{"line":353,"column":15}},"loc":{"start":{"line":353,"column":84},"end":{"line":408,"column":null}},"line":353},"6":{"name":"(anonymous_6)","decl":{"start":{"line":422,"column":8},"end":{"line":422,"column":15}},"loc":{"start":{"line":422,"column":46},"end":{"line":448,"column":null}},"line":422}},"branchMap":{"0":{"loc":{"start":{"line":33,"column":31},"end":{"line":33,"column":73}},"type":"default-arg","locations":[{"start":{"line":33,"column":67},"end":{"line":33,"column":73}}],"line":33},"1":{"loc":{"start":{"line":72,"column":4},"end":{"line":77,"column":null}},"type":"if","locations":[{"start":{"line":72,"column":4},"end":{"line":77,"column":null}},{"start":{},"end":{}}],"line":72},"2":{"loc":{"start":{"line":87,"column":6},"end":{"line":89,"column":null}},"type":"if","locations":[{"start":{"line":87,"column":6},"end":{"line":89,"column":null}},{"start":{},"end":{}}],"line":87},"3":{"loc":{"start":{"line":91,"column":6},"end":{"line":93,"column":null}},"type":"if","locations":[{"start":{"line":91,"column":6},"end":{"line":93,"column":null}},{"start":{},"end":{}}],"line":91},"4":{"loc":{"start":{"line":100,"column":8},"end":{"line":106,"column":null}},"type":"if","locations":[{"start":{"line":100,"column":8},"end":{"line":106,"column":null}},{"start":{},"end":{}}],"line":100},"5":{"loc":{"start":{"line":111,"column":6},"end":{"line":113,"column":null}},"type":"if","locations":[{"start":{"line":111,"column":6},"end":{"line":113,"column":null}},{"start":{},"end":{}}],"line":111},"6":{"loc":{"start":{"line":117,"column":6},"end":{"line":119,"column":null}},"type":"if","locations":[{"start":{"line":117,"column":6},"end":{"line":119,"column":null}},{"start":{},"end":{}}],"line":117},"7":{"loc":{"start":{"line":140,"column":36},"end":{"line":140,"column":81}},"type":"default-arg","locations":[{"start":{"line":140,"column":52},"end":{"line":140,"column":81}}],"line":140},"8":{"loc":{"start":{"line":141,"column":4},"end":{"line":146,"column":null}},"type":"if","locations":[{"start":{"line":141,"column":4},"end":{"line":146,"column":null}},{"start":{},"end":{}}],"line":141},"9":{"loc":{"start":{"line":156,"column":6},"end":{"line":158,"column":null}},"type":"if","locations":[{"start":{"line":156,"column":6},"end":{"line":158,"column":null}},{"start":{},"end":{}}],"line":156},"10":{"loc":{"start":{"line":162,"column":53},"end":{"line":162,"column":63}},"type":"binary-expr","locations":[{"start":{"line":162,"column":53},"end":{"line":162,"column":61}},{"start":{"line":162,"column":61},"end":{"line":162,"column":63}}],"line":162},"11":{"loc":{"start":{"line":165,"column":8},"end":{"line":171,"column":null}},"type":"if","locations":[{"start":{"line":165,"column":8},"end":{"line":171,"column":null}},{"start":{},"end":{}}],"line":165},"12":{"loc":{"start":{"line":176,"column":6},"end":{"line":178,"column":null}},"type":"if","locations":[{"start":{"line":176,"column":6},"end":{"line":178,"column":null}},{"start":{},"end":{}}],"line":176},"13":{"loc":{"start":{"line":182,"column":6},"end":{"line":184,"column":null}},"type":"if","locations":[{"start":{"line":182,"column":6},"end":{"line":184,"column":null}},{"start":{},"end":{}}],"line":182},"14":{"loc":{"start":{"line":214,"column":4},"end":{"line":219,"column":null}},"type":"if","locations":[{"start":{"line":214,"column":4},"end":{"line":219,"column":null}},{"start":{},"end":{}}],"line":214},"15":{"loc":{"start":{"line":230,"column":6},"end":{"line":232,"column":null}},"type":"if","locations":[{"start":{"line":230,"column":6},"end":{"line":232,"column":null}},{"start":{},"end":{}}],"line":230},"16":{"loc":{"start":{"line":236,"column":53},"end":{"line":236,"column":63}},"type":"binary-expr","locations":[{"start":{"line":236,"column":53},"end":{"line":236,"column":61}},{"start":{"line":236,"column":61},"end":{"line":236,"column":63}}],"line":236},"17":{"loc":{"start":{"line":239,"column":8},"end":{"line":245,"column":null}},"type":"if","locations":[{"start":{"line":239,"column":8},"end":{"line":245,"column":null}},{"start":{},"end":{}}],"line":239},"18":{"loc":{"start":{"line":250,"column":6},"end":{"line":252,"column":null}},"type":"if","locations":[{"start":{"line":250,"column":6},"end":{"line":252,"column":null}},{"start":{},"end":{}}],"line":250},"19":{"loc":{"start":{"line":256,"column":6},"end":{"line":258,"column":null}},"type":"if","locations":[{"start":{"line":256,"column":6},"end":{"line":258,"column":null}},{"start":{},"end":{}}],"line":256},"20":{"loc":{"start":{"line":281,"column":4},"end":{"line":286,"column":null}},"type":"if","locations":[{"start":{"line":281,"column":4},"end":{"line":286,"column":null}},{"start":{},"end":{}}],"line":281},"21":{"loc":{"start":{"line":295,"column":6},"end":{"line":301,"column":null}},"type":"if","locations":[{"start":{"line":295,"column":6},"end":{"line":301,"column":null}},{"start":{},"end":{}}],"line":295},"22":{"loc":{"start":{"line":297,"column":8},"end":{"line":299,"column":null}},"type":"if","locations":[{"start":{"line":297,"column":8},"end":{"line":299,"column":null}},{"start":{},"end":{}}],"line":297},"23":{"loc":{"start":{"line":303,"column":6},"end":{"line":305,"column":null}},"type":"if","locations":[{"start":{"line":303,"column":6},"end":{"line":305,"column":null}},{"start":{},"end":{}}],"line":303},"24":{"loc":{"start":{"line":312,"column":8},"end":{"line":318,"column":null}},"type":"if","locations":[{"start":{"line":312,"column":8},"end":{"line":318,"column":null}},{"start":{},"end":{}}],"line":312},"25":{"loc":{"start":{"line":323,"column":6},"end":{"line":325,"column":null}},"type":"if","locations":[{"start":{"line":323,"column":6},"end":{"line":325,"column":null}},{"start":{},"end":{}}],"line":323},"26":{"loc":{"start":{"line":329,"column":6},"end":{"line":331,"column":null}},"type":"if","locations":[{"start":{"line":329,"column":6},"end":{"line":331,"column":null}},{"start":{},"end":{}}],"line":329},"27":{"loc":{"start":{"line":354,"column":4},"end":{"line":359,"column":null}},"type":"if","locations":[{"start":{"line":354,"column":4},"end":{"line":359,"column":null}},{"start":{},"end":{}}],"line":354},"28":{"loc":{"start":{"line":372,"column":6},"end":{"line":374,"column":null}},"type":"if","locations":[{"start":{"line":372,"column":6},"end":{"line":374,"column":null}},{"start":{},"end":{}}],"line":372},"29":{"loc":{"start":{"line":376,"column":6},"end":{"line":378,"column":null}},"type":"if","locations":[{"start":{"line":376,"column":6},"end":{"line":378,"column":null}},{"start":{},"end":{}}],"line":376},"30":{"loc":{"start":{"line":385,"column":8},"end":{"line":391,"column":null}},"type":"if","locations":[{"start":{"line":385,"column":8},"end":{"line":391,"column":null}},{"start":{},"end":{}}],"line":385},"31":{"loc":{"start":{"line":396,"column":6},"end":{"line":398,"column":null}},"type":"if","locations":[{"start":{"line":396,"column":6},"end":{"line":398,"column":null}},{"start":{},"end":{}}],"line":396},"32":{"loc":{"start":{"line":402,"column":6},"end":{"line":404,"column":null}},"type":"if","locations":[{"start":{"line":402,"column":6},"end":{"line":404,"column":null}},{"start":{},"end":{}}],"line":402},"33":{"loc":{"start":{"line":423,"column":4},"end":{"line":428,"column":null}},"type":"if","locations":[{"start":{"line":423,"column":4},"end":{"line":428,"column":null}},{"start":{},"end":{}}],"line":423},"34":{"loc":{"start":{"line":436,"column":6},"end":{"line":438,"column":null}},"type":"if","locations":[{"start":{"line":436,"column":6},"end":{"line":438,"column":null}},{"start":{},"end":{}}],"line":436},"35":{"loc":{"start":{"line":442,"column":6},"end":{"line":444,"column":null}},"type":"if","locations":[{"start":{"line":442,"column":6},"end":{"line":444,"column":null}},{"start":{},"end":{}}],"line":442}},"s":{"0":0,"1":0,"2":0,"3":0,"4":0,"5":0,"6":0,"7":0,"8":0,"9":0,"10":0,"11":0,"12":0,"13":0,"14":0,"15":0,"16":0,"17":0,"18":0,"19":0,"20":0,"21":0,"22":0,"23":0,"24":0,"25":0,"26":0,"27":0,"28":0,"29":0,"30":0,"31":0,"32":0,"33":0,"34":0,"35":0,"36":0,"37":0,"38":0,"39":0,"40":0,"41":0,"42":0,"43":0,"44":0,"45":0,"46":0,"47":0,"48":0,"49":0,"50":0,"51":0,"52":0,"53":0,"54":0,"55":0,"56":0,"57":0,"58":0,"59":0,"60":0,"61":0,"62":0,"63":0,"64":0,"65":0,"66":0,"67":0,"68":0,"69":0,"70":0,"71":0,"72":0,"73":0,"74":0,"75":0,"76":0,"77":0,"78":0,"79":0,"80":0,"81":0,"82":0,"83":0,"84":0,"85":0,"86":0,"87":0,"88":0,"89":0,"90":0,"91":0,"92":0,"93":0,"94":0,"95":0,"96":0,"97":0,"98":0,"99":0,"100":0,"101":0,"102":0,"103":0,"104":0,"105":0,"106":0,"107":0,"108":0,"109":0,"110":0,"111":0,"112":0,"113":0,"114":0,"115":0,"116":0},"f":{"0":0,"1":0,"2":0,"3":0,"4":0,"5":0,"6":0},"b":{"0":[0],"1":[0,0],"2":[0,0],"3":[0,0],"4":[0,0],"5":[0,0],"6":[0,0],"7":[0],"8":[0,0],"9":[0,0],"10":[0,0],"11":[0,0],"12":[0,0],"13":[0,0],"14":[0,0],"15":[0,0],"16":[0,0],"17":[0,0],"18":[0,0],"19":[0,0],"20":[0,0],"21":[0,0],"22":[0,0],"23":[0,0],"24":[0,0],"25":[0,0],"26":[0,0],"27":[0,0],"28":[0,0],"29":[0,0],"30":[0,0],"31":[0,0],"32":[0,0],"33":[0,0],"34":[0,0],"35":[0,0]},"meta":{"lastBranch":36,"lastFunction":7,"lastStatement":117,"seen":{"f:33:2:33:14":0,"b:33:67:33:73":0,"s:34:4:34:Infinity":0,"s:35:4:35:Infinity":1,"s:36:4:36:Infinity":2,"f:70:8:70:15":1,"b:72:4:77:Infinity:undefined:undefined:undefined:undefined":1,"s:72:4:77:Infinity":3,"s:73:6:76:Infinity":4,"s:79:4:122:Infinity":5,"s:81:30:85:Infinity":6,"b:87:6:89:Infinity:undefined:undefined:undefined:undefined":2,"s:87:6:89:Infinity":7,"s:88:8:88:Infinity":8,"b:91:6:93:Infinity:undefined:undefined:undefined:undefined":3,"s:91:6:93:Infinity":9,"s:92:8:92:Infinity":10,"s:96:6:108:Infinity":11,"s:97:30:97:Infinity":12,"s:98:8:98:Infinity":13,"b:100:8:106:Infinity:undefined:undefined:undefined:undefined":4,"s:100:8:106:Infinity":14,"s:101:10:101:Infinity":15,"s:102:10:105:Infinity":16,"s:107:8:107:Infinity":17,"b:111:6:113:Infinity:undefined:undefined:undefined:undefined":5,"s:111:6:113:Infinity":18,"s:112:8:112:Infinity":19,"s:115:6:115:Infinity":20,"b:117:6:119:Infinity:undefined:undefined:undefined:undefined":6,"s:117:6:119:Infinity":21,"s:118:8:118:Infinity":22,"s:121:6:121:Infinity":23,"f:140:8:140:20":2,"b:140:52:140:81":7,"b:141:4:146:Infinity:undefined:undefined:undefined:undefined":8,"s:141:4:146:Infinity":24,"s:142:6:145:Infinity":25,"s:148:4:187:Infinity":26,"s:149:30:154:Infinity":27,"b:156:6:158:Infinity:undefined:undefined:undefined:undefined":9,"s:156:6:158:Infinity":28,"s:157:8:157:Infinity":29,"s:161:6:173:Infinity":30,"s:162:31:162:Infinity":31,"b:162:53:162:61:162:61:162:63":10,"s:163:8:163:Infinity":32,"b:165:8:171:Infinity:undefined:undefined:undefined:undefined":11,"s:165:8:171:Infinity":33,"s:166:10:166:Infinity":34,"s:167:10:170:Infinity":35,"s:172:8:172:Infinity":36,"b:176:6:178:Infinity:undefined:undefined:undefined:undefined":12,"s:176:6:178:Infinity":37,"s:177:8:177:Infinity":38,"s:180:6:180:Infinity":39,"b:182:6:184:Infinity:undefined:undefined:undefined:undefined":13,"s:182:6:184:Infinity":40,"s:183:8:183:Infinity":41,"s:186:6:186:Infinity":42,"f:209:8:209:Infinity":3,"b:214:4:219:Infinity:undefined:undefined:undefined:undefined":14,"s:214:4:219:Infinity":43,"s:215:6:218:Infinity":44,"s:221:4:261:Infinity":45,"s:222:30:228:Infinity":46,"b:230:6:232:Infinity:undefined:undefined:undefined:undefined":15,"s:230:6:232:Infinity":47,"s:231:8:231:Infinity":48,"s:235:6:247:Infinity":49,"s:236:31:236:Infinity":50,"b:236:53:236:61:236:61:236:63":16,"s:237:8:237:Infinity":51,"b:239:8:245:Infinity:undefined:undefined:undefined:undefined":17,"s:239:8:245:Infinity":52,"s:240:10:240:Infinity":53,"s:241:10:244:Infinity":54,"s:246:8:246:Infinity":55,"b:250:6:252:Infinity:undefined:undefined:undefined:undefined":18,"s:250:6:252:Infinity":56,"s:251:8:251:Infinity":57,"s:254:6:254:Infinity":58,"b:256:6:258:Infinity:undefined:undefined:undefined:undefined":19,"s:256:6:258:Infinity":59,"s:257:8:257:Infinity":60,"s:260:6:260:Infinity":61,"f:280:8:280:18":4,"b:281:4:286:Infinity:undefined:undefined:undefined:undefined":20,"s:281:4:286:Infinity":62,"s:282:6:285:Infinity":63,"s:288:4:334:Infinity":64,"s:289:30:293:Infinity":65,"b:295:6:301:Infinity:undefined:undefined:undefined:undefined":21,"s:295:6:301:Infinity":66,"b:297:8:299:Infinity:undefined:undefined:undefined:undefined":22,"s:297:8:299:Infinity":67,"s:298:10:298:Infinity":68,"s:300:8:300:Infinity":69,"b:303:6:305:Infinity:undefined:undefined:undefined:undefined":23,"s:303:6:305:Infinity":70,"s:304:8:304:Infinity":71,"s:308:6:320:Infinity":72,"s:309:30:309:Infinity":73,"s:310:8:310:Infinity":74,"b:312:8:318:Infinity:undefined:undefined:undefined:undefined":24,"s:312:8:318:Infinity":75,"s:313:10:313:Infinity":76,"s:314:10:317:Infinity":77,"s:319:8:319:Infinity":78,"b:323:6:325:Infinity:undefined:undefined:undefined:undefined":25,"s:323:6:325:Infinity":79,"s:324:8:324:Infinity":80,"s:327:6:327:Infinity":81,"b:329:6:331:Infinity:undefined:undefined:undefined:undefined":26,"s:329:6:331:Infinity":82,"s:330:8:330:Infinity":83,"s:333:6:333:Infinity":84,"f:353:8:353:15":5,"b:354:4:359:Infinity:undefined:undefined:undefined:undefined":27,"s:354:4:359:Infinity":85,"s:355:6:358:Infinity":86,"s:361:4:407:Infinity":87,"s:362:29:370:Infinity":88,"b:372:6:374:Infinity:undefined:undefined:undefined:undefined":28,"s:372:6:374:Infinity":89,"s:373:8:373:Infinity":90,"b:376:6:378:Infinity:undefined:undefined:undefined:undefined":29,"s:376:6:378:Infinity":91,"s:377:8:377:Infinity":92,"s:381:6:393:Infinity":93,"s:382:30:382:Infinity":94,"s:383:8:383:Infinity":95,"b:385:8:391:Infinity:undefined:undefined:undefined:undefined":30,"s:385:8:391:Infinity":96,"s:386:10:386:Infinity":97,"s:387:10:390:Infinity":98,"s:392:8:392:Infinity":99,"b:396:6:398:Infinity:undefined:undefined:undefined:undefined":31,"s:396:6:398:Infinity":100,"s:397:8:397:Infinity":101,"s:400:6:400:Infinity":102,"b:402:6:404:Infinity:undefined:undefined:undefined:undefined":32,"s:402:6:404:Infinity":103,"s:403:8:403:Infinity":104,"s:406:6:406:Infinity":105,"f:422:8:422:15":6,"b:423:4:428:Infinity:undefined:undefined:undefined:undefined":33,"s:423:4:428:Infinity":106,"s:424:6:427:Infinity":107,"s:430:4:447:Infinity":108,"s:431:24:434:Infinity":109,"b:436:6:438:Infinity:undefined:undefined:undefined:undefined":34,"s:436:6:438:Infinity":110,"s:437:8:437:Infinity":111,"s:440:6:440:Infinity":112,"b:442:6:444:Infinity:undefined:undefined:undefined:undefined":35,"s:442:6:444:Infinity":113,"s:443:8:443:Infinity":114,"s:446:6:446:Infinity":115,"s:455:23:455:Infinity":116}}}
,"/home/sallvain/dev/personal/My-Love/src/api/moodSyncService.ts": {"path":"/home/sallvain/dev/personal/My-Love/src/api/moodSyncService.ts","statementMap":{"0":{"start":{"line":65,"column":52},"end":{"line":65,"column":null}},"1":{"start":{"line":96,"column":4},"end":{"line":101,"column":null}},"2":{"start":{"line":97,"column":6},"end":{"line":100,"column":null}},"3":{"start":{"line":104,"column":40},"end":{"line":109,"column":null}},"4":{"start":{"line":112,"column":4},"end":{"line":112,"column":null}},"5":{"start":{"line":131,"column":4},"end":{"line":133,"column":null}},"6":{"start":{"line":135,"column":4},"end":{"line":139,"column":null}},"7":{"start":{"line":165,"column":10},"end":{"line":165,"column":null}},"8":{"start":{"line":168,"column":4},"end":{"line":185,"column":null}},"9":{"start":{"line":179,"column":10},"end":{"line":179,"column":null}},"10":{"start":{"line":180,"column":10},"end":{"line":180,"column":null}},"11":{"start":{"line":184,"column":8},"end":{"line":184,"column":null}},"12":{"start":{"line":188,"column":4},"end":{"line":194,"column":null}},"13":{"start":{"line":189,"column":6},"end":{"line":193,"column":null}},"14":{"start":{"line":190,"column":8},"end":{"line":190,"column":null}},"15":{"start":{"line":191,"column":8},"end":{"line":191,"column":null}},"16":{"start":{"line":192,"column":8},"end":{"line":192,"column":null}},"17":{"start":{"line":218,"column":4},"end":{"line":218,"column":null}},"18":{"start":{"line":226,"column":31},"end":{"line":226,"column":null}}},"fnMap":{"0":{"name":"(anonymous_0)","decl":{"start":{"line":94,"column":8},"end":{"line":94,"column":17}},"loc":{"start":{"line":94,"column":63},"end":{"line":113,"column":null}},"line":94},"1":{"name":"(anonymous_1)","decl":{"start":{"line":129,"column":8},"end":{"line":129,"column":48}},"loc":{"start":{"line":129,"column":48},"end":{"line":140,"column":null}},"line":129},"2":{"name":"(anonymous_2)","decl":{"start":{"line":162,"column":2},"end":{"line":162,"column":null}},"loc":{"start":{"line":164,"column":16},"end":{"line":195,"column":null}},"line":164},"3":{"name":"(anonymous_3)","decl":{"start":{"line":178,"column":8},"end":{"line":178,"column":9}},"loc":{"start":{"line":178,"column":21},"end":{"line":181,"column":null}},"line":178},"4":{"name":"(anonymous_4)","decl":{"start":{"line":183,"column":17},"end":{"line":183,"column":18}},"loc":{"start":{"line":183,"column":29},"end":{"line":185,"column":7}},"line":183},"5":{"name":"(anonymous_5)","decl":{"start":{"line":188,"column":11},"end":{"line":188,"column":17}},"loc":{"start":{"line":188,"column":17},"end":{"line":194,"column":null}},"line":188},"6":{"name":"(anonymous_6)","decl":{"start":{"line":213,"column":8},"end":{"line":213,"column":null}},"loc":{"start":{"line":216,"column":35},"end":{"line":219,"column":null}},"line":216}},"branchMap":{"0":{"loc":{"start":{"line":96,"column":4},"end":{"line":101,"column":null}},"type":"if","locations":[{"start":{"line":96,"column":4},"end":{"line":101,"column":null}},{"start":{},"end":{}}],"line":96},"1":{"loc":{"start":{"line":107,"column":12},"end":{"line":107,"column":null}},"type":"binary-expr","locations":[{"start":{"line":107,"column":12},"end":{"line":107,"column":25}},{"start":{"line":107,"column":25},"end":{"line":107,"column":null}}],"line":107},"2":{"loc":{"start":{"line":189,"column":6},"end":{"line":193,"column":null}},"type":"if","locations":[{"start":{"line":189,"column":6},"end":{"line":193,"column":null}},{"start":{},"end":{}}],"line":189},"3":{"loc":{"start":{"line":215,"column":4},"end":{"line":215,"column":null}},"type":"default-arg","locations":[{"start":{"line":215,"column":20},"end":{"line":215,"column":null}}],"line":215}},"s":{"0":0,"1":0,"2":0,"3":0,"4":0,"5":0,"6":0,"7":0,"8":0,"9":0,"10":0,"11":0,"12":0,"13":0,"14":0,"15":0,"16":0,"17":0,"18":0},"f":{"0":0,"1":0,"2":0,"3":0,"4":0,"5":0,"6":0},"b":{"0":[0,0],"1":[0,0],"2":[0,0],"3":[0]},"meta":{"lastBranch":4,"lastFunction":7,"lastStatement":19,"seen":{"s:65:52:65:Infinity":0,"f:94:8:94:17":0,"b:96:4:101:Infinity:undefined:undefined:undefined:undefined":0,"s:96:4:101:Infinity":1,"s:97:6:100:Infinity":2,"s:104:40:109:Infinity":3,"b:107:12:107:25:107:25:107:Infinity":1,"s:112:4:112:Infinity":4,"f:129:8:129:48":1,"s:131:4:133:Infinity":5,"s:135:4:139:Infinity":6,"f:162:2:162:Infinity":2,"s:165:10:165:Infinity":7,"s:168:4:185:Infinity":8,"f:178:8:178:9":3,"s:179:10:179:Infinity":9,"s:180:10:180:Infinity":10,"f:183:17:183:18":4,"s:184:8:184:Infinity":11,"s:188:4:194:Infinity":12,"f:188:11:188:17":5,"b:189:6:193:Infinity:undefined:undefined:undefined:undefined":2,"s:189:6:193:Infinity":13,"s:190:8:190:Infinity":14,"s:191:8:191:Infinity":15,"s:192:8:192:Infinity":16,"f:213:8:213:Infinity":6,"b:215:20:215:Infinity":3,"s:218:4:218:Infinity":17,"s:226:31:226:Infinity":18}}}
,"/home/sallvain/dev/personal/My-Love/src/api/supabaseClient.ts": {"path":"/home/sallvain/dev/personal/My-Love/src/api/supabaseClient.ts","statementMap":{"0":{"start":{"line":101,"column":20},"end":{"line":101,"column":null}},"1":{"start":{"line":102,"column":24},"end":{"line":102,"column":null}},"2":{"start":{"line":107,"column":0},"end":{"line":114,"column":null}},"3":{"start":{"line":108,"column":2},"end":{"line":108,"column":null}},"4":{"start":{"line":109,"column":2},"end":{"line":109,"column":null}},"5":{"start":{"line":110,"column":2},"end":{"line":110,"column":null}},"6":{"start":{"line":111,"column":2},"end":{"line":113,"column":null}},"7":{"start":{"line":136,"column":13},"end":{"line":151,"column":null}},"8":{"start":{"line":160,"column":30},"end":{"line":187,"column":null}},"9":{"start":{"line":161,"column":2},"end":{"line":186,"column":null}},"10":{"start":{"line":163,"column":34},"end":{"line":163,"column":null}},"11":{"start":{"line":165,"column":4},"end":{"line":170,"column":null}},"12":{"start":{"line":166,"column":6},"end":{"line":168,"column":null}},"13":{"start":{"line":167,"column":8},"end":{"line":167,"column":null}},"14":{"start":{"line":169,"column":6},"end":{"line":169,"column":null}},"15":{"start":{"line":173,"column":28},"end":{"line":173,"column":null}},"16":{"start":{"line":175,"column":4},"end":{"line":178,"column":null}},"17":{"start":{"line":176,"column":6},"end":{"line":176,"column":null}},"18":{"start":{"line":177,"column":6},"end":{"line":177,"column":null}},"19":{"start":{"line":180,"column":4},"end":{"line":182,"column":null}},"20":{"start":{"line":181,"column":6},"end":{"line":181,"column":null}},"21":{"start":{"line":184,"column":4},"end":{"line":184,"column":null}},"22":{"start":{"line":185,"column":4},"end":{"line":185,"column":null}},"23":{"start":{"line":195,"column":32},"end":{"line":208,"column":null}},"24":{"start":{"line":196,"column":36},"end":{"line":196,"column":null}},"25":{"start":{"line":198,"column":2},"end":{"line":201,"column":null}},"26":{"start":{"line":199,"column":4},"end":{"line":199,"column":null}},"27":{"start":{"line":200,"column":4},"end":{"line":200,"column":null}},"28":{"start":{"line":203,"column":2},"end":{"line":205,"column":null}},"29":{"start":{"line":204,"column":4},"end":{"line":204,"column":null}},"30":{"start":{"line":207,"column":2},"end":{"line":207,"column":null}},"31":{"start":{"line":214,"column":28},"end":{"line":220,"column":null}},"32":{"start":{"line":215,"column":20},"end":{"line":215,"column":null}},"33":{"start":{"line":216,"column":2},"end":{"line":218,"column":null}},"34":{"start":{"line":217,"column":4},"end":{"line":217,"column":null}},"35":{"start":{"line":219,"column":2},"end":{"line":219,"column":null}},"36":{"start":{"line":225,"column":36},"end":{"line":227,"column":null}},"37":{"start":{"line":226,"column":2},"end":{"line":226,"column":null}}},"fnMap":{"0":{"name":"(anonymous_0)","decl":{"start":{"line":160,"column":30},"end":{"line":160,"column":57}},"loc":{"start":{"line":160,"column":57},"end":{"line":187,"column":null}},"line":160},"1":{"name":"(anonymous_1)","decl":{"start":{"line":195,"column":32},"end":{"line":195,"column":61}},"loc":{"start":{"line":195,"column":61},"end":{"line":208,"column":null}},"line":195},"2":{"name":"(anonymous_2)","decl":{"start":{"line":214,"column":28},"end":{"line":214,"column":42}},"loc":{"start":{"line":214,"column":42},"end":{"line":220,"column":null}},"line":214},"3":{"name":"(anonymous_3)","decl":{"start":{"line":225,"column":36},"end":{"line":225,"column":51}},"loc":{"start":{"line":225,"column":51},"end":{"line":227,"column":null}},"line":225}},"branchMap":{"0":{"loc":{"start":{"line":107,"column":0},"end":{"line":114,"column":null}},"type":"if","locations":[{"start":{"line":107,"column":0},"end":{"line":114,"column":null}},{"start":{},"end":{}}],"line":107},"1":{"loc":{"start":{"line":107,"column":4},"end":{"line":107,"column":38}},"type":"binary-expr","locations":[{"start":{"line":107,"column":4},"end":{"line":107,"column":20}},{"start":{"line":107,"column":20},"end":{"line":107,"column":38}}],"line":107},"2":{"loc":{"start":{"line":109,"column":49},"end":{"line":109,"column":72}},"type":"cond-expr","locations":[{"start":{"line":109,"column":63},"end":{"line":109,"column":69}},{"start":{"line":109,"column":69},"end":{"line":109,"column":72}}],"line":109},"3":{"loc":{"start":{"line":110,"column":54},"end":{"line":110,"column":81}},"type":"cond-expr","locations":[{"start":{"line":110,"column":72},"end":{"line":110,"column":78}},{"start":{"line":110,"column":78},"end":{"line":110,"column":81}}],"line":110},"4":{"loc":{"start":{"line":165,"column":4},"end":{"line":170,"column":null}},"type":"if","locations":[{"start":{"line":165,"column":4},"end":{"line":170,"column":null}},{"start":{},"end":{}}],"line":165},"5":{"loc":{"start":{"line":166,"column":6},"end":{"line":168,"column":null}},"type":"if","locations":[{"start":{"line":166,"column":6},"end":{"line":168,"column":null}},{"start":{},"end":{}}],"line":166},"6":{"loc":{"start":{"line":175,"column":4},"end":{"line":178,"column":null}},"type":"if","locations":[{"start":{"line":175,"column":4},"end":{"line":178,"column":null}},{"start":{},"end":{}}],"line":175},"7":{"loc":{"start":{"line":180,"column":4},"end":{"line":182,"column":null}},"type":"if","locations":[{"start":{"line":180,"column":4},"end":{"line":182,"column":null}},{"start":{},"end":{}}],"line":180},"8":{"loc":{"start":{"line":198,"column":2},"end":{"line":201,"column":null}},"type":"if","locations":[{"start":{"line":198,"column":2},"end":{"line":201,"column":null}},{"start":{},"end":{}}],"line":198},"9":{"loc":{"start":{"line":203,"column":2},"end":{"line":205,"column":null}},"type":"if","locations":[{"start":{"line":203,"column":2},"end":{"line":205,"column":null}},{"start":{},"end":{}}],"line":203},"10":{"loc":{"start":{"line":216,"column":2},"end":{"line":218,"column":null}},"type":"if","locations":[{"start":{"line":216,"column":2},"end":{"line":218,"column":null}},{"start":{},"end":{}}],"line":216},"11":{"loc":{"start":{"line":226,"column":12},"end":{"line":226,"column":null}},"type":"binary-expr","locations":[{"start":{"line":226,"column":12},"end":{"line":226,"column":27}},{"start":{"line":226,"column":27},"end":{"line":226,"column":null}}],"line":226}},"s":{"0":0,"1":0,"2":0,"3":0,"4":0,"5":0,"6":0,"7":0,"8":0,"9":0,"10":0,"11":0,"12":0,"13":0,"14":0,"15":0,"16":0,"17":0,"18":0,"19":0,"20":0,"21":0,"22":0,"23":0,"24":0,"25":0,"26":0,"27":0,"28":0,"29":0,"30":0,"31":0,"32":0,"33":0,"34":0,"35":0,"36":0,"37":0},"f":{"0":0,"1":0,"2":0,"3":0},"b":{"0":[0,0],"1":[0,0],"2":[0,0],"3":[0,0],"4":[0,0],"5":[0,0],"6":[0,0],"7":[0,0],"8":[0,0],"9":[0,0],"10":[0,0],"11":[0,0]},"meta":{"lastBranch":12,"lastFunction":4,"lastStatement":38,"seen":{"s:101:20:101:Infinity":0,"s:102:24:102:Infinity":1,"b:107:0:114:Infinity:undefined:undefined:undefined:undefined":0,"s:107:0:114:Infinity":2,"b:107:4:107:20:107:20:107:38":1,"s:108:2:108:Infinity":3,"s:109:2:109:Infinity":4,"b:109:63:109:69:109:69:109:72":2,"s:110:2:110:Infinity":5,"b:110:72:110:78:110:78:110:81":3,"s:111:2:113:Infinity":6,"s:136:13:151:Infinity":7,"s:160:30:187:Infinity":8,"f:160:30:160:57":0,"s:161:2:186:Infinity":9,"s:163:34:163:Infinity":10,"b:165:4:170:Infinity:undefined:undefined:undefined:undefined":4,"s:165:4:170:Infinity":11,"b:166:6:168:Infinity:undefined:undefined:undefined:undefined":5,"s:166:6:168:Infinity":12,"s:167:8:167:Infinity":13,"s:169:6:169:Infinity":14,"s:173:28:173:Infinity":15,"b:175:4:178:Infinity:undefined:undefined:undefined:undefined":6,"s:175:4:178:Infinity":16,"s:176:6:176:Infinity":17,"s:177:6:177:Infinity":18,"b:180:4:182:Infinity:undefined:undefined:undefined:undefined":7,"s:180:4:182:Infinity":19,"s:181:6:181:Infinity":20,"s:184:4:184:Infinity":21,"s:185:4:185:Infinity":22,"s:195:32:208:Infinity":23,"f:195:32:195:61":1,"s:196:36:196:Infinity":24,"b:198:2:201:Infinity:undefined:undefined:undefined:undefined":8,"s:198:2:201:Infinity":25,"s:199:4:199:Infinity":26,"s:200:4:200:Infinity":27,"b:203:2:205:Infinity:undefined:undefined:undefined:undefined":9,"s:203:2:205:Infinity":28,"s:204:4:204:Infinity":29,"s:207:2:207:Infinity":30,"s:214:28:220:Infinity":31,"f:214:28:214:42":2,"s:215:20:215:Infinity":32,"b:216:2:218:Infinity:undefined:undefined:undefined:undefined":10,"s:216:2:218:Infinity":33,"s:217:4:217:Infinity":34,"s:219:2:219:Infinity":35,"s:225:36:227:Infinity":36,"f:225:36:225:51":3,"s:226:2:226:Infinity":37,"b:226:12:226:27:226:27:226:Infinity":11}}}
,"/home/sallvain/dev/personal/My-Love/src/api/validation/supabaseSchemas.ts": {"path":"/home/sallvain/dev/personal/My-Love/src/api/validation/supabaseSchemas.ts","statementMap":{"0":{"start":{"line":20,"column":19},"end":{"line":20,"column":null}},"1":{"start":{"line":25,"column":24},"end":{"line":25,"column":null}},"2":{"start":{"line":35,"column":34},"end":{"line":41,"column":null}},"3":{"start":{"line":46,"column":32},"end":{"line":52,"column":null}},"4":{"start":{"line":57,"column":32},"end":{"line":63,"column":null}},"5":{"start":{"line":72,"column":23},"end":{"line":72,"column":null}},"6":{"start":{"line":78,"column":34},"end":{"line":85,"column":null}},"7":{"start":{"line":90,"column":32},"end":{"line":97,"column":null}},"8":{"start":{"line":102,"column":32},"end":{"line":109,"column":null}},"9":{"start":{"line":118,"column":30},"end":{"line":118,"column":null}},"10":{"start":{"line":124,"column":41},"end":{"line":131,"column":null}},"11":{"start":{"line":136,"column":39},"end":{"line":143,"column":null}},"12":{"start":{"line":148,"column":39},"end":{"line":155,"column":null}},"13":{"start":{"line":164,"column":30},"end":{"line":164,"column":null}},"14":{"start":{"line":170,"column":37},"end":{"line":180,"column":null}},"15":{"start":{"line":190,"column":35},"end":{"line":204,"column":null}},"16":{"start":{"line":214,"column":31},"end":{"line":214,"column":null}},"17":{"start":{"line":220,"column":38},"end":{"line":220,"column":null}},"18":{"start":{"line":226,"column":31},"end":{"line":226,"column":null}}},"fnMap":{},"branchMap":{},"s":{"0":0,"1":0,"2":0,"3":0,"4":0,"5":0,"6":0,"7":0,"8":0,"9":0,"10":0,"11":0,"12":0,"13":0,"14":0,"15":0,"16":0,"17":0,"18":0},"f":{},"b":{},"meta":{"lastBranch":0,"lastFunction":0,"lastStatement":19,"seen":{"s:20:19:20:Infinity":0,"s:25:24:25:Infinity":1,"s:35:34:41:Infinity":2,"s:46:32:52:Infinity":3,"s:57:32:63:Infinity":4,"s:72:23:72:Infinity":5,"s:78:34:85:Infinity":6,"s:90:32:97:Infinity":7,"s:102:32:109:Infinity":8,"s:118:30:118:Infinity":9,"s:124:41:131:Infinity":10,"s:136:39:143:Infinity":11,"s:148:39:155:Infinity":12,"s:164:30:164:Infinity":13,"s:170:37:180:Infinity":14,"s:190:35:204:Infinity":15,"s:214:31:214:Infinity":16,"s:220:38:220:Infinity":17,"s:226:31:226:Infinity":18}}}
[...]
rt":{"line":131,"column":79},"end":{"line":131,"column":93}}],"line":131},"12":{"loc":{"start":{"line":141,"column":2},"end":{"line":141,"column":null}},"type":"if","locations":[{"start":{"line":141,"column":2},"end":{"line":141,"column":null}},{"start":{},"end":{}}],"line":141},"13":{"loc":{"start":{"line":142,"column":2},"end":{"line":142,"column":null}},"type":"if","locations":[{"start":{"line":142,"column":2},"end":{"line":142,"column":null}},{"start":{},"end":{}}],"line":142}},"s":{"0":0,"1":0,"2":0,"3":0,"4":0,"5":0,"6":0,"7":0,"8":0,"9":0,"10":0,"11":0,"12":0,"13":0,"14":0,"15":0,"16":0,"17":0,"18":0,"19":0,"20":0,"21":0,"22":0,"23":0,"24":0,"25":0,"26":0,"27":0,"28":0,"29":0,"30":0,"31":0,"32":0,"33":0,"34":0,"35":0,"36":0},"f":{"0":0,"1":0,"2":0,"3":0,"4":0},"b":{"0":[0,0],"1":[0,0],"2":[0,0],"3":[0,0],"4":[0,0],"5":[0,0],"6":[0,0],"7":[0,0],"8":[0,0],"9":[0,0],"10":[0,0],"11":[0],"12":[0,0],"13":[0,0]},"meta":{"lastBranch":14,"lastFunction":5,"lastStatement":37,"seen":{"f:25:47:25:Infinity":0,"s:26:19:26:Infinity":0,"s:28:2:37:Infinity":1,"b:29:4:36:Infinity:undefined:undefined:undefined:undefined":0,"s:29:4:36:Infinity":2,"s:30:20:30:Infinity":3,"b:31:6:35:Infinity:undefined:undefined:undefined:undefined":1,"s:31:6:35:Infinity":4,"s:34:8:34:Infinity":5,"s:39:2:39:Infinity":6,"f:48:16:48:56":1,"s:49:15:49:Infinity":7,"s:53:16:53:Infinity":8,"s:54:20:54:Infinity":9,"s:55:27:55:Infinity":10,"b:58:2:64:Infinity:60:2:64:Infinity":2,"s:58:2:64:Infinity":11,"s:59:4:59:Infinity":12,"b:60:2:64:Infinity:62:9:64:Infinity":3,"s:60:2:64:Infinity":13,"s:61:4:61:Infinity":14,"s:63:4:63:Infinity":15,"s:66:2:72:Infinity":16,"f:81:16:81:40":2,"b:82:2:121:Infinity:undefined:undefined:undefined:undefined":4,"s:82:2:121:Infinity":17,"s:83:18:83:Infinity":18,"s:85:10:85:Infinity":19,"s:86:10:86:Infinity":20,"s:87:10:87:Infinity":21,"s:90:6:90:Infinity":22,"b:90:38:90:44:90:44:90:Infinity":5,"b:90:79:90:86:90:86:90:Infinity":6,"s:93:6:97:Infinity":23,"b:94:10:94:Infinity:95:10:97:Infinity":7,"b:96:12:96:Infinity:97:12:97:Infinity":8,"s:99:4:102:Infinity":24,"b:104:4:120:Infinity:111:4:120:Infinity":9,"s:104:4:120:Infinity":25,"s:105:6:110:Infinity":26,"b:111:4:120:Infinity:undefined:undefined:undefined:undefined":10,"s:111:4:120:Infinity":27,"s:112:6:119:Infinity":28,"f:131:16:131:32":3,"b:131:79:131:93":11,"s:132:16:132:Infinity":29,"s:133:24:133:Infinity":30,"s:134:2:134:Infinity":31,"f:140:16:140:28":4,"b:141:2:141:Infinity:undefined:undefined:undefined:undefined":12,"s:141:2:141:Infinity":32,"s:141:20:141:Infinity":33,"b:142:2:142:Infinity:undefined:undefined:undefined:undefined":13,"s:142:2:142:Infinity":34,"s:142:27:142:Infinity":35,"s:143:2:143:Infinity":36}}}
,"/home/sallvain/dev/personal/My-Love/src/utils/themes.ts": {"path":"/home/sallvain/dev/personal/My-Love/src/utils/themes.ts","statementMap":{"0":{"start":{"line":3,"column":48},"end":{"line":64,"column":null}},"1":{"start":{"line":67,"column":2},"end":{"line":67,"column":null}},"2":{"start":{"line":71,"column":16},"end":{"line":71,"column":null}},"3":{"start":{"line":72,"column":15},"end":{"line":72,"column":null}},"4":{"start":{"line":75,"column":2},"end":{"line":75,"column":null}},"5":{"start":{"line":76,"column":2},"end":{"line":76,"column":null}},"6":{"start":{"line":77,"column":2},"end":{"line":77,"column":null}},"7":{"start":{"line":78,"column":2},"end":{"line":78,"column":null}},"8":{"start":{"line":79,"column":2},"end":{"line":79,"column":null}},"9":{"start":{"line":80,"column":2},"end":{"line":80,"column":null}},"10":{"start":{"line":81,"column":2},"end":{"line":81,"column":null}},"11":{"start":{"line":84,"column":2},"end":{"line":84,"column":null}}},"fnMap":{"0":{"name":"getTheme","decl":{"start":{"line":66,"column":16},"end":{"line":66,"column":25}},"loc":{"start":{"line":66,"column":54},"end":{"line":68,"column":null}},"line":66},"1":{"name":"applyTheme","decl":{"start":{"line":70,"column":16},"end":{"line":70,"column":27}},"loc":{"start":{"line":70,"column":55},"end":{"line":85,"column":null}},"line":70}},"branchMap":{},"s":{"0":0,"1":0,"2":0,"3":0,"4":0,"5":0,"6":0,"7":0,"8":0,"9":0,"10":0,"11":0},"f":{"0":0,"1":0},"b":{},"meta":{"lastBranch":0,"lastFunction":2,"lastStatement":12,"seen":{"s:3:48:64:Infinity":0,"f:66:16:66:25":0,"s:67:2:67:Infinity":1,"f:70:16:70:27":1,"s:71:16:71:Infinity":2,"s:72:15:72:Infinity":3,"s:75:2:75:Infinity":4,"s:76:2:76:Infinity":5,"s:77:2:77:Infinity":6,"s:78:2:78:Infinity":7,"s:79:2:79:Infinity":8,"s:80:2:80:Infinity":9,"s:81:2:81:Infinity":10,"s:84:2:84:Infinity":11}}}
,"/home/sallvain/dev/personal/My-Love/src/validation/errorMessages.ts": {"path":"/home/sallvain/dev/personal/My-Love/src/validation/errorMessages.ts","statementMap":{"0":{"start":{"line":18,"column":4},"end":{"line":18,"column":null}},"1":{"start":{"line":19,"column":4},"end":{"line":19,"column":null}},"2":{"start":{"line":20,"column":4},"end":{"line":20,"column":null}},"3":{"start":{"line":27,"column":47},"end":{"line":51,"column":null}},"4":{"start":{"line":57,"column":15},"end":{"line":57,"column":null}},"5":{"start":{"line":58,"column":20},"end":{"line":58,"column":null}},"6":{"start":{"line":61,"column":16},"end":{"line":61,"column":null}},"7":{"start":{"line":64,"column":2},"end":{"line":94,"column":null}},"8":{"start":{"line":66,"column":6},"end":{"line":72,"column":null}},"9":{"start":{"line":67,"column":8},"end":{"line":71,"column":null}},"10":{"start":{"line":68,"column":10},"end":{"line":68,"column":null}},"11":{"start":{"line":70,"column":10},"end":{"line":70,"column":null}},"12":{"start":{"line":73,"column":6},"end":{"line":73,"column":null}},"13":{"start":{"line":75,"column":6},"end":{"line":77,"column":null}},"14":{"start":{"line":76,"column":8},"end":{"line":76,"column":null}},"15":{"start":{"line":78,"column":6},"end":{"line":78,"column":null}},"16":{"start":{"line":80,"column":6},"end":{"line":80,"column":null}},"17":{"start":{"line":81,"column":6},"end":{"line":81,"column":null}},"18":{"start":{"line":83,"column":6},"end":{"line":87,"column":null}},"19":{"start":{"line":84,"column":8},"end":{"line":84,"column":null}},"20":{"start":{"line":86,"column":8},"end":{"line":86,"column":null}},"21":{"start":{"line":88,"column":6},"end":{"line":88,"column":null}},"22":{"start":{"line":91,"column":6},"end":{"line":93,"column":null}},"23":{"start":{"line":92,"column":8},"end":{"line":92,"column":null}},"24":{"start":{"line":96,"column":2},"end":{"line":96,"column":null}},"25":{"start":{"line":116,"column":22},"end":{"line":116,"column":null}},"26":{"start":{"line":118,"column":2},"end":{"line":120,"column":null}},"27":{"start":{"line":119,"column":4},"end":{"line":119,"column":null}},"28":{"start":{"line":122,"column":2},"end":{"line":124,"column":null}},"29":{"start":{"line":123,"column":4},"end":{"line":123,"column":null}},"30":{"start":{"line":127,"column":2},"end":{"line":127,"column":null}},"31":{"start":{"line":127,"column":34},"end":{"line":127,"column":45}},"32":{"start":{"line":149,"column":22},"end":{"line":149,"column":null}},"33":{"start":{"line":151,"column":2},"end":{"line":157,"column":null}},"34":{"start":{"line":152,"column":31},"end":{"line":152,"column":null}},"35":{"start":{"line":154,"column":4},"end":{"line":156,"column":null}},"36":{"start":{"line":155,"column":6},"end":{"line":155,"column":null}},"37":{"start":{"line":159,"column":2},"end":{"line":159,"column":null}},"38":{"start":{"line":180,"column":18},"end":{"line":180,"column":null}},"39":{"start":{"line":181,"column":22},"end":{"line":181,"column":null}},"40":{"start":{"line":182,"column":2},"end":{"line":182,"column":null}},"41":{"start":{"line":189,"column":2},"end":{"line":189,"column":null}},"42":{"start":{"line":196,"column":2},"end":{"line":196,"column":null}}},"fnMap":{"0":{"name":"(anonymous_0)","decl":{"start":{"line":17,"column":2},"end":{"line":17,"column":14}},"loc":{"start":{"line":17,"column":66},"end":{"line":21,"column":null}},"line":17},"1":{"name":"formatIssue","decl":{"start":{"line":56,"column":9},"end":{"line":56,"column":21}},"loc":{"start":{"line":56,"column":74},"end":{"line":97,"column":null}},"line":56},"2":{"name":"formatZodError","decl":{"start":{"line":115,"column":16},"end":{"line":115,"column":31}},"loc":{"start":{"line":115,"column":56},"end":{"line":128,"column":null}},"line":115},"3":{"name":"(anonymous_3)","decl":{"start":{"line":127,"column":25},"end":{"line":127,"column":26}},"loc":{"start":{"line":127,"column":34},"end":{"line":127,"column":45}},"line":127},"4":{"name":"getFieldErrors","decl":{"start":{"line":148,"column":16},"end":{"line":148,"column":31}},"loc":{"start":{"line":148,"column":69},"end":{"line":160,"column":null}},"line":148},"5":{"name":"(anonymous_5)","decl":{"start":{"line":151,"column":23},"end":{"line":151,"column":24}},"loc":{"start":{"line":151,"column":34},"end":{"line":157,"column":3}},"line":151},"6":{"name":"createValidationError","decl":{"start":{"line":179,"column":16},"end":{"line":179,"column":38}},"loc":{"start":{"line":179,"column":72},"end":{"line":183,"column":null}},"line":179},"7":{"name":"isValidationError","decl":{"start":{"line":188,"column":16},"end":{"line":188,"column":34}},"loc":{"start":{"line":188,"column":76},"end":{"line":190,"column":null}},"line":188},"8":{"name":"isZodError","decl":{"start":{"line":195,"column":16},"end":{"line":195,"column":27}},"loc":{"start":{"line":195,"column":62},"end":{"line":197,"column":null}},"line":195}},"branchMap":{"0":{"loc":{"start":{"line":20,"column":23},"end":{"line":20,"column":null}},"type":"binary-expr","locations":[{"start":{"line":20,"column":23},"end":{"line":20,"column":38}},{"start":{"line":20,"column":38},"end":{"line":20,"column":null}}],"line":20},"1":{"loc":{"start":{"line":58,"column":20},"end":{"line":58,"column":null}},"type":"binary-expr","locations":[{"start":{"line":58,"column":20},"end":{"line":58,"column":44}},{"start":{"line":58,"column":44},"end":{"line":58,"column":52}},{"start":{"line":58,"column":52},"end":{"line":58,"column":null}}],"line":58},"2":{"loc":{"start":{"line":64,"column":2},"end":{"line":94,"column":null}},"type":"switch","locations":[{"start":{"line":65,"column":4},"end":{"line":73,"column":null}},{"start":{"line":74,"column":4},"end":{"line":78,"column":null}},{"start":{"line":79,"column":4},"end":{"line":81,"column":null}},{"start":{"line":82,"column":4},"end":{"line":88,"column":null}},{"start":{"line":89,"column":4},"end":{"line":93,"column":null}}],"line":64},"3":{"loc":{"start":{"line":66,"column":6},"end":{"line":72,"column":null}},"type":"if","locations":[{"start":{"line":66,"column":6},"end":{"line":72,"column":null}},{"start":{},"end":{}}],"line":66},"4":{"loc":{"start":{"line":67,"column":8},"end":{"line":71,"column":null}},"type":"if","locations":[{"start":{"line":67,"column":8},"end":{"line":71,"column":null}},{"start":{"line":69,"column":15},"end":{"line":71,"column":null}}],"line":67},"5":{"loc":{"start":{"line":75,"column":6},"end":{"line":77,"column":null}},"type":"if","locations":[{"start":{"line":75,"column":6},"end":{"line":77,"column":null}},{"start":{},"end":{}}],"line":75},"6":{"loc":{"start":{"line":83,"column":6},"end":{"line":87,"column":null}},"type":"if","locations":[{"start":{"line":83,"column":6},"end":{"line":87,"column":null}},{"start":{"line":85,"column":13},"end":{"line":87,"column":null}}],"line":83},"7":{"loc":{"start":{"line":91,"column":6},"end":{"line":93,"column":null}},"type":"if","locations":[{"start":{"line":91,"column":6},"end":{"line":93,"column":null}},{"start":{},"end":{}}],"line":91},"8":{"loc":{"start":{"line":91,"column":10},"end":{"line":91,"column":46}},"type":"binary-expr","locations":[{"start":{"line":91,"column":10},"end":{"line":91,"column":22}},{"start":{"line":91,"column":22},"end":{"line":91,"column":46}}],"line":91},"9":{"loc":{"start":{"line":118,"column":2},"end":{"line":120,"column":null}},"type":"if","locations":[{"start":{"line":118,"column":2},"end":{"line":120,"column":null}},{"start":{},"end":{}}],"line":118},"10":{"loc":{"start":{"line":122,"column":2},"end":{"line":124,"column":null}},"type":"if","locations":[{"start":{"line":122,"column":2},"end":{"line":124,"column":null}},{"start":{},"end":{}}],"line":122},"11":{"loc":{"start":{"line":154,"column":4},"end":{"line":156,"column":null}},"type":"if","locations":[{"start":{"line":154,"column":4},"end":{"line":156,"column":null}},{"start":{},"end":{}}],"line":154}},"s":{"0":0,"1":0,"2":0,"3":0,"4":0,"5":0,"6":0,"7":0,"8":0,"9":0,"10":0,"11":0,"12":0,"13":0,"14":0,"15":0,"16":0,"17":0,"18":0,"19":0,"20":0,"21":0,"22":0,"23":0,"24":0,"25":0,"26":0,"27":0,"28":0,"29":0,"30":0,"31":0,"32":0,"33":0,"34":0,"35":0,"36":0,"37":0,"38":0,"39":0,"40":0,"41":0,"42":0},"f":{"0":0,"1":0,"2":0,"3":0,"4":0,"5":0,"6":0,"7":0,"8":0},"b":{"0":[0,0],"1":[0,0,0],"2":[0,0,0,0,0],"3":[0,0],"4":[0,0],"5":[0,0],"6":[0,0],"7":[0,0],"8":[0,0],"9":[0,0],"10":[0,0],"11":[0,0]},"meta":{"lastBranch":12,"lastFunction":9,"lastStatement":43,"seen":{"f:17:2:17:14":0,"s:18:4:18:Infinity":0,"s:19:4:19:Infinity":1,"s:20:4:20:Infinity":2,"b:20:23:20:38:20:38:20:Infinity":0,"s:27:47:51:Infinity":3,"f:56:9:56:21":1,"s:57:15:57:Infinity":4,"s:58:20:58:Infinity":5,"b:58:20:58:44:58:44:58:52:58:52:58:Infinity":1,"s:61:16:61:Infinity":6,"b:65:4:73:Infinity:74:4:78:Infinity:79:4:81:Infinity:82:4:88:Infinity:89:4:93:Infinity":2,"s:64:2:94:Infinity":7,"b:66:6:72:Infinity:undefined:undefined:undefined:undefined":3,"s:66:6:72:Infinity":8,"b:67:8:71:Infinity:69:15:71:Infinity":4,"s:67:8:71:Infinity":9,"s:68:10:68:Infinity":10,"s:70:10:70:Infinity":11,"s:73:6:73:Infinity":12,"b:75:6:77:Infinity:undefined:undefined:undefined:undefined":5,"s:75:6:77:Infinity":13,"s:76:8:76:Infinity":14,"s:78:6:78:Infinity":15,"s:80:6:80:Infinity":16,"s:81:6:81:Infinity":17,"b:83:6:87:Infinity:85:13:87:Infinity":6,"s:83:6:87:Infinity":18,"s:84:8:84:Infinity":19,"s:86:8:86:Infinity":20,"s:88:6:88:Infinity":21,"b:91:6:93:Infinity:undefined:undefined:undefined:undefined":7,"s:91:6:93:Infinity":22,"b:91:10:91:22:91:22:91:46":8,"s:92:8:92:Infinity":23,"s:96:2:96:Infinity":24,"f:115:16:115:31":2,"s:116:22:116:Infinity":25,"b:118:2:120:Infinity:undefined:undefined:undefined:undefined":9,"s:118:2:120:Infinity":26,"s:119:4:119:Infinity":27,"b:122:2:124:Infinity:undefined:undefined:undefined:undefined":10,"s:122:2:124:Infinity":28,"s:123:4:123:Infinity":29,"s:127:2:127:Infinity":30,"f:127:25:127:26":3,"s:127:34:127:45":31,"f:148:16:148:31":4,"s:149:22:149:Infinity":32,"s:151:2:157:Infinity":33,"f:151:23:151:24":5,"s:152:31:152:Infinity":34,"b:154:4:156:Infinity:undefined:undefined:undefined:undefined":11,"s:154:4:156:Infinity":35,"s:155:6:155:Infinity":36,"s:159:2:159:Infinity":37,"f:179:16:179:38":6,"s:180:18:180:Infinity":38,"s:181:22:181:Infinity":39,"s:182:2:182:Infinity":40,"f:188:16:188:34":7,"s:189:2:189:Infinity":41,"f:195:16:195:27":8,"s:196:2:196:Infinity":42}}}
,"/home/sallvain/dev/personal/My-Love/src/validation/index.ts": {"path":"/home/sallvain/dev/personal/My-Love/src/validation/index.ts","statementMap":{},"fnMap":{},"branchMap":{},"s":{},"f":{},"b":{},"meta":{"lastBranch":0,"lastFunction":0,"lastStatement":0,"seen":{}}}
,"/home/sallvain/dev/personal/My-Love/src/validation/schemas.ts": {"path":"/home/sallvain/dev/personal/My-Love/src/validation/schemas.ts","statementMap":{"0":{"start":{"line":20,"column":30},"end":{"line":20,"column":null}},"1":{"start":{"line":26,"column":29},"end":{"line":42,"column":null}},"2":{"start":{"line":48,"column":40},"end":{"line":60,"column":null}},"3":{"start":{"line":66,"column":40},"end":{"line":80,"column":null}},"4":{"start":{"line":95,"column":28},"end":{"line":95,"column":null}},"5":{"start":{"line":101,"column":27},"end":{"line":112,"column":null}},"6":{"start":{"line":118,"column":38},"end":{"line":122,"column":null}},"7":{"start":{"line":136,"column":23},"end":{"line":136,"column":null}},"8":{"start":{"line":142,"column":28},"end":{"line":154,"column":null}},"9":{"start":{"line":147,"column":32},"end":{"line":147,"column":null}},"10":{"start":{"line":148,"column":4},"end":{"line":148,"column":null}},"11":{"start":{"line":148,"column":33},"end":{"line":148,"column":null}},"12":{"start":{"line":149,"column":4},"end":{"line":149,"column":null}},"13":{"start":{"line":149,"column":29},"end":{"line":149,"column":null}},"14":{"start":{"line":152,"column":20},"end":{"line":152,"column":null}},"15":{"start":{"line":153,"column":4},"end":{"line":153,"column":null}},"16":{"start":{"line":160,"column":31},"end":{"line":164,"column":null}},"17":{"start":{"line":177,"column":24},"end":{"line":177,"column":null}},"18":{"start":{"line":183,"column":25},"end":{"line":189,"column":null}},"19":{"start":{"line":187,"column":27},"end":{"line":187,"column":null}},"20":{"start":{"line":188,"column":4},"end":{"line":188,"column":null}},"21":{"start":{"line":194,"column":26},"end":{"line":199,"column":null}},"22":{"start":{"line":205,"column":30},"end":{"line":221,"column":null}},"23":{"start":{"line":235,"column":42},"end":{"line":249,"column":null}}},"fnMap":{"0":{"name":"(anonymous_0)","decl":{"start":{"line":145,"column":10},"end":{"line":145,"column":11}},"loc":{"start":{"line":145,"column":20},"end":{"line":154,"column":5}},"line":145},"1":{"name":"(anonymous_1)","decl":{"start":{"line":186,"column":10},"end":{"line":186,"column":11}},"loc":{"start":{"line":186,"column":20},"end":{"line":189,"column":5}},"line":186}},"branchMap":{"0":{"loc":{"start":{"line":148,"column":4},"end":{"line":148,"column":null}},"type":"if","locations":[{"start":{"line":148,"column":4},"end":{"line":148,"column":null}},{"start":{},"end":{}}],"line":148},"1":{"loc":{"start":{"line":148,"column":8},"end":{"line":148,"column":33}},"type":"binary-expr","locations":[{"start":{"line":148,"column":8},"end":{"line":148,"column":21}},{"start":{"line":148,"column":21},"end":{"line":148,"column":33}}],"line":148},"2":{"loc":{"start":{"line":149,"column":4},"end":{"line":149,"column":null}},"type":"if","locations":[{"start":{"line":149,"column":4},"end":{"line":149,"column":null}},{"start":{},"end":{}}],"line":149},"3":{"loc":{"start":{"line":149,"column":8},"end":{"line":149,"column":29}},"type":"binary-expr","locations":[{"start":{"line":149,"column":8},"end":{"line":149,"column":19}},{"start":{"line":149,"column":19},"end":{"line":149,"column":29}}],"line":149},"4":{"loc":{"start":{"line":188,"column":11},"end":{"line":188,"column":null}},"type":"binary-expr","locations":[{"start":{"line":188,"column":11},"end":{"line":188,"column":24}},{"start":{"line":188,"column":24},"end":{"line":188,"column":38}},{"start":{"line":188,"column":38},"end":{"line":188,"column":53}},{"start":{"line":188,"column":53},"end":{"line":188,"column":null}}],"line":188}},"s":{"0":0,"1":0,"2":0,"3":0,"4":0,"5":0,"6":0,"7":0,"8":0,"9":0,"10":0,"11":0,"12":0,"13":0,"14":0,"15":0,"16":0,"17":0,"18":0,"19":0,"20":0,"21":0,"22":0,"23":0},"f":{"0":0,"1":0},"b":{"0":[0,0],"1":[0,0],"2":[0,0],"3":[0,0],"4":[0,0,0,0]},"meta":{"lastBranch":5,"lastFunction":2,"lastStatement":24,"seen":{"s:20:30:20:Infinity":0,"s:26:29:42:Infinity":1,"s:48:40:60:Infinity":2,"s:66:40:80:Infinity":3,"s:95:28:95:Infinity":4,"s:101:27:112:Infinity":5,"s:118:38:122:Infinity":6,"s:136:23:136:Infinity":7,"s:142:28:154:Infinity":8,"f:145:10:145:11":0,"s:147:32:147:Infinity":9,"b:148:4:148:Infinity:undefined:undefined:undefined:undefined":0,"s:148:4:148:Infinity":10,"b:148:8:148:21:148:21:148:33":1,"s:148:33:148:Infinity":11,"b:149:4:149:Infinity:undefined:undefined:undefined:undefined":2,"s:149:4:149:Infinity":12,"b:149:8:149:19:149:19:149:29":3,"s:149:29:149:Infinity":13,"s:152:20:152:Infinity":14,"s:153:4:153:Infinity":15,"s:160:31:164:Infinity":16,"s:177:24:177:Infinity":17,"s:183:25:189:Infinity":18,"f:186:10:186:11":1,"s:187:27:187:Infinity":19,"s:188:4:188:Infinity":20,"b:188:11:188:24:188:24:188:38:188:38:188:53:188:53:188:Infinity":4,"s:194:26:199:Infinity":21,"s:205:30:221:Infinity":22,"s:235:42:249:Infinity":23}}}
}
