{"/home/sallvain/dev/personal/My-Love/src/App.tsx": {"path":"/home/sallvain/dev/personal/My-Love/src/App.tsx","statementMap":{"0":{"start":{"line":16,"column":33},"end":{"line":16,"column":null}},"1":{"start":{"line":17,"column":30},"end":{"line":17,"column":null}},"2":{"start":{"line":20,"column":67},"end":{"line":20,"column":null}},"3":{"start":{"line":21,"column":8},"end":{"line":21,"column":null}},"4":{"start":{"line":24,"column":28},"end":{"line":43,"column":null}},"5":{"start":{"line":25,"column":24},"end":{"line":25,"column":null}},"6":{"start":{"line":28,"column":4},"end":{"line":30,"column":null}},"7":{"start":{"line":29,"column":6},"end":{"line":29,"column":null}},"8":{"start":{"line":33,"column":21},"end":{"line":33,"column":null}},"9":{"start":{"line":34,"column":4},"end":{"line":37,"column":null}},"10":{"start":{"line":36,"column":6},"end":{"line":36,"column":null}},"11":{"start":{"line":39,"column":16},"end":{"line":39,"column":null}},"12":{"start":{"line":40,"column":30},"end":{"line":40,"column":null}},"13":{"start":{"line":42,"column":4},"end":{"line":42,"column":null}},"14":{"start":{"line":45,"column":34},"end":{"line":45,"column":null}},"15":{"start":{"line":46,"column":32},"end":{"line":46,"column":null}},"16":{"start":{"line":47,"column":48},"end":{"line":47,"column":null}},"17":{"start":{"line":50,"column":2},"end":{"line":75,"column":null}},"18":{"start":{"line":52,"column":4},"end":{"line":55,"column":null}},"19":{"start":{"line":53,"column":6},"end":{"line":53,"column":null}},"20":{"start":{"line":54,"column":6},"end":{"line":54,"column":null}},"21":{"start":{"line":58,"column":24},"end":{"line":58,"column":null}},"22":{"start":{"line":59,"column":24},"end":{"line":59,"column":null}},"23":{"start":{"line":60,"column":4},"end":{"line":60,"column":null}},"24":{"start":{"line":63,"column":27},"end":{"line":68,"column":null}},"25":{"start":{"line":64,"column":23},"end":{"line":64,"column":null}},"26":{"start":{"line":65,"column":19},"end":{"line":65,"column":null}},"27":{"start":{"line":66,"column":6},"end":{"line":66,"column":null}},"28":{"start":{"line":67,"column":6},"end":{"line":67,"column":null}},"29":{"start":{"line":70,"column":4},"end":{"line":70,"column":null}},"30":{"start":{"line":72,"column":4},"end":{"line":74,"column":null}},"31":{"start":{"line":73,"column":6},"end":{"line":73,"column":null}},"32":{"start":{"line":77,"column":2},"end":{"line":108,"column":null}},"33":{"start":{"line":79,"column":4},"end":{"line":106,"column":null}},"34":{"start":{"line":80,"column":6},"end":{"line":80,"column":null}},"35":{"start":{"line":83,"column":6},"end":{"line":105,"column":null}},"36":{"start":{"line":84,"column":8},"end":{"line":98,"column":null}},"37":{"start":{"line":85,"column":34},"end":{"line":85,"column":null}},"38":{"start":{"line":86,"column":10},"end":{"line":92,"column":null}},"39":{"start":{"line":87,"column":12},"end":{"line":91,"column":null}},"40":{"start":{"line":93,"column":10},"end":{"line":95,"column":null}},"41":{"start":{"line":94,"column":12},"end":{"line":94,"column":null}},"42":{"start":{"line":97,"column":10},"end":{"line":97,"column":null}},"43":{"start":{"line":101,"column":8},"end":{"line":101,"column":null}},"44":{"start":{"line":104,"column":8},"end":{"line":104,"column":null}},"45":{"start":{"line":111,"column":2},"end":{"line":115,"column":null}},"46":{"start":{"line":112,"column":4},"end":{"line":114,"column":null}},"47":{"start":{"line":113,"column":6},"end":{"line":113,"column":null}},"48":{"start":{"line":117,"column":2},"end":{"line":126,"column":null}},"49":{"start":{"line":118,"column":4},"end":{"line":124,"column":null}},"50":{"start":{"line":129,"column":25},"end":{"line":133,"column":null}},"51":{"start":{"line":131,"column":4},"end":{"line":131,"column":null}},"52":{"start":{"line":132,"column":4},"end":{"line":132,"column":null}},"53":{"start":{"line":136,"column":30},"end":{"line":138,"column":null}},"54":{"start":{"line":137,"column":4},"end":{"line":137,"column":null}},"55":{"start":{"line":141,"column":26},"end":{"line":145,"column":null}},"56":{"start":{"line":142,"column":4},"end":{"line":142,"column":null}},"57":{"start":{"line":144,"column":4},"end":{"line":144,"column":null}},"58":{"start":{"line":148,"column":2},"end":{"line":154,"column":null}},"59":{"start":{"line":149,"column":4},"end":{"line":152,"column":null}},"60":{"start":{"line":157,"column":2},"end":{"line":163,"column":null}},"61":{"start":{"line":158,"column":4},"end":{"line":161,"column":null}},"62":{"start":{"line":166,"column":2},"end":{"line":190,"column":null}},"63":{"start":{"line":175,"column":45},"end":{"line":175,"column":73}},"64":{"start":{"line":184,"column":25},"end":{"line":184,"column":null}}},"fnMap":{"0":{"name":"App","decl":{"start":{"line":19,"column":9},"end":{"line":19,"column":15}},"loc":{"start":{"line":19,"column":15},"end":{"line":192,"column":null}},"line":19},"1":{"name":"(anonymous_1)","decl":{"start":{"line":24,"column":28},"end":{"line":24,"column":43}},"loc":{"start":{"line":24,"column":43},"end":{"line":43,"column":null}},"line":24},"2":{"name":"(anonymous_2)","decl":{"start":{"line":50,"column":12},"end":{"line":50,"column":18}},"loc":{"start":{"line":50,"column":18},"end":{"line":75,"column":5}},"line":50},"3":{"name":"(anonymous_3)","decl":{"start":{"line":63,"column":27},"end":{"line":63,"column":33}},"loc":{"start":{"line":63,"column":33},"end":{"line":68,"column":null}},"line":63},"4":{"name":"(anonymous_4)","decl":{"start":{"line":72,"column":11},"end":{"line":72,"column":17}},"loc":{"start":{"line":72,"column":17},"end":{"line":74,"column":null}},"line":72},"5":{"name":"(anonymous_5)","decl":{"start":{"line":77,"column":12},"end":{"line":77,"column":18}},"loc":{"start":{"line":77,"column":18},"end":{"line":108,"column":5}},"line":77},"6":{"name":"(anonymous_6)","decl":{"start":{"line":83,"column":7},"end":{"line":83,"column":19}},"loc":{"start":{"line":83,"column":19},"end":{"line":105,"column":9}},"line":83},"7":{"name":"(anonymous_7)","decl":{"start":{"line":111,"column":12},"end":{"line":111,"column":18}},"loc":{"start":{"line":111,"column":18},"end":{"line":115,"column":5}},"line":111},"8":{"name":"(anonymous_8)","decl":{"start":{"line":129,"column":25},"end":{"line":129,"column":31}},"loc":{"start":{"line":129,"column":31},"end":{"line":133,"column":null}},"line":129},"9":{"name":"(anonymous_9)","decl":{"start":{"line":136,"column":30},"end":{"line":136,"column":36}},"loc":{"start":{"line":136,"column":36},"end":{"line":138,"column":null}},"line":136},"10":{"name":"(anonymous_10)","decl":{"start":{"line":141,"column":26},"end":{"line":141,"column":32}},"loc":{"start":{"line":141,"column":32},"end":{"line":145,"column":null}},"line":141},"11":{"name":"(anonymous_11)","decl":{"start":{"line":175,"column":39},"end":{"line":175,"column":45}},"loc":{"start":{"line":175,"column":45},"end":{"line":175,"column":73}},"line":175},"12":{"name":"(anonymous_12)","decl":{"start":{"line":184,"column":19},"end":{"line":184,"column":25}},"loc":{"start":{"line":184,"column":25},"end":{"line":184,"column":null}},"line":184}},"branchMap":{"0":{"loc":{"start":{"line":28,"column":4},"end":{"line":30,"column":null}},"type":"if","locations":[{"start":{"line":28,"column":4},"end":{"line":30,"column":null}},{"start":{},"end":{}}],"line":28},"1":{"loc":{"start":{"line":34,"column":4},"end":{"line":37,"column":null}},"type":"if","locations":[{"start":{"line":34,"column":4},"end":{"line":37,"column":null}},{"start":{},"end":{}}],"line":34},"2":{"loc":{"start":{"line":52,"column":4},"end":{"line":55,"column":null}},"type":"if","locations":[{"start":{"line":52,"column":4},"end":{"line":55,"column":null}},{"start":{},"end":{}}],"line":52},"3":{"loc":{"start":{"line":59,"column":24},"end":{"line":59,"column":null}},"type":"cond-expr","locations":[{"start":{"line":59,"column":52},"end":{"line":59,"column":63}},{"start":{"line":59,"column":63},"end":{"line":59,"column":null}}],"line":59},"4":{"loc":{"start":{"line":65,"column":19},"end":{"line":65,"column":null}},"type":"cond-expr","locations":[{"start":{"line":65,"column":44},"end":{"line":65,"column":55}},{"start":{"line":65,"column":55},"end":{"line":65,"column":null}}],"line":65},"5":{"loc":{"start":{"line":79,"column":4},"end":{"line":106,"column":null}},"type":"if","locations":[{"start":{"line":79,"column":4},"end":{"line":106,"column":null}},{"start":{},"end":{}}],"line":79},"6":{"loc":{"start":{"line":86,"column":10},"end":{"line":92,"column":null}},"type":"if","locations":[{"start":{"line":86,"column":10},"end":{"line":92,"column":null}},{"start":{},"end":{}}],"line":86},"7":{"loc":{"start":{"line":93,"column":10},"end":{"line":95,"column":null}},"type":"if","locations":[{"start":{"line":93,"column":10},"end":{"line":95,"column":null}},{"start":{},"end":{}}],"line":93},"8":{"loc":{"start":{"line":112,"column":4},"end":{"line":114,"column":null}},"type":"if","locations":[{"start":{"line":112,"column":4},"end":{"line":114,"column":null}},{"start":{},"end":{}}],"line":112},"9":{"loc":{"start":{"line":117,"column":2},"end":{"line":126,"column":null}},"type":"if","locations":[{"start":{"line":117,"column":2},"end":{"line":126,"column":null}},{"start":{},"end":{}}],"line":117},"10":{"loc":{"start":{"line":148,"column":2},"end":{"line":154,"column":null}},"type":"if","locations":[{"start":{"line":148,"column":2},"end":{"line":154,"column":null}},{"start":{},"end":{}}],"line":148},"11":{"loc":{"start":{"line":157,"column":2},"end":{"line":163,"column":null}},"type":"if","locations":[{"start":{"line":157,"column":2},"end":{"line":163,"column":null}},{"start":{},"end":{}}],"line":157},"12":{"loc":{"start":{"line":170,"column":9},"end":{"line":171,"column":null}},"type":"binary-expr","locations":[{"start":{"line":170,"column":9},"end":{"line":170,"column":null}},{"start":{"line":171,"column":10},"end":{"line":171,"column":null}}],"line":170},"13":{"loc":{"start":{"line":174,"column":9},"end":{"line":175,"column":null}},"type":"binary-expr","locations":[{"start":{"line":174,"column":9},"end":{"line":174,"column":null}},{"start":{"line":175,"column":10},"end":{"line":175,"column":null}}],"line":174}},"s":{"0":0,"1":0,"2":0,"3":0,"4":0,"5":0,"6":0,"7":0,"8":0,"9":0,"10":0,"11":0,"12":0,"13":0,"14":0,"15":0,"16":0,"17":0,"18":0,"19":0,"20":0,"21":0,"22":0,"23":0,"24":0,"25":0,"26":0,"27":0,"28":0,"29":0,"30":0,"31":0,"32":0,"33":0,"34":0,"35":0,"36":0,"37":0,"38":0,"39":0,"40":0,"41":0,"42":0,"43":0,"44":0,"45":0,"46":0,"47":0,"48":0,"49":0,"50":0,"51":0,"52":0,"53":0,"54":0,"55":0,"56":0,"57":0,"58":0,"59":0,"60":0,"61":0,"62":0,"63":0,"64":0},"f":{"0":0,"1":0,"2":0,"3":0,"4":0,"5":0,"6":0,"7":0,"8":0,"9":0,"10":0,"11":0,"12":0},"b":{"0":[0,0],"1":[0,0],"2":[0,0],"3":[0,0],"4":[0,0],"5":[0,0],"6":[0,0],"7":[0,0],"8":[0,0],"9":[0,0],"10":[0,0],"11":[0,0],"12":[0,0],"13":[0,0]},"meta":{"lastBranch":14,"lastFunction":13,"lastStatement":65,"seen":{"s:16:33:16:Infinity":0,"s:17:30:17:Infinity":1,"f:19:9:19:15":0,"s:20:67:20:Infinity":2,"s:21:8:21:Infinity":3,"s:24:28:43:Infinity":4,"f:24:28:24:43":1,"s:25:24:25:Infinity":5,"b:28:4:30:Infinity:undefined:undefined:undefined:undefined":0,"s:28:4:30:Infinity":6,"s:29:6:29:Infinity":7,"s:33:21:33:Infinity":8,"b:34:4:37:Infinity:undefined:undefined:undefined:undefined":1,"s:34:4:37:Infinity":9,"s:36:6:36:Infinity":10,"s:39:16:39:Infinity":11,"s:40:30:40:Infinity":12,"s:42:4:42:Infinity":13,"s:45:34:45:Infinity":14,"s:46:32:46:Infinity":15,"s:47:48:47:Infinity":16,"s:50:2:75:Infinity":17,"f:50:12:50:18":2,"b:52:4:55:Infinity:undefined:undefined:undefined:undefined":2,"s:52:4:55:Infinity":18,"s:53:6:53:Infinity":19,"s:54:6:54:Infinity":20,"s:58:24:58:Infinity":21,"s:59:24:59:Infinity":22,"b:59:52:59:63:59:63:59:Infinity":3,"s:60:4:60:Infinity":23,"s:63:27:68:Infinity":24,"f:63:27:63:33":3,"s:64:23:64:Infinity":25,"s:65:19:65:Infinity":26,"b:65:44:65:55:65:55:65:Infinity":4,"s:66:6:66:Infinity":27,"s:67:6:67:Infinity":28,"s:70:4:70:Infinity":29,"s:72:4:74:Infinity":30,"f:72:11:72:17":4,"s:73:6:73:Infinity":31,"s:77:2:108:Infinity":32,"f:77:12:77:18":5,"b:79:4:106:Infinity:undefined:undefined:undefined:undefined":5,"s:79:4:106:Infinity":33,"s:80:6:80:Infinity":34,"s:83:6:105:Infinity":35,"f:83:7:83:19":6,"s:84:8:98:Infinity":36,"s:85:34:85:Infinity":37,"b:86:10:92:Infinity:undefined:undefined:undefined:undefined":6,"s:86:10:92:Infinity":38,"s:87:12:91:Infinity":39,"b:93:10:95:Infinity:undefined:undefined:undefined:undefined":7,"s:93:10:95:Infinity":40,"s:94:12:94:Infinity":41,"s:97:10:97:Infinity":42,"s:101:8:101:Infinity":43,"s:104:8:104:Infinity":44,"s:111:2:115:Infinity":45,"f:111:12:111:18":7,"b:112:4:114:Infinity:undefined:undefined:undefined:undefined":8,"s:112:4:114:Infinity":46,"s:113:6:113:Infinity":47,"b:117:2:126:Infinity:undefined:undefined:undefined:undefined":9,"s:117:2:126:Infinity":48,"s:118:4:124:Infinity":49,"s:129:25:133:Infinity":50,"f:129:25:129:31":8,"s:131:4:131:Infinity":51,"s:132:4:132:Infinity":52,"s:136:30:138:Infinity":53,"f:136:30:136:36":9,"s:137:4:137:Infinity":54,"s:141:26:145:Infinity":55,"f:141:26:141:32":10,"s:142:4:142:Infinity":56,"s:144:4:144:Infinity":57,"b:148:2:154:Infinity:undefined:undefined:undefined:undefined":10,"s:148:2:154:Infinity":58,"s:149:4:152:Infinity":59,"b:157:2:163:Infinity:undefined:undefined:undefined:undefined":11,"s:157:2:163:Infinity":60,"s:158:4:161:Infinity":61,"s:166:2:190:Infinity":62,"b:170:9:170:Infinity:171:10:171:Infinity":12,"b:174:9:174:Infinity:175:10:175:Infinity":13,"f:175:39:175:45":11,"s:175:45:175:73":63,"f:184:19:184:25":12,"s:184:25:184:Infinity":64}}}
,"/home/sallvain/dev/personal/My-Love/src/components/AdminPanel/AdminPanel.tsx": {"path":"/home/sallvain/dev/personal/My-Love/src/components/AdminPanel/AdminPanel.tsx","statementMap":{"0":{"start":{"line":16,"column":95},"end":{"line":16,"column":null}},"1":{"start":{"line":17,"column":38},"end":{"line":17,"column":null}},"2":{"start":{"line":18,"column":42},"end":{"line":18,"column":null}},"3":{"start":{"line":19,"column":44},"end":{"line":19,"column":null}},"4":{"start":{"line":20,"column":8},"end":{"line":20,"column":null}},"5":{"start":{"line":23,"column":2},"end":{"line":27,"column":null}},"6":{"start":{"line":24,"column":4},"end":{"line":26,"column":null}},"7":{"start":{"line":25,"column":6},"end":{"line":25,"column":null}},"8":{"start":{"line":29,"column":21},"end":{"line":36,"column":null}},"9":{"start":{"line":30,"column":4},"end":{"line":35,"column":null}},"10":{"start":{"line":31,"column":6},"end":{"line":31,"column":null}},"11":{"start":{"line":34,"column":6},"end":{"line":34,"column":null}},"12":{"start":{"line":39,"column":23},"end":{"line":46,"column":null}},"13":{"start":{"line":40,"column":4},"end":{"line":45,"column":null}},"14":{"start":{"line":41,"column":6},"end":{"line":41,"column":null}},"15":{"start":{"line":43,"column":6},"end":{"line":43,"column":null}},"16":{"start":{"line":44,"column":6},"end":{"line":44,"column":null}},"17":{"start":{"line":49,"column":28},"end":{"line":51,"column":null}},"18":{"start":{"line":50,"column":4},"end":{"line":50,"column":null}},"19":{"start":{"line":53,"column":27},"end":{"line":69,"column":null}},"20":{"start":{"line":54,"column":17},"end":{"line":54,"column":null}},"21":{"start":{"line":55,"column":4},"end":{"line":55,"column":null}},"22":{"start":{"line":55,"column":15},"end":{"line":55,"column":null}},"23":{"start":{"line":57,"column":4},"end":{"line":68,"column":null}},"24":{"start":{"line":58,"column":21},"end":{"line":58,"column":null}},"25":{"start":{"line":59,"column":6},"end":{"line":59,"column":null}},"26":{"start":{"line":61,"column":6},"end":{"line":61,"column":null}},"27":{"start":{"line":62,"column":6},"end":{"line":62,"column":null}},"28":{"start":{"line":65,"column":6},"end":{"line":67,"column":null}},"29":{"start":{"line":66,"column":8},"end":{"line":66,"column":null}},"30":{"start":{"line":71,"column":2},"end":{"line":190,"column":null}},"31":{"start":{"line":128,"column":31},"end":{"line":128,"column":null}},"32":{"start":{"line":164,"column":27},"end":{"line":164,"column":null}},"33":{"start":{"line":173,"column":27},"end":{"line":173,"column":null}},"34":{"start":{"line":184,"column":14},"end":{"line":184,"column":null}},"35":{"start":{"line":186,"column":28},"end":{"line":186,"column":null}}},"fnMap":{"0":{"name":"AdminPanel","decl":{"start":{"line":15,"column":16},"end":{"line":15,"column":27}},"loc":{"start":{"line":15,"column":56},"end":{"line":192,"column":null}},"line":15},"1":{"name":"(anonymous_1)","decl":{"start":{"line":23,"column":12},"end":{"line":23,"column":18}},"loc":{"start":{"line":23,"column":18},"end":{"line":27,"column":5}},"line":23},"2":{"name":"(anonymous_2)","decl":{"start":{"line":29,"column":21},"end":{"line":29,"column":27}},"loc":{"start":{"line":29,"column":27},"end":{"line":36,"column":null}},"line":29},"3":{"name":"(anonymous_3)","decl":{"start":{"line":39,"column":23},"end":{"line":39,"column":35}},"loc":{"start":{"line":39,"column":35},"end":{"line":46,"column":null}},"line":39},"4":{"name":"(anonymous_4)","decl":{"start":{"line":49,"column":28},"end":{"line":49,"column":34}},"loc":{"start":{"line":49,"column":34},"end":{"line":51,"column":null}},"line":49},"5":{"name":"(anonymous_5)","decl":{"start":{"line":53,"column":27},"end":{"line":53,"column":34}},"loc":{"start":{"line":53,"column":81},"end":{"line":69,"column":null}},"line":53},"6":{"name":"(anonymous_6)","decl":{"start":{"line":128,"column":25},"end":{"line":128,"column":31}},"loc":{"start":{"line":128,"column":31},"end":{"line":128,"column":null}},"line":128},"7":{"name":"(anonymous_7)","decl":{"start":{"line":164,"column":21},"end":{"line":164,"column":27}},"loc":{"start":{"line":164,"column":27},"end":{"line":164,"column":null}},"line":164},"8":{"name":"(anonymous_8)","decl":{"start":{"line":173,"column":21},"end":{"line":173,"column":27}},"loc":{"start":{"line":173,"column":27},"end":{"line":173,"column":null}},"line":173},"9":{"name":"(anonymous_9)","decl":{"start":{"line":182,"column":23},"end":{"line":182,"column":29}},"loc":{"start":{"line":182,"column":29},"end":{"line":185,"column":null}},"line":182},"10":{"name":"(anonymous_10)","decl":{"start":{"line":186,"column":22},"end":{"line":186,"column":28}},"loc":{"start":{"line":186,"column":28},"end":{"line":186,"column":null}},"line":186}},"branchMap":{"0":{"loc":{"start":{"line":24,"column":4},"end":{"line":26,"column":null}},"type":"if","locations":[{"start":{"line":24,"column":4},"end":{"line":26,"column":null}},{"start":{},"end":{}}],"line":24},"1":{"loc":{"start":{"line":30,"column":4},"end":{"line":35,"column":null}},"type":"if","locations":[{"start":{"line":30,"column":4},"end":{"line":35,"column":null}},{"start":{"line":32,"column":11},"end":{"line":35,"column":null}}],"line":30},"2":{"loc":{"start":{"line":55,"column":4},"end":{"line":55,"column":null}},"type":"if","locations":[{"start":{"line":55,"column":4},"end":{"line":55,"column":null}},{"start":{},"end":{}}],"line":55},"3":{"loc":{"start":{"line":65,"column":6},"end":{"line":67,"column":null}},"type":"if","locations":[{"start":{"line":65,"column":6},"end":{"line":67,"column":null}},{"start":{},"end":{}}],"line":65},"4":{"loc":{"start":{"line":161,"column":9},"end":{"line":165,"column":null}},"type":"binary-expr","locations":[{"start":{"line":161,"column":9},"end":{"line":161,"column":null}},{"start":{"line":162,"column":10},"end":{"line":165,"column":null}}],"line":161},"5":{"loc":{"start":{"line":169,"column":9},"end":{"line":174,"column":null}},"type":"binary-expr","locations":[{"start":{"line":169,"column":9},"end":{"line":169,"column":null}},{"start":{"line":170,"column":10},"end":{"line":174,"column":null}}],"line":169},"6":{"loc":{"start":{"line":178,"column":9},"end":{"line":187,"column":null}},"type":"binary-expr","locations":[{"start":{"line":178,"column":9},"end":{"line":178,"column":null}},{"start":{"line":179,"column":10},"end":{"line":187,"column":null}}],"line":178}},"s":{"0":0,"1":0,"2":0,"3":0,"4":0,"5":0,"6":0,"7":0,"8":0,"9":0,"10":0,"11":0,"12":0,"13":0,"14":0,"15":0,"16":0,"17":0,"18":0,"19":0,"20":0,"21":0,"22":0,"23":0,"24":0,"25":0,"26":0,"27":0,"28":0,"29":0,"30":0,"31":0,"32":0,"33":0,"34":0,"35":0},"f":{"0":0,"1":0,"2":0,"3":0,"4":0,"5":0,"6":0,"7":0,"8":0,"9":0,"10":0},"b":{"0":[0,0],"1":[0,0],"2":[0,0],"3":[0,0],"4":[0,0],"5":[0,0],"6":[0,0]},"meta":{"lastBranch":7,"lastFunction":11,"lastStatement":36,"seen":{"f:15:16:15:27":0,"s:16:95:16:Infinity":0,"s:17:38:17:Infinity":1,"s:18:42:18:Infinity":2,"s:19:44:19:Infinity":3,"s:20:8:20:Infinity":4,"s:23:2:27:Infinity":5,"f:23:12:23:18":1,"b:24:4:26:Infinity:undefined:undefined:undefined:undefined":0,"s:24:4:26:Infinity":6,"s:25:6:25:Infinity":7,"s:29:21:36:Infinity":8,"f:29:21:29:27":2,"b:30:4:35:Infinity:32:11:35:Infinity":1,"s:30:4:35:Infinity":9,"s:31:6:31:Infinity":10,"s:34:6:34:Infinity":11,"s:39:23:46:Infinity":12,"f:39:23:39:35":3,"s:40:4:45:Infinity":13,"s:41:6:41:Infinity":14,"s:43:6:43:Infinity":15,"s:44:6:44:Infinity":16,"s:49:28:51:Infinity":17,"f:49:28:49:34":4,"s:50:4:50:Infinity":18,"s:53:27:69:Infinity":19,"f:53:27:53:34":5,"s:54:17:54:Infinity":20,"b:55:4:55:Infinity:undefined:undefined:undefined:undefined":2,"s:55:4:55:Infinity":21,"s:55:15:55:Infinity":22,"s:57:4:68:Infinity":23,"s:58:21:58:Infinity":24,"s:59:6:59:Infinity":25,"s:61:6:61:Infinity":26,"s:62:6:62:Infinity":27,"b:65:6:67:Infinity:undefined:undefined:undefined:undefined":3,"s:65:6:67:Infinity":28,"s:66:8:66:Infinity":29,"s:71:2:190:Infinity":30,"f:128:25:128:31":6,"s:128:31:128:Infinity":31,"b:161:9:161:Infinity:162:10:165:Infinity":4,"f:164:21:164:27":7,"s:164:27:164:Infinity":32,"b:169:9:169:Infinity:170:10:174:Infinity":5,"f:173:21:173:27":8,"s:173:27:173:Infinity":33,"b:178:9:178:Infinity:179:10:187:Infinity":6,"f:182:23:182:29":9,"s:184:14:184:Infinity":34,"f:186:22:186:28":10,"s:186:28:186:Infinity":35}}}
,"/home/sallvain/dev/personal/My-Love/src/components/AdminPanel/CreateMessageForm.tsx": {"path":"/home/sallvain/dev/personal/My-Love/src/components/AdminPanel/CreateMessageForm.tsx","statementMap":{"0":{"start":{"line":13,"column":30},"end":{"line":13,"column":null}},"1":{"start":{"line":14,"column":22},"end":{"line":14,"column":null}},"2":{"start":{"line":15,"column":30},"end":{"line":15,"column":null}},"3":{"start":{"line":16,"column":26},"end":{"line":16,"column":null}},"4":{"start":{"line":18,"column":20},"end":{"line":18,"column":null}},"5":{"start":{"line":19,"column":25},"end":{"line":19,"column":null}},"6":{"start":{"line":20,"column":18},"end":{"line":20,"column":null}},"7":{"start":{"line":22,"column":21},"end":{"line":30,"column":null}},"8":{"start":{"line":23,"column":4},"end":{"line":29,"column":null}},"9":{"start":{"line":24,"column":6},"end":{"line":24,"column":null}},"10":{"start":{"line":25,"column":6},"end":{"line":25,"column":null}},"11":{"start":{"line":26,"column":6},"end":{"line":26,"column":null}},"12":{"start":{"line":27,"column":6},"end":{"line":27,"column":null}},"13":{"start":{"line":28,"column":6},"end":{"line":28,"column":null}},"14":{"start":{"line":32,"column":23},"end":{"line":37,"column":null}},"15":{"start":{"line":33,"column":4},"end":{"line":33,"column":null}},"16":{"start":{"line":34,"column":4},"end":{"line":34,"column":null}},"17":{"start":{"line":35,"column":4},"end":{"line":35,"column":null}},"18":{"start":{"line":36,"column":4},"end":{"line":36,"column":null}},"19":{"start":{"line":39,"column":2},"end":{"line":39,"column":null}},"20":{"start":{"line":39,"column":15},"end":{"line":39,"column":null}},"21":{"start":{"line":41,"column":2},"end":{"line":179,"column":null}},"22":{"start":{"line":64,"column":26},"end":{"line":64,"column":null}},"23":{"start":{"line":92,"column":33},"end":{"line":92,"column":null}},"24":{"start":{"line":119,"column":33},"end":{"line":119,"column":null}},"25":{"start":{"line":141,"column":35},"end":{"line":141,"column":null}}},"fnMap":{"0":{"name":"CreateMessageForm","decl":{"start":{"line":12,"column":16},"end":{"line":12,"column":34}},"loc":{"start":{"line":12,"column":79},"end":{"line":181,"column":null}},"line":12},"1":{"name":"(anonymous_1)","decl":{"start":{"line":22,"column":21},"end":{"line":22,"column":27}},"loc":{"start":{"line":22,"column":27},"end":{"line":30,"column":null}},"line":22},"2":{"name":"(anonymous_2)","decl":{"start":{"line":32,"column":23},"end":{"line":32,"column":29}},"loc":{"start":{"line":32,"column":29},"end":{"line":37,"column":null}},"line":32},"3":{"name":"(anonymous_3)","decl":{"start":{"line":64,"column":19},"end":{"line":64,"column":20}},"loc":{"start":{"line":64,"column":26},"end":{"line":64,"column":null}},"line":64},"4":{"name":"(anonymous_4)","decl":{"start":{"line":92,"column":26},"end":{"line":92,"column":27}},"loc":{"start":{"line":92,"column":33},"end":{"line":92,"column":null}},"line":92},"5":{"name":"(anonymous_5)","decl":{"start":{"line":119,"column":26},"end":{"line":119,"column":27}},"loc":{"start":{"line":119,"column":33},"end":{"line":119,"column":null}},"line":119},"6":{"name":"(anonymous_6)","decl":{"start":{"line":141,"column":28},"end":{"line":141,"column":29}},"loc":{"start":{"line":141,"column":35},"end":{"line":141,"column":null}},"line":141}},"branchMap":{"0":{"loc":{"start":{"line":20,"column":18},"end":{"line":20,"column":null}},"type":"binary-expr","locations":[{"start":{"line":20,"column":18},"end":{"line":20,"column":44}},{"start":{"line":20,"column":44},"end":{"line":20,"column":null}}],"line":20},"1":{"loc":{"start":{"line":23,"column":4},"end":{"line":29,"column":null}},"type":"if","locations":[{"start":{"line":23,"column":4},"end":{"line":29,"column":null}},{"start":{},"end":{}}],"line":23},"2":{"loc":{"start":{"line":39,"column":2},"end":{"line":39,"column":null}},"type":"if","locations":[{"start":{"line":39,"column":2},"end":{"line":39,"column":null}},{"start":{},"end":{}}],"line":39},"3":{"loc":{"start":{"line":101,"column":19},"end":{"line":101,"column":null}},"type":"cond-expr","locations":[{"start":{"line":101,"column":39},"end":{"line":101,"column":52}},{"start":{"line":101,"column":52},"end":{"line":101,"column":null}}],"line":101},"4":{"loc":{"start":{"line":104,"column":18},"end":{"line":104,"column":null}},"type":"cond-expr","locations":[{"start":{"line":104,"column":40},"end":{"line":104,"column":60}},{"start":{"line":104,"column":60},"end":{"line":104,"column":null}}],"line":104},"5":{"loc":{"start":{"line":150,"column":21},"end":{"line":152,"column":null}},"type":"cond-expr","locations":[{"start":{"line":151,"column":24},"end":{"line":151,"column":null}},{"start":{"line":152,"column":24},"end":{"line":152,"column":null}}],"line":150}},"s":{"0":0,"1":0,"2":0,"3":0,"4":0,"5":0,"6":0,"7":0,"8":0,"9":0,"10":0,"11":0,"12":0,"13":0,"14":0,"15":0,"16":0,"17":0,"18":0,"19":0,"20":0,"21":0,"22":0,"23":0,"24":0,"25":0},"f":{"0":0,"1":0,"2":0,"3":0,"4":0,"5":0,"6":0},"b":{"0":[0,0],"1":[0,0],"2":[0,0],"3":[0,0],"4":[0,0],"5":[0,0]},"meta":{"lastBranch":6,"lastFunction":7,"lastStatement":26,"seen":{"f:12:16:12:34":0,"s:13:30:13:Infinity":0,"s:14:22:14:Infinity":1,"s:15:30:15:Infinity":2,"s:16:26:16:Infinity":3,"s:18:20:18:Infinity":4,"s:19:25:19:Infinity":5,"s:20:18:20:Infinity":6,"b:20:18:20:44:20:44:20:Infinity":0,"s:22:21:30:Infinity":7,"f:22:21:22:27":1,"b:23:4:29:Infinity:undefined:undefined:undefined:undefined":1,"s:23:4:29:Infinity":8,"s:24:6:24:Infinity":9,"s:25:6:25:Infinity":10,"s:26:6:26:Infinity":11,"s:27:6:27:Infinity":12,"s:28:6:28:Infinity":13,"s:32:23:37:Infinity":14,"f:32:23:32:29":2,"s:33:4:33:Infinity":15,"s:34:4:34:Infinity":16,"s:35:4:35:Infinity":17,"s:36:4:36:Infinity":18,"b:39:2:39:Infinity:undefined:undefined:undefined:undefined":2,"s:39:2:39:Infinity":19,"s:39:15:39:Infinity":20,"s:41:2:179:Infinity":21,"f:64:19:64:20":3,"s:64:26:64:Infinity":22,"f:92:26:92:27":4,"s:92:33:92:Infinity":23,"b:101:39:101:52:101:52:101:Infinity":3,"b:104:40:104:60:104:60:104:Infinity":4,"f:119:26:119:27":5,"s:119:33:119:Infinity":24,"f:141:28:141:29":6,"s:141:35:141:Infinity":25,"b:151:24:151:Infinity:152:24:152:Infinity":5}}}
,"/home/sallvain/dev/personal/My-Love/src/components/AdminPanel/DeleteConfirmDialog.tsx": {"path":"/home/sallvain/dev/personal/My-Love/src/components/AdminPanel/DeleteConfirmDialog.tsx","statementMap":{"0":{"start":{"line":14,"column":30},"end":{"line":14,"column":null}},"1":{"start":{"line":16,"column":23},"end":{"line":19,"column":null}},"2":{"start":{"line":17,"column":4},"end":{"line":17,"column":null}},"3":{"start":{"line":18,"column":4},"end":{"line":18,"column":null}},"4":{"start":{"line":21,"column":2},"end":{"line":21,"column":null}},"5":{"start":{"line":21,"column":15},"end":{"line":21,"column":null}},"6":{"start":{"line":23,"column":2},"end":{"line":91,"column":null}},"7":{"start":{"line":46,"column":26},"end":{"line":46,"column":null}}},"fnMap":{"0":{"name":"DeleteConfirmDialog","decl":{"start":{"line":13,"column":16},"end":{"line":13,"column":36}},"loc":{"start":{"line":13,"column":104},"end":{"line":93,"column":null}},"line":13},"1":{"name":"(anonymous_1)","decl":{"start":{"line":16,"column":23},"end":{"line":16,"column":29}},"loc":{"start":{"line":16,"column":29},"end":{"line":19,"column":null}},"line":16},"2":{"name":"(anonymous_2)","decl":{"start":{"line":46,"column":19},"end":{"line":46,"column":20}},"loc":{"start":{"line":46,"column":26},"end":{"line":46,"column":null}},"line":46}},"branchMap":{"0":{"loc":{"start":{"line":21,"column":2},"end":{"line":21,"column":null}},"type":"if","locations":[{"start":{"line":21,"column":2},"end":{"line":21,"column":null}},{"start":{},"end":{}}],"line":21}},"s":{"0":0,"1":0,"2":0,"3":0,"4":0,"5":0,"6":0,"7":0},"f":{"0":0,"1":0,"2":0},"b":{"0":[0,0]},"meta":{"lastBranch":1,"lastFunction":3,"lastStatement":8,"seen":{"f:13:16:13:36":0,"s:14:30:14:Infinity":0,"s:16:23:19:Infinity":1,"f:16:23:16:29":1,"s:17:4:17:Infinity":2,"s:18:4:18:Infinity":3,"b:21:2:21:Infinity:undefined:undefined:undefined:undefined":0,"s:21:2:21:Infinity":4,"s:21:15:21:Infinity":5,"s:23:2:91:Infinity":6,"f:46:19:46:20":2,"s:46:26:46:Infinity":7}}}
,"/home/sallvain/dev/personal/My-Love/src/components/AdminPanel/EditMessageForm.tsx": {"path":"/home/sallvain/dev/personal/My-Love/src/components/AdminPanel/EditMessageForm.tsx","statementMap":{"0":{"start":{"line":14,"column":30},"end":{"line":14,"column":null}},"1":{"start":{"line":15,"column":22},"end":{"line":15,"column":null}},"2":{"start":{"line":16,"column":30},"end":{"line":16,"column":null}},"3":{"start":{"line":17,"column":26},"end":{"line":17,"column":null}},"4":{"start":{"line":20,"column":2},"end":{"line":24,"column":null}},"5":{"start":{"line":21,"column":4},"end":{"line":21,"column":null}},"6":{"start":{"line":22,"column":4},"end":{"line":22,"column":null}},"7":{"start":{"line":23,"column":4},"end":{"line":23,"column":null}},"8":{"start":{"line":26,"column":20},"end":{"line":26,"column":null}},"9":{"start":{"line":27,"column":25},"end":{"line":27,"column":null}},"10":{"start":{"line":28,"column":18},"end":{"line":28,"column":null}},"11":{"start":{"line":29,"column":21},"end":{"line":29,"column":null}},"12":{"start":{"line":31,"column":21},"end":{"line":41,"column":null}},"13":{"start":{"line":32,"column":4},"end":{"line":40,"column":null}},"14":{"start":{"line":33,"column":6},"end":{"line":38,"column":null}},"15":{"start":{"line":39,"column":6},"end":{"line":39,"column":null}},"16":{"start":{"line":43,"column":23},"end":{"line":48,"column":null}},"17":{"start":{"line":44,"column":4},"end":{"line":44,"column":null}},"18":{"start":{"line":45,"column":4},"end":{"line":45,"column":null}},"19":{"start":{"line":46,"column":4},"end":{"line":46,"column":null}},"20":{"start":{"line":47,"column":4},"end":{"line":47,"column":null}},"21":{"start":{"line":50,"column":2},"end":{"line":50,"column":null}},"22":{"start":{"line":50,"column":15},"end":{"line":50,"column":null}},"23":{"start":{"line":52,"column":2},"end":{"line":209,"column":null}},"24":{"start":{"line":75,"column":26},"end":{"line":75,"column":null}},"25":{"start":{"line":103,"column":33},"end":{"line":103,"column":null}},"26":{"start":{"line":130,"column":33},"end":{"line":130,"column":null}},"27":{"start":{"line":149,"column":35},"end":{"line":149,"column":null}}},"fnMap":{"0":{"name":"EditMessageForm","decl":{"start":{"line":13,"column":16},"end":{"line":13,"column":32}},"loc":{"start":{"line":13,"column":84},"end":{"line":211,"column":null}},"line":13},"1":{"name":"(anonymous_1)","decl":{"start":{"line":20,"column":12},"end":{"line":20,"column":18}},"loc":{"start":{"line":20,"column":18},"end":{"line":24,"column":5}},"line":20},"2":{"name":"(anonymous_2)","decl":{"start":{"line":31,"column":21},"end":{"line":31,"column":27}},"loc":{"start":{"line":31,"column":27},"end":{"line":41,"column":null}},"line":31},"3":{"name":"(anonymous_3)","decl":{"start":{"line":43,"column":23},"end":{"line":43,"column":29}},"loc":{"start":{"line":43,"column":29},"end":{"line":48,"column":null}},"line":43},"4":{"name":"(anonymous_4)","decl":{"start":{"line":75,"column":19},"end":{"line":75,"column":20}},"loc":{"start":{"line":75,"column":26},"end":{"line":75,"column":null}},"line":75},"5":{"name":"(anonymous_5)","decl":{"start":{"line":103,"column":26},"end":{"line":103,"column":27}},"loc":{"start":{"line":103,"column":33},"end":{"line":103,"column":null}},"line":103},"6":{"name":"(anonymous_6)","decl":{"start":{"line":130,"column":26},"end":{"line":130,"column":27}},"loc":{"start":{"line":130,"column":33},"end":{"line":130,"column":null}},"line":130},"7":{"name":"(anonymous_7)","decl":{"start":{"line":149,"column":28},"end":{"line":149,"column":29}},"loc":{"start":{"line":149,"column":35},"end":{"line":149,"column":null}},"line":149}},"branchMap":{"0":{"loc":{"start":{"line":17,"column":39},"end":{"line":17,"column":61}},"type":"binary-expr","locations":[{"start":{"line":17,"column":39},"end":{"line":17,"column":57}},{"start":{"line":17,"column":57},"end":{"line":17,"column":61}}],"line":17},"1":{"loc":{"start":{"line":23,"column":14},"end":{"line":23,"column":36}},"type":"binary-expr","locations":[{"start":{"line":23,"column":14},"end":{"line":23,"column":32}},{"start":{"line":23,"column":32},"end":{"line":23,"column":36}}],"line":23},"2":{"loc":{"start":{"line":28,"column":18},"end":{"line":28,"column":null}},"type":"binary-expr","locations":[{"start":{"line":28,"column":18},"end":{"line":28,"column":44}},{"start":{"line":28,"column":44},"end":{"line":28,"column":null}}],"line":28},"3":{"loc":{"start":{"line":29,"column":21},"end":{"line":29,"column":null}},"type":"binary-expr","locations":[{"start":{"line":29,"column":21},"end":{"line":29,"column":53}},{"start":{"line":29,"column":53},"end":{"line":29,"column":86}},{"start":{"line":29,"column":86},"end":{"line":29,"column":null}}],"line":29},"4":{"loc":{"start":{"line":32,"column":4},"end":{"line":40,"column":null}},"type":"if","locations":[{"start":{"line":32,"column":4},"end":{"line":40,"column":null}},{"start":{},"end":{}}],"line":32},"5":{"loc":{"start":{"line":32,"column":8},"end":{"line":32,"column":31}},"type":"binary-expr","locations":[{"start":{"line":32,"column":8},"end":{"line":32,"column":19}},{"start":{"line":32,"column":19},"end":{"line":32,"column":31}}],"line":32},"6":{"loc":{"start":{"line":46,"column":14},"end":{"line":46,"column":36}},"type":"binary-expr","locations":[{"start":{"line":46,"column":14},"end":{"line":46,"column":32}},{"start":{"line":46,"column":32},"end":{"line":46,"column":36}}],"line":46},"7":{"loc":{"start":{"line":50,"column":2},"end":{"line":50,"column":null}},"type":"if","locations":[{"start":{"line":50,"column":2},"end":{"line":50,"column":null}},{"start":{},"end":{}}],"line":50},"8":{"loc":{"start":{"line":112,"column":19},"end":{"line":112,"column":null}},"type":"cond-expr","locations":[{"start":{"line":112,"column":39},"end":{"line":112,"column":52}},{"start":{"line":112,"column":52},"end":{"line":112,"column":null}}],"line":112},"9":{"loc":{"start":{"line":115,"column":18},"end":{"line":115,"column":null}},"type":"cond-expr","locations":[{"start":{"line":115,"column":40},"end":{"line":115,"column":60}},{"start":{"line":115,"column":60},"end":{"line":115,"column":null}}],"line":115},"10":{"loc":{"start":{"line":158,"column":21},"end":{"line":160,"column":null}},"type":"cond-expr","locations":[{"start":{"line":159,"column":24},"end":{"line":159,"column":null}},{"start":{"line":160,"column":24},"end":{"line":160,"column":null}}],"line":158},"11":{"loc":{"start":{"line":178,"column":15},"end":{"line":184,"column":null}},"type":"binary-expr","locations":[{"start":{"line":178,"column":15},"end":{"line":178,"column":null}},{"start":{"line":179,"column":16},"end":{"line":184,"column":null}}],"line":178},"12":{"loc":{"start":{"line":200,"column":24},"end":{"line":200,"column":null}},"type":"binary-expr","locations":[{"start":{"line":200,"column":24},"end":{"line":200,"column":36}},{"start":{"line":200,"column":36},"end":{"line":200,"column":null}}],"line":200},"13":{"loc":{"start":{"line":204,"column":15},"end":{"line":204,"column":null}},"type":"cond-expr","locations":[{"start":{"line":204,"column":28},"end":{"line":204,"column":45}},{"start":{"line":204,"column":45},"end":{"line":204,"column":null}}],"line":204}},"s":{"0":0,"1":0,"2":0,"3":0,"4":0,"5":0,"6":0,"7":0,"8":0,"9":0,"10":0,"11":0,"12":0,"13":0,"14":0,"15":0,"16":0,"17":0,"18":0,"19":0,"20":0,"21":0,"22":0,"23":0,"24":0,"25":0,"26":0,"27":0},"f":{"0":0,"1":0,"2":0,"3":0,"4":0,"5":0,"6":0,"7":0},"b":{"0":[0,0],"1":[0,0],"2":[0,0],"3":[0,0,0],"4":[0,0],"5":[0,0],"6":[0,0],"7":[0,0],"8":[0,0],"9":[0,0],"10":[0,0],"11":[0,0],"12":[0,0],"13":[0,0]},"meta":{"lastBranch":14,"lastFunction":8,"lastStatement":28,"seen":{"f:13:16:13:32":0,"s:14:30:14:Infinity":0,"s:15:22:15:Infinity":1,"s:16:30:16:Infinity":2,"s:17:26:17:Infinity":3,"b:17:39:17:57:17:57:17:61":0,"s:20:2:24:Infinity":4,"f:20:12:20:18":1,"s:21:4:21:Infinity":5,"s:22:4:22:Infinity":6,"s:23:4:23:Infinity":7,"b:23:14:23:32:23:32:23:36":1,"s:26:20:26:Infinity":8,"s:27:25:27:Infinity":9,"s:28:18:28:Infinity":10,"b:28:18:28:44:28:44:28:Infinity":2,"s:29:21:29:Infinity":11,"b:29:21:29:53:29:53:29:86:29:86:29:Infinity":3,"s:31:21:41:Infinity":12,"f:31:21:31:27":2,"b:32:4:40:Infinity:undefined:undefined:undefined:undefined":4,"s:32:4:40:Infinity":13,"b:32:8:32:19:32:19:32:31":5,"s:33:6:38:Infinity":14,"s:39:6:39:Infinity":15,"s:43:23:48:Infinity":16,"f:43:23:43:29":3,"s:44:4:44:Infinity":17,"s:45:4:45:Infinity":18,"s:46:4:46:Infinity":19,"b:46:14:46:32:46:32:46:36":6,"s:47:4:47:Infinity":20,"b:50:2:50:Infinity:undefined:undefined:undefined:undefined":7,"s:50:2:50:Infinity":21,"s:50:15:50:Infinity":22,"s:52:2:209:Infinity":23,"f:75:19:75:20":4,"s:75:26:75:Infinity":24,"f:103:26:103:27":5,"s:103:33:103:Infinity":25,"b:112:39:112:52:112:52:112:Infinity":8,"b:115:40:115:60:115:60:115:Infinity":9,"f:130:26:130:27":6,"s:130:33:130:Infinity":26,"f:149:28:149:29":7,"s:149:35:149:Infinity":27,"b:159:24:159:Infinity:160:24:160:Infinity":10,"b:178:15:178:Infinity:179:16:184:Infinity":11,"b:200:24:200:36:200:36:200:Infinity":12,"b:204:28:204:45:204:45:204:Infinity":13}}}
,"/home/sallvain/dev/personal/My-Love/src/components/AdminPanel/MessageList.tsx": {"path":"/home/sallvain/dev/personal/My-Love/src/components/AdminPanel/MessageList.tsx","statementMap":{"0":{"start":{"line":14,"column":35},"end":{"line":14,"column":null}},"1":{"start":{"line":15,"column":42},"end":{"line":15,"column":null}},"2":{"start":{"line":16,"column":34},"end":{"line":16,"column":null}},"3":{"start":{"line":20,"column":8},"end":{"line":33,"column":null}},"4":{"start":{"line":21,"column":45},"end":{"line":30,"column":null}},"5":{"start":{"line":21,"column":66},"end":{"line":30,"column":6}},"6":{"start":{"line":32,"column":4},"end":{"line":32,"column":null}},"7":{"start":{"line":36,"column":8},"end":{"line":53,"column":null}},"8":{"start":{"line":37,"column":19},"end":{"line":37,"column":null}},"9":{"start":{"line":40,"column":4},"end":{"line":42,"column":null}},"10":{"start":{"line":41,"column":6},"end":{"line":41,"column":null}},"11":{"start":{"line":41,"column":40},"end":{"line":41,"column":71}},"12":{"start":{"line":45,"column":4},"end":{"line":50,"column":null}},"13":{"start":{"line":46,"column":26},"end":{"line":46,"column":null}},"14":{"start":{"line":47,"column":6},"end":{"line":49,"column":null}},"15":{"start":{"line":48,"column":8},"end":{"line":48,"column":null}},"16":{"start":{"line":52,"column":4},"end":{"line":52,"column":null}},"17":{"start":{"line":55,"column":2},"end":{"line":156,"column":null}},"18":{"start":{"line":74,"column":31},"end":{"line":74,"column":null}},"19":{"start":{"line":98,"column":33},"end":{"line":98,"column":null}},"20":{"start":{"line":145,"column":16},"end":{"line":150,"column":null}}},"fnMap":{"0":{"name":"MessageList","decl":{"start":{"line":13,"column":16},"end":{"line":13,"column":28}},"loc":{"start":{"line":13,"column":68},"end":{"line":158,"column":null}},"line":13},"1":{"name":"(anonymous_1)","decl":{"start":{"line":20,"column":47},"end":{"line":20,"column":53}},"loc":{"start":{"line":20,"column":53},"end":{"line":33,"column":5}},"line":20},"2":{"name":"(anonymous_2)","decl":{"start":{"line":21,"column":58},"end":{"line":21,"column":66}},"loc":{"start":{"line":21,"column":66},"end":{"line":30,"column":6}},"line":21},"3":{"name":"(anonymous_3)","decl":{"start":{"line":36,"column":35},"end":{"line":36,"column":41}},"loc":{"start":{"line":36,"column":41},"end":{"line":53,"column":5}},"line":36},"4":{"name":"(anonymous_4)","decl":{"start":{"line":41,"column":33},"end":{"line":41,"column":40}},"loc":{"start":{"line":41,"column":40},"end":{"line":41,"column":71}},"line":41},"5":{"name":"(anonymous_5)","decl":{"start":{"line":47,"column":33},"end":{"line":47,"column":null}},"loc":{"start":{"line":48,"column":8},"end":{"line":48,"column":null}},"line":48},"6":{"name":"(anonymous_6)","decl":{"start":{"line":74,"column":24},"end":{"line":74,"column":25}},"loc":{"start":{"line":74,"column":31},"end":{"line":74,"column":null}},"line":74},"7":{"name":"(anonymous_7)","decl":{"start":{"line":98,"column":26},"end":{"line":98,"column":27}},"loc":{"start":{"line":98,"column":33},"end":{"line":98,"column":null}},"line":98},"8":{"name":"(anonymous_8)","decl":{"start":{"line":144,"column":36},"end":{"line":144,"column":37}},"loc":{"start":{"line":145,"column":16},"end":{"line":150,"column":null}},"line":145}},"branchMap":{"0":{"loc":{"start":{"line":26,"column":14},"end":{"line":26,"column":null}},"type":"binary-expr","locations":[{"start":{"line":26,"column":14},"end":{"line":26,"column":28}},{"start":{"line":26,"column":28},"end":{"line":26,"column":null}}],"line":26},"1":{"loc":{"start":{"line":40,"column":4},"end":{"line":42,"column":null}},"type":"if","locations":[{"start":{"line":40,"column":4},"end":{"line":42,"column":null}},{"start":{},"end":{}}],"line":40},"2":{"loc":{"start":{"line":45,"column":4},"end":{"line":50,"column":null}},"type":"if","locations":[{"start":{"line":45,"column":4},"end":{"line":50,"column":null}},{"start":{},"end":{}}],"line":45},"3":{"loc":{"start":{"line":110,"column":11},"end":{"line":113,"column":null}},"type":"binary-expr","locations":[{"start":{"line":110,"column":11},"end":{"line":110,"column":null}},{"start":{"line":111,"column":12},"end":{"line":113,"column":null}}],"line":110},"4":{"loc":{"start":{"line":120,"column":9},"end":{"line":153,"column":null}},"type":"cond-expr","locations":[{"start":{"line":121,"column":10},"end":{"line":124,"column":null}},{"start":{"line":126,"column":10},"end":{"line":153,"column":null}}],"line":120},"5":{"loc":{"start":{"line":146,"column":26},"end":{"line":146,"column":65}},"type":"cond-expr","locations":[{"start":{"line":146,"column":45},"end":{"line":146,"column":56}},{"start":{"line":146,"column":56},"end":{"line":146,"column":65}}],"line":146}},"s":{"0":0,"1":0,"2":0,"3":0,"4":0,"5":0,"6":0,"7":0,"8":0,"9":0,"10":0,"11":0,"12":0,"13":0,"14":0,"15":0,"16":0,"17":0,"18":0,"19":0,"20":0},"f":{"0":0,"1":0,"2":0,"3":0,"4":0,"5":0,"6":0,"7":0,"8":0},"b":{"0":[0,0],"1":[0,0],"2":[0,0],"3":[0,0],"4":[0,0],"5":[0,0]},"meta":{"lastBranch":6,"lastFunction":9,"lastStatement":21,"seen":{"f:13:16:13:28":0,"s:14:35:14:Infinity":0,"s:15:42:15:Infinity":1,"s:16:34:16:Infinity":2,"s:20:8:33:Infinity":3,"f:20:47:20:53":1,"s:21:45:30:Infinity":4,"f:21:58:21:66":2,"s:21:66:30:6":5,"b:26:14:26:28:26:28:26:Infinity":0,"s:32:4:32:Infinity":6,"s:36:8:53:Infinity":7,"f:36:35:36:41":3,"s:37:19:37:Infinity":8,"b:40:4:42:Infinity:undefined:undefined:undefined:undefined":1,"s:40:4:42:Infinity":9,"s:41:6:41:Infinity":10,"f:41:33:41:40":4,"s:41:40:41:71":11,"b:45:4:50:Infinity:undefined:undefined:undefined:undefined":2,"s:45:4:50:Infinity":12,"s:46:26:46:Infinity":13,"s:47:6:49:Infinity":14,"f:47:33:47:Infinity":5,"s:48:8:48:Infinity":15,"s:52:4:52:Infinity":16,"s:55:2:156:Infinity":17,"f:74:24:74:25":6,"s:74:31:74:Infinity":18,"f:98:26:98:27":7,"s:98:33:98:Infinity":19,"b:110:11:110:Infinity:111:12:113:Infinity":3,"b:121:10:124:Infinity:126:10:153:Infinity":4,"f:144:36:144:37":8,"s:145:16:150:Infinity":20,"b:146:45:146:56:146:56:146:65":5}}}
,"/home/sallvain/dev/personal/My-Love/src/components/AdminPanel/MessageRow.tsx": {"path":"/home/sallvain/dev/personal/My-Love/src/components/AdminPanel/MessageRow.tsx","statementMap":{"0":{"start":{"line":13,"column":24},"end":{"line":15,"column":null}},"1":{"start":{"line":18,"column":27},"end":{"line":27,"column":null}},"2":{"start":{"line":19,"column":4},"end":{"line":26,"column":null}},"3":{"start":{"line":20,"column":21},"end":{"line":20,"column":null}},"4":{"start":{"line":21,"column":21},"end":{"line":21,"column":null}},"5":{"start":{"line":22,"column":26},"end":{"line":22,"column":null}},"6":{"start":{"line":23,"column":21},"end":{"line":23,"column":null}},"7":{"start":{"line":24,"column":21},"end":{"line":24,"column":null}},"8":{"start":{"line":25,"column":15},"end":{"line":25,"column":null}},"9":{"start":{"line":29,"column":2},"end":{"line":99,"column":null}},"10":{"start":{"line":77,"column":29},"end":{"line":77,"column":null}},"11":{"start":{"line":87,"column":29},"end":{"line":87,"column":null}}},"fnMap":{"0":{"name":"MessageRow","decl":{"start":{"line":11,"column":16},"end":{"line":11,"column":27}},"loc":{"start":{"line":11,"column":75},"end":{"line":101,"column":null}},"line":11},"1":{"name":"(anonymous_1)","decl":{"start":{"line":18,"column":27},"end":{"line":18,"column":28}},"loc":{"start":{"line":18,"column":49},"end":{"line":27,"column":null}},"line":18},"2":{"name":"(anonymous_2)","decl":{"start":{"line":77,"column":23},"end":{"line":77,"column":29}},"loc":{"start":{"line":77,"column":29},"end":{"line":77,"column":null}},"line":77},"3":{"name":"(anonymous_3)","decl":{"start":{"line":87,"column":23},"end":{"line":87,"column":29}},"loc":{"start":{"line":87,"column":29},"end":{"line":87,"column":null}},"line":87}},"branchMap":{"0":{"loc":{"start":{"line":13,"column":24},"end":{"line":15,"column":null}},"type":"cond-expr","locations":[{"start":{"line":14,"column":6},"end":{"line":14,"column":null}},{"start":{"line":15,"column":6},"end":{"line":15,"column":null}}],"line":13},"1":{"loc":{"start":{"line":19,"column":4},"end":{"line":26,"column":null}},"type":"switch","locations":[{"start":{"line":20,"column":6},"end":{"line":20,"column":null}},{"start":{"line":21,"column":6},"end":{"line":21,"column":null}},{"start":{"line":22,"column":6},"end":{"line":22,"column":null}},{"start":{"line":23,"column":6},"end":{"line":23,"column":null}},{"start":{"line":24,"column":6},"end":{"line":24,"column":null}},{"start":{"line":25,"column":6},"end":{"line":25,"column":null}}],"line":19},"2":{"loc":{"start":{"line":50,"column":11},"end":{"line":57,"column":null}},"type":"cond-expr","locations":[{"start":{"line":51,"column":12},"end":{"line":53,"column":null}},{"start":{"line":55,"column":12},"end":{"line":57,"column":null}}],"line":50},"3":{"loc":{"start":{"line":60,"column":11},"end":{"line":66,"column":null}},"type":"binary-expr","locations":[{"start":{"line":60,"column":11},"end":{"line":60,"column":31}},{"start":{"line":60,"column":31},"end":{"line":60,"column":null}},{"start":{"line":61,"column":12},"end":{"line":66,"column":null}}],"line":60},"4":{"loc":{"start":{"line":73,"column":9},"end":{"line":96,"column":null}},"type":"cond-expr","locations":[{"start":{"line":74,"column":10},"end":{"line":94,"column":null}},{"start":{"line":96,"column":10},"end":{"line":96,"column":null}}],"line":73}},"s":{"0":0,"1":0,"2":0,"3":0,"4":0,"5":0,"6":0,"7":0,"8":0,"9":0,"10":0,"11":0},"f":{"0":0,"1":0,"2":0,"3":0},"b":{"0":[0,0],"1":[0,0,0,0,0,0],"2":[0,0],"3":[0,0,0],"4":[0,0]},"meta":{"lastBranch":5,"lastFunction":4,"lastStatement":12,"seen":{"f:11:16:11:27":0,"s:13:24:15:Infinity":0,"b:14:6:14:Infinity:15:6:15:Infinity":0,"s:18:27:27:Infinity":1,"f:18:27:18:28":1,"b:20:6:20:Infinity:21:6:21:Infinity:22:6:22:Infinity:23:6:23:Infinity:24:6:24:Infinity:25:6:25:Infinity":1,"s:19:4:26:Infinity":2,"s:20:21:20:Infinity":3,"s:21:21:21:Infinity":4,"s:22:26:22:Infinity":5,"s:23:21:23:Infinity":6,"s:24:21:24:Infinity":7,"s:25:15:25:Infinity":8,"s:29:2:99:Infinity":9,"b:51:12:53:Infinity:55:12:57:Infinity":2,"b:60:11:60:31:60:31:60:Infinity:61:12:66:Infinity":3,"b:74:10:94:Infinity:96:10:96:Infinity":4,"f:77:23:77:29":2,"s:77:29:77:Infinity":10,"f:87:23:87:29":3,"s:87:29:87:Infinity":11}}}
,"/home/sallvain/dev/personal/My-Love/src/components/DailyMessage/DailyMessage.tsx": {"path":"/home/sallvain/dev/personal/My-Love/src/components/DailyMessage/DailyMessage.tsx","statementMap":{"0":{"start":{"line":26,"column":2},"end":{"line":26,"column":null}},"1":{"start":{"line":27,"column":34},"end":{"line":27,"column":null}},"2":{"start":{"line":28,"column":42},"end":{"line":28,"column":null}},"3":{"start":{"line":29,"column":32},"end":{"line":29,"column":null}},"4":{"start":{"line":32,"column":22},"end":{"line":32,"column":null}},"5":{"start":{"line":35,"column":24},"end":{"line":47,"column":null}},"6":{"start":{"line":36,"column":22},"end":{"line":36,"column":null}},"7":{"start":{"line":38,"column":4},"end":{"line":46,"column":null}},"8":{"start":{"line":40,"column":6},"end":{"line":40,"column":null}},"9":{"start":{"line":41,"column":6},"end":{"line":41,"column":null}},"10":{"start":{"line":42,"column":4},"end":{"line":46,"column":null}},"11":{"start":{"line":44,"column":6},"end":{"line":44,"column":null}},"12":{"start":{"line":45,"column":6},"end":{"line":45,"column":null}},"13":{"start":{"line":50,"column":2},"end":{"line":68,"column":null}},"14":{"start":{"line":51,"column":26},"end":{"line":61,"column":null}},"15":{"start":{"line":52,"column":6},"end":{"line":60,"column":null}},"16":{"start":{"line":53,"column":8},"end":{"line":53,"column":null}},"17":{"start":{"line":54,"column":8},"end":{"line":54,"column":null}},"18":{"start":{"line":55,"column":8},"end":{"line":55,"column":null}},"19":{"start":{"line":56,"column":6},"end":{"line":60,"column":null}},"20":{"start":{"line":57,"column":8},"end":{"line":57,"column":null}},"21":{"start":{"line":58,"column":8},"end":{"line":58,"column":null}},"22":{"start":{"line":59,"column":8},"end":{"line":59,"column":null}},"23":{"start":{"line":63,"column":4},"end":{"line":63,"column":null}},"24":{"start":{"line":65,"column":4},"end":{"line":67,"column":null}},"25":{"start":{"line":66,"column":6},"end":{"line":66,"column":null}},"26":{"start":{"line":71,"column":2},"end":{"line":79,"column":null}},"27":{"start":{"line":72,"column":18},"end":{"line":76,"column":null}},"28":{"start":{"line":73,"column":6},"end":{"line":75,"column":null}},"29":{"start":{"line":74,"column":8},"end":{"line":74,"column":null}},"30":{"start":{"line":78,"column":4},"end":{"line":78,"column":null}},"31":{"start":{"line":78,"column":17},"end":{"line":78,"column":null}},"32":{"start":{"line":82,"column":2},"end":{"line":125,"column":null}},"33":{"start":{"line":83,"column":4},"end":{"line":116,"column":null}},"34":{"start":{"line":84,"column":6},"end":{"line":114,"column":null}},"35":{"start":{"line":102,"column":14},"end":{"line":102,"column":null}},"36":{"start":{"line":103,"column":14},"end":{"line":103,"column":null}},"37":{"start":{"line":119,"column":4},"end":{"line":123,"column":null}},"38":{"start":{"line":127,"column":20},"end":{"line":127,"column":null}},"39":{"start":{"line":131,"column":16},"end":{"line":131,"column":null}},"40":{"start":{"line":132,"column":23},"end":{"line":132,"column":null}},"41":{"start":{"line":133,"column":2},"end":{"line":133,"column":null}},"42":{"start":{"line":135,"column":8},"end":{"line":135,"column":null}},"43":{"start":{"line":136,"column":8},"end":{"line":136,"column":null}},"44":{"start":{"line":138,"column":25},"end":{"line":142,"column":null}},"45":{"start":{"line":139,"column":4},"end":{"line":139,"column":null}},"46":{"start":{"line":140,"column":4},"end":{"line":140,"column":null}},"47":{"start":{"line":141,"column":4},"end":{"line":141,"column":null}},"48":{"start":{"line":141,"column":21},"end":{"line":141,"column":43}},"49":{"start":{"line":144,"column":22},"end":{"line":160,"column":null}},"50":{"start":{"line":145,"column":4},"end":{"line":159,"column":null}},"51":{"start":{"line":146,"column":6},"end":{"line":154,"column":null}},"52":{"start":{"line":147,"column":8},"end":{"line":150,"column":null}},"53":{"start":{"line":153,"column":8},"end":{"line":153,"column":null}},"54":{"start":{"line":157,"column":6},"end":{"line":157,"column":null}},"55":{"start":{"line":158,"column":6},"end":{"line":158,"column":null}},"56":{"start":{"line":162,"column":2},"end":{"line":358,"column":null}},"57":{"start":{"line":169,"column":14},"end":{"line":190,"column":null}}},"fnMap":{"0":{"name":"DailyMessage","decl":{"start":{"line":14,"column":16},"end":{"line":14,"column":29}},"loc":{"start":{"line":14,"column":67},"end":{"line":360,"column":null}},"line":14},"1":{"name":"(anonymous_1)","decl":{"start":{"line":35,"column":24},"end":{"line":35,"column":25}},"loc":{"start":{"line":35,"column":56},"end":{"line":47,"column":null}},"line":35},"2":{"name":"(anonymous_2)","decl":{"start":{"line":50,"column":12},"end":{"line":50,"column":18}},"loc":{"start":{"line":50,"column":18},"end":{"line":68,"column":5}},"line":50},"3":{"name":"(anonymous_3)","decl":{"start":{"line":51,"column":26},"end":{"line":51,"column":27}},"loc":{"start":{"line":51,"column":52},"end":{"line":61,"column":null}},"line":51},"4":{"name":"(anonymous_4)","decl":{"start":{"line":65,"column":11},"end":{"line":65,"column":17}},"loc":{"start":{"line":65,"column":17},"end":{"line":67,"column":null}},"line":65},"5":{"name":"(anonymous_5)","decl":{"start":{"line":71,"column":12},"end":{"line":71,"column":18}},"loc":{"start":{"line":71,"column":18},"end":{"line":79,"column":5}},"line":71},"6":{"name":"(anonymous_6)","decl":{"start":{"line":72,"column":29},"end":{"line":72,"column":35}},"loc":{"start":{"line":72,"column":35},"end":{"line":76,"column":7}},"line":72},"7":{"name":"(anonymous_7)","decl":{"start":{"line":78,"column":11},"end":{"line":78,"column":17}},"loc":{"start":{"line":78,"column":17},"end":{"line":78,"column":null}},"line":78},"8":{"name":"(anonymous_8)","decl":{"start":{"line":101,"column":21},"end":{"line":101,"column":27}},"loc":{"start":{"line":101,"column":27},"end":{"line":104,"column":null}},"line":101},"9":{"name":"(anonymous_9)","decl":{"start":{"line":138,"column":25},"end":{"line":138,"column":37}},"loc":{"start":{"line":138,"column":37},"end":{"line":142,"column":null}},"line":138},"10":{"name":"(anonymous_10)","decl":{"start":{"line":141,"column":15},"end":{"line":141,"column":21}},"loc":{"start":{"line":141,"column":21},"end":{"line":141,"column":43}},"line":141},"11":{"name":"(anonymous_11)","decl":{"start":{"line":144,"column":22},"end":{"line":144,"column":34}},"loc":{"start":{"line":144,"column":34},"end":{"line":160,"column":null}},"line":144},"12":{"name":"(anonymous_12)","decl":{"start":{"line":168,"column":68},"end":{"line":168,"column":69}},"loc":{"start":{"line":169,"column":14},"end":{"line":190,"column":null}},"line":169}},"branchMap":{"0":{"loc":{"start":{"line":32,"column":22},"end":{"line":32,"column":null}},"type":"binary-expr","locations":[{"start":{"line":32,"column":22},"end":{"line":32,"column":40}},{"start":{"line":32,"column":40},"end":{"line":32,"column":null}}],"line":32},"1":{"loc":{"start":{"line":38,"column":4},"end":{"line":46,"column":null}},"type":"if","locations":[{"start":{"line":38,"column":4},"end":{"line":46,"column":null}},{"start":{"line":42,"column":4},"end":{"line":46,"column":null}}],"line":38},"2":{"loc":{"start":{"line":38,"column":8},"end":{"line":38,"column":60}},"type":"binary-expr","locations":[{"start":{"line":38,"column":8},"end":{"line":38,"column":38}},{"start":{"line":38,"column":38},"end":{"line":38,"column":60}}],"line":38},"3":{"loc":{"start":{"line":42,"column":4},"end":{"line":46,"column":null}},"type":"if","locations":[{"start":{"line":42,"column":4},"end":{"line":46,"column":null}},{"start":{},"end":{}}],"line":42},"4":{"loc":{"start":{"line":42,"column":15},"end":{"line":42,"column":63}},"type":"binary-expr","locations":[{"start":{"line":42,"column":15},"end":{"line":42,"column":44}},{"start":{"line":42,"column":44},"end":{"line":42,"column":63}}],"line":42},"5":{"loc":{"start":{"line":52,"column":6},"end":{"line":60,"column":null}},"type":"if","locations":[{"start":{"line":52,"column":6},"end":{"line":60,"column":null}},{"start":{"line":56,"column":6},"end":{"line":60,"column":null}}],"line":52},"6":{"loc":{"start":{"line":52,"column":10},"end":{"line":52,"column":58}},"type":"binary-expr","locations":[{"start":{"line":52,"column":10},"end":{"line":52,"column":39}},{"start":{"line":52,"column":39},"end":{"line":52,"column":58}}],"line":52},"7":{"loc":{"start":{"line":56,"column":6},"end":{"line":60,"column":null}},"type":"if","locations":[{"start":{"line":56,"column":6},"end":{"line":60,"column":null}},{"start":{},"end":{}}],"line":56},"8":{"loc":{"start":{"line":56,"column":17},"end":{"line":56,"column":69}},"type":"binary-expr","locations":[{"start":{"line":56,"column":17},"end":{"line":56,"column":47}},{"start":{"line":56,"column":47},"end":{"line":56,"column":69}}],"line":56},"9":{"loc":{"start":{"line":73,"column":6},"end":{"line":75,"column":null}},"type":"if","locations":[{"start":{"line":73,"column":6},"end":{"line":75,"column":null}},{"start":{},"end":{}}],"line":73},"10":{"loc":{"start":{"line":73,"column":10},"end":{"line":73,"column":40}},"type":"binary-expr","locations":[{"start":{"line":73,"column":10},"end":{"line":73,"column":29}},{"start":{"line":73,"column":29},"end":{"line":73,"column":40}}],"line":73},"11":{"loc":{"start":{"line":82,"column":2},"end":{"line":125,"column":null}},"type":"if","locations":[{"start":{"line":82,"column":2},"end":{"line":125,"column":null}},{"start":{},"end":{}}],"line":82},"12":{"loc":{"start":{"line":82,"column":6},"end":{"line":82,"column":36}},"type":"binary-expr","locations":[{"start":{"line":82,"column":6},"end":{"line":82,"column":25}},{"start":{"line":82,"column":25},"end":{"line":82,"column":36}}],"line":82},"13":{"loc":{"start":{"line":83,"column":4},"end":{"line":116,"column":null}},"type":"if","locations":[{"start":{"line":83,"column":4},"end":{"line":116,"column":null}},{"start":{},"end":{}}],"line":83},"14":{"loc":{"start":{"line":83,"column":8},"end":{"line":83,"column":33}},"type":"binary-expr","locations":[{"start":{"line":83,"column":8},"end":{"line":83,"column":26}},{"start":{"line":83,"column":26},"end":{"line":83,"column":33}}],"line":83},"15":{"loc":{"start":{"line":90,"column":15},"end":{"line":90,"column":null}},"type":"binary-expr","locations":[{"start":{"line":90,"column":15},"end":{"line":90,"column":24}},{"start":{"line":90,"column":24},"end":{"line":90,"column":null}}],"line":90},"16":{"loc":{"start":{"line":94,"column":15},"end":{"line":96,"column":null}},"type":"cond-expr","locations":[{"start":{"line":95,"column":18},"end":{"line":95,"column":null}},{"start":{"line":96,"column":18},"end":{"line":96,"column":null}}],"line":94},"17":{"loc":{"start":{"line":145,"column":4},"end":{"line":159,"column":null}},"type":"if","locations":[{"start":{"line":145,"column":4},"end":{"line":159,"column":null}},{"start":{"line":155,"column":11},"end":{"line":159,"column":null}}],"line":145},"18":{"loc":{"start":{"line":166,"column":9},"end":{"line":192,"column":null}},"type":"binary-expr","locations":[{"start":{"line":166,"column":9},"end":{"line":166,"column":null}},{"start":{"line":167,"column":10},"end":{"line":192,"column":null}}],"line":166},"19":{"loc":{"start":{"line":221,"column":19},"end":{"line":221,"column":null}},"type":"cond-expr","locations":[{"start":{"line":221,"column":42},"end":{"line":221,"column":48}},{"start":{"line":221,"column":48},"end":{"line":221,"column":null}}],"line":221},"20":{"loc":{"start":{"line":226,"column":15},"end":{"line":226,"column":null}},"type":"cond-expr","locations":[{"start":{"line":226,"column":38},"end":{"line":226,"column":45}},{"start":{"line":226,"column":45},"end":{"line":226,"column":null}}],"line":226},"21":{"loc":{"start":{"line":234,"column":15},"end":{"line":234,"column":null}},"type":"cond-expr","locations":[{"start":{"line":234,"column":38},"end":{"line":234,"column":44}},{"start":{"line":234,"column":44},"end":{"line":234,"column":null}}],"line":234},"22":{"loc":{"start":{"line":260,"column":17},"end":{"line":260,"column":null}},"type":"binary-expr","locations":[{"start":{"line":260,"column":17},"end":{"line":260,"column":57}},{"start":{"line":260,"column":57},"end":{"line":260,"column":null}}],"line":260},"23":{"loc":{"start":{"line":261,"column":17},"end":{"line":261,"column":null}},"type":"binary-expr","locations":[{"start":{"line":261,"column":17},"end":{"line":261,"column":57}},{"start":{"line":261,"column":57},"end":{"line":261,"column":null}}],"line":261},"24":{"loc":{"start":{"line":262,"column":17},"end":{"line":262,"column":null}},"type":"binary-expr","locations":[{"start":{"line":262,"column":17},"end":{"line":262,"column":62}},{"start":{"line":262,"column":62},"end":{"line":262,"column":null}}],"line":262},"25":{"loc":{"start":{"line":263,"column":17},"end":{"line":263,"column":null}},"type":"binary-expr","locations":[{"start":{"line":263,"column":17},"end":{"line":263,"column":57}},{"start":{"line":263,"column":57},"end":{"line":263,"column":null}}],"line":263},"26":{"loc":{"start":{"line":264,"column":17},"end":{"line":264,"column":null}},"type":"binary-expr","locations":[{"start":{"line":264,"column":17},"end":{"line":264,"column":57}},{"start":{"line":264,"column":57},"end":{"line":264,"column":null}}],"line":264},"27":{"loc":{"start":{"line":289,"column":28},"end":{"line":289,"column":null}},"type":"cond-expr","locations":[{"start":{"line":289,"column":42},"end":{"line":289,"column":68}},{"start":{"line":289,"column":68},"end":{"line":289,"column":null}}],"line":289},"28":{"loc":{"start":{"line":294,"column":20},"end":{"line":296,"column":null}},"type":"cond-expr","locations":[{"start":{"line":295,"column":24},"end":{"line":295,"column":null}},{"start":{"line":296,"column":24},"end":{"line":296,"column":null}}],"line":294},"29":{"loc":{"start":{"line":357,"column":7},"end":{"line":357,"column":null}},"type":"binary-expr","locations":[{"start":{"line":357,"column":7},"end":{"line":357,"column":24}},{"start":{"line":357,"column":24},"end":{"line":357,"column":null}}],"line":357}},"s":{"0":0,"1":0,"2":0,"3":0,"4":0,"5":0,"6":0,"7":0,"8":0,"9":0,"10":0,"11":0,"12":0,"13":0,"14":0,"15":0,"16":0,"17":0,"18":0,"19":0,"20":0,"21":0,"22":0,"23":0,"24":0,"25":0,"26":0,"27":0,"28":0,"29":0,"30":0,"31":0,"32":0,"33":0,"34":0,"35":0,"36":0,"37":0,"38":0,"39":0,"40":0,"41":0,"42":0,"43":0,"44":0,"45":0,"46":0,"47":0,"48":0,"49":0,"50":0,"51":0,"52":0,"53":0,"54":0,"55":0,"56":0,"57":0},"f":{"0":0,"1":0,"2":0,"3":0,"4":0,"5":0,"6":0,"7":0,"8":0,"9":0,"10":0,"11":0,"12":0},"b":{"0":[0,0],"1":[0,0],"2":[0,0],"3":[0,0],"4":[0,0],"5":[0,0],"6":[0,0],"7":[0,0],"8":[0,0],"9":[0,0],"10":[0,0],"11":[0,0],"12":[0,0],"13":[0,0],"14":[0,0],"15":[0,0],"16":[0,0],"17":[0,0],"18":[0,0],"19":[0,0],"20":[0,0],"21":[0,0],"22":[0,0],"23":[0,0],"24":[0,0],"25":[0,0],"26":[0,0],"27":[0,0],"28":[0,0],"29":[0,0]},"meta":{"lastBranch":30,"lastFunction":13,"lastStatement":58,"seen":{"f:14:16:14:29":0,"s:26:2:26:Infinity":0,"s:27:34:27:Infinity":1,"s:28:42:28:Infinity":2,"s:29:32:29:Infinity":3,"s:32:22:32:Infinity":4,"b:32:22:32:40:32:40:32:Infinity":0,"s:35:24:47:Infinity":5,"f:35:24:35:25":1,"s:36:22:36:Infinity":6,"b:38:4:46:Infinity:42:4:46:Infinity":1,"s:38:4:46:Infinity":7,"b:38:8:38:38:38:38:38:60":2,"s:40:6:40:Infinity":8,"s:41:6:41:Infinity":9,"b:42:4:46:Infinity:undefined:undefined:undefined:undefined":3,"s:42:4:46:Infinity":10,"b:42:15:42:44:42:44:42:63":4,"s:44:6:44:Infinity":11,"s:45:6:45:Infinity":12,"s:50:2:68:Infinity":13,"f:50:12:50:18":2,"s:51:26:61:Infinity":14,"f:51:26:51:27":3,"b:52:6:60:Infinity:56:6:60:Infinity":5,"s:52:6:60:Infinity":15,"b:52:10:52:39:52:39:52:58":6,"s:53:8:53:Infinity":16,"s:54:8:54:Infinity":17,"s:55:8:55:Infinity":18,"b:56:6:60:Infinity:undefined:undefined:undefined:undefined":7,"s:56:6:60:Infinity":19,"b:56:17:56:47:56:47:56:69":8,"s:57:8:57:Infinity":20,"s:58:8:58:Infinity":21,"s:59:8:59:Infinity":22,"s:63:4:63:Infinity":23,"s:65:4:67:Infinity":24,"f:65:11:65:17":4,"s:66:6:66:Infinity":25,"s:71:2:79:Infinity":26,"f:71:12:71:18":5,"s:72:18:76:Infinity":27,"f:72:29:72:35":6,"b:73:6:75:Infinity:undefined:undefined:undefined:undefined":9,"s:73:6:75:Infinity":28,"b:73:10:73:29:73:29:73:40":10,"s:74:8:74:Infinity":29,"s:78:4:78:Infinity":30,"f:78:11:78:17":7,"s:78:17:78:Infinity":31,"b:82:2:125:Infinity:undefined:undefined:undefined:undefined":11,"s:82:2:125:Infinity":32,"b:82:6:82:25:82:25:82:36":12,"b:83:4:116:Infinity:undefined:undefined:undefined:undefined":13,"s:83:4:116:Infinity":33,"b:83:8:83:26:83:26:83:33":14,"s:84:6:114:Infinity":34,"b:90:15:90:24:90:24:90:Infinity":15,"b:95:18:95:Infinity:96:18:96:Infinity":16,"f:101:21:101:27":8,"s:102:14:102:Infinity":35,"s:103:14:103:Infinity":36,"s:119:4:123:Infinity":37,"s:127:20:127:Infinity":38,"s:131:16:131:Infinity":39,"s:132:23:132:Infinity":40,"s:133:2:133:Infinity":41,"s:135:8:135:Infinity":42,"s:136:8:136:Infinity":43,"s:138:25:142:Infinity":44,"f:138:25:138:37":9,"s:139:4:139:Infinity":45,"s:140:4:140:Infinity":46,"s:141:4:141:Infinity":47,"f:141:15:141:21":10,"s:141:21:141:43":48,"s:144:22:160:Infinity":49,"f:144:22:144:34":11,"b:145:4:159:Infinity:155:11:159:Infinity":17,"s:145:4:159:Infinity":50,"s:146:6:154:Infinity":51,"s:147:8:150:Infinity":52,"s:153:8:153:Infinity":53,"s:157:6:157:Infinity":54,"s:158:6:158:Infinity":55,"s:162:2:358:Infinity":56,"b:166:9:166:Infinity:167:10:192:Infinity":18,"f:168:68:168:69":12,"s:169:14:190:Infinity":57,"b:221:42:221:48:221:48:221:Infinity":19,"b:226:38:226:45:226:45:226:Infinity":20,"b:234:38:234:44:234:44:234:Infinity":21,"b:260:17:260:57:260:57:260:Infinity":22,"b:261:17:261:57:261:57:261:Infinity":23,"b:262:17:262:62:262:62:262:Infinity":24,"b:263:17:263:57:263:57:263:Infinity":25,"b:264:17:264:57:264:57:264:Infinity":26,"b:289:42:289:68:289:68:289:Infinity":27,"b:295:24:295:Infinity:296:24:296:Infinity":28,"b:357:7:357:24:357:24:357:Infinity":29}}}
,"/home/sallvain/dev/personal/My-Love/src/components/ErrorBoundary/ErrorBoundary.tsx": {"path":"/home/sallvain/dev/personal/My-Love/src/components/ErrorBoundary/ErrorBoundary.tsx","statementMap":{"0":{"start":{"line":33,"column":16},"end":{"line":38,"column":null}},"1":{"start":{"line":15,"column":4},"end":{"line":15,"column":null}},"2":{"start":{"line":16,"column":4},"end":{"line":19,"column":null}},"3":{"start":{"line":23,"column":4},"end":{"line":26,"column":null}},"4":{"start":{"line":30,"column":4},"end":{"line":30,"column":null}},"5":{"start":{"line":34,"column":4},"end":{"line":37,"column":null}},"6":{"start":{"line":41,"column":4},"end":{"line":66,"column":null}},"7":{"start":{"line":42,"column":6},"end":{"line":64,"column":null}},"8":{"start":{"line":68,"column":4},"end":{"line":68,"column":null}}},"fnMap":{"0":{"name":"(anonymous_0)","decl":{"start":{"line":14,"column":2},"end":{"line":14,"column":14}},"loc":{"start":{"line":14,"column":28},"end":{"line":20,"column":null}},"line":14},"1":{"name":"(anonymous_1)","decl":{"start":{"line":22,"column":9},"end":{"line":22,"column":34}},"loc":{"start":{"line":22,"column":55},"end":{"line":27,"column":null}},"line":22},"2":{"name":"(anonymous_2)","decl":{"start":{"line":29,"column":2},"end":{"line":29,"column":20}},"loc":{"start":{"line":29,"column":68},"end":{"line":31,"column":null}},"line":29},"3":{"name":"(anonymous_3)","decl":{"start":{"line":33,"column":16},"end":{"line":33,"column":28}},"loc":{"start":{"line":33,"column":28},"end":{"line":38,"column":null}},"line":33},"4":{"name":"(anonymous_4)","decl":{"start":{"line":40,"column":2},"end":{"line":40,"column":22}},"loc":{"start":{"line":40,"column":22},"end":{"line":69,"column":null}},"line":40}},"branchMap":{"0":{"loc":{"start":{"line":41,"column":4},"end":{"line":66,"column":null}},"type":"if","locations":[{"start":{"line":41,"column":4},"end":{"line":66,"column":null}},{"start":{},"end":{}}],"line":41},"1":{"loc":{"start":{"line":52,"column":13},"end":{"line":55,"column":null}},"type":"binary-expr","locations":[{"start":{"line":52,"column":13},"end":{"line":52,"column":null}},{"start":{"line":53,"column":14},"end":{"line":55,"column":null}}],"line":52}},"s":{"0":0,"1":0,"2":0,"3":0,"4":0,"5":0,"6":0,"7":0,"8":0},"f":{"0":0,"1":0,"2":0,"3":0,"4":0},"b":{"0":[0,0],"1":[0,0]},"meta":{"lastBranch":2,"lastFunction":5,"lastStatement":9,"seen":{"s:33:16:38:Infinity":0,"f:14:2:14:14":0,"s:15:4:15:Infinity":1,"s:16:4:19:Infinity":2,"f:22:9:22:34":1,"s:23:4:26:Infinity":3,"f:29:2:29:20":2,"s:30:4:30:Infinity":4,"f:33:16:33:28":3,"s:34:4:37:Infinity":5,"f:40:2:40:22":4,"b:41:4:66:Infinity:undefined:undefined:undefined:undefined":0,"s:41:4:66:Infinity":6,"s:42:6:64:Infinity":7,"b:52:13:52:Infinity:53:14:55:Infinity":1,"s:68:4:68:Infinity":8}}}
,"/home/sallvain/dev/personal/My-Love/src/components/Navigation/BottomNavigation.tsx": {"path":"/home/sallvain/dev/personal/My-Love/src/components/Navigation/BottomNavigation.tsx","statementMap":{"0":{"start":{"line":9,"column":2},"end":{"line":47,"column":null}},"1":{"start":{"line":17,"column":25},"end":{"line":17,"column":null}},"2":{"start":{"line":34,"column":25},"end":{"line":34,"column":null}}},"fnMap":{"0":{"name":"BottomNavigation","decl":{"start":{"line":8,"column":16},"end":{"line":8,"column":33}},"loc":{"start":{"line":8,"column":87},"end":{"line":49,"column":null}},"line":8},"1":{"name":"(anonymous_1)","decl":{"start":{"line":17,"column":19},"end":{"line":17,"column":25}},"loc":{"start":{"line":17,"column":25},"end":{"line":17,"column":null}},"line":17},"2":{"name":"(anonymous_2)","decl":{"start":{"line":34,"column":19},"end":{"line":34,"column":25}},"loc":{"start":{"line":34,"column":25},"end":{"line":34,"column":null}},"line":34}},"branchMap":{"0":{"loc":{"start":{"line":19,"column":12},"end":{"line":21,"column":null}},"type":"cond-expr","locations":[{"start":{"line":20,"column":16},"end":{"line":20,"column":null}},{"start":{"line":21,"column":16},"end":{"line":21,"column":null}}],"line":19},"1":{"loc":{"start":{"line":27,"column":39},"end":{"line":27,"column":83}},"type":"cond-expr","locations":[{"start":{"line":27,"column":64},"end":{"line":27,"column":81}},{"start":{"line":27,"column":81},"end":{"line":27,"column":83}}],"line":27},"2":{"loc":{"start":{"line":36,"column":12},"end":{"line":38,"column":null}},"type":"cond-expr","locations":[{"start":{"line":37,"column":16},"end":{"line":37,"column":null}},{"start":{"line":38,"column":16},"end":{"line":38,"column":null}}],"line":36}},"s":{"0":0,"1":0,"2":0},"f":{"0":0,"1":0,"2":0},"b":{"0":[0,0],"1":[0,0],"2":[0,0]},"meta":{"lastBranch":3,"lastFunction":3,"lastStatement":3,"seen":{"f:8:16:8:33":0,"s:9:2:47:Infinity":0,"f:17:19:17:25":1,"s:17:25:17:Infinity":1,"b:20:16:20:Infinity:21:16:21:Infinity":0,"b:27:64:27:81:27:81:27:83":1,"f:34:19:34:25":2,"s:34:25:34:Infinity":2,"b:37:16:37:Infinity:38:16:38:Infinity":2}}}
,"/home/sallvain/dev/personal/My-Love/src/components/PhotoCarousel/PhotoCarousel.tsx": {"path":"/home/sallvain/dev/personal/My-Love/src/components/PhotoCarousel/PhotoCarousel.tsx","statementMap":{"0":{"start":{"line":33,"column":2},"end":{"line":33,"column":null}},"1":{"start":{"line":36,"column":23},"end":{"line":36,"column":null}},"2":{"start":{"line":36,"column":45},"end":{"line":36,"column":69}},"3":{"start":{"line":37,"column":23},"end":{"line":37,"column":null}},"4":{"start":{"line":40,"column":32},"end":{"line":40,"column":null}},"5":{"start":{"line":41,"column":30},"end":{"line":41,"column":null}},"6":{"start":{"line":44,"column":44},"end":{"line":44,"column":null}},"7":{"start":{"line":45,"column":52},"end":{"line":45,"column":null}},"8":{"start":{"line":48,"column":2},"end":{"line":62,"column":null}},"9":{"start":{"line":49,"column":4},"end":{"line":61,"column":null}},"10":{"start":{"line":50,"column":6},"end":{"line":60,"column":null}},"11":{"start":{"line":51,"column":20},"end":{"line":51,"column":null}},"12":{"start":{"line":52,"column":8},"end":{"line":52,"column":null}},"13":{"start":{"line":54,"column":8},"end":{"line":56,"column":null}},"14":{"start":{"line":55,"column":10},"end":{"line":55,"column":null}},"15":{"start":{"line":58,"column":8},"end":{"line":58,"column":null}},"16":{"start":{"line":59,"column":8},"end":{"line":59,"column":null}},"17":{"start":{"line":65,"column":8},"end":{"line":71,"column":null}},"18":{"start":{"line":66,"column":4},"end":{"line":70,"column":null}},"19":{"start":{"line":67,"column":24},"end":{"line":67,"column":null}},"20":{"start":{"line":68,"column":6},"end":{"line":68,"column":null}},"21":{"start":{"line":69,"column":6},"end":{"line":69,"column":null}},"22":{"start":{"line":73,"column":8},"end":{"line":79,"column":null}},"23":{"start":{"line":74,"column":4},"end":{"line":78,"column":null}},"24":{"start":{"line":75,"column":24},"end":{"line":75,"column":null}},"25":{"start":{"line":76,"column":6},"end":{"line":76,"column":null}},"26":{"start":{"line":77,"column":6},"end":{"line":77,"column":null}},"27":{"start":{"line":82,"column":24},"end":{"line":97,"column":null}},"28":{"start":{"line":83,"column":27},"end":{"line":83,"column":null}},"29":{"start":{"line":86,"column":4},"end":{"line":96,"column":null}},"30":{"start":{"line":87,"column":6},"end":{"line":87,"column":null}},"31":{"start":{"line":88,"column":4},"end":{"line":96,"column":null}},"32":{"start":{"line":91,"column":6},"end":{"line":91,"column":null}},"33":{"start":{"line":92,"column":4},"end":{"line":96,"column":null}},"34":{"start":{"line":95,"column":6},"end":{"line":95,"column":null}},"35":{"start":{"line":100,"column":2},"end":{"line":124,"column":null}},"36":{"start":{"line":101,"column":26},"end":{"line":117,"column":null}},"37":{"start":{"line":103,"column":6},"end":{"line":105,"column":null}},"38":{"start":{"line":104,"column":8},"end":{"line":104,"column":null}},"39":{"start":{"line":107,"column":6},"end":{"line":116,"column":null}},"40":{"start":{"line":108,"column":8},"end":{"line":108,"column":null}},"41":{"start":{"line":109,"column":8},"end":{"line":109,"column":null}},"42":{"start":{"line":110,"column":6},"end":{"line":116,"column":null}},"43":{"start":{"line":111,"column":8},"end":{"line":111,"column":null}},"44":{"start":{"line":112,"column":8},"end":{"line":112,"column":null}},"45":{"start":{"line":113,"column":6},"end":{"line":116,"column":null}},"46":{"start":{"line":114,"column":8},"end":{"line":114,"column":null}},"47":{"start":{"line":115,"column":8},"end":{"line":115,"column":null}},"48":{"start":{"line":119,"column":4},"end":{"line":119,"column":null}},"49":{"start":{"line":121,"column":4},"end":{"line":123,"column":null}},"50":{"start":{"line":122,"column":6},"end":{"line":122,"column":null}},"51":{"start":{"line":127,"column":30},"end":{"line":129,"column":null}},"52":{"start":{"line":128,"column":4},"end":{"line":128,"column":null}},"53":{"start":{"line":131,"column":31},"end":{"line":133,"column":null}},"54":{"start":{"line":132,"column":4},"end":{"line":132,"column":null}},"55":{"start":{"line":135,"column":34},"end":{"line":137,"column":null}},"56":{"start":{"line":136,"column":4},"end":{"line":136,"column":null}},"57":{"start":{"line":139,"column":35},"end":{"line":141,"column":null}},"58":{"start":{"line":140,"column":4},"end":{"line":140,"column":null}},"59":{"start":{"line":144,"column":26},"end":{"line":147,"column":null}},"60":{"start":{"line":150,"column":2},"end":{"line":152,"column":null}},"61":{"start":{"line":151,"column":4},"end":{"line":151,"column":null}},"62":{"start":{"line":155,"column":16},"end":{"line":155,"column":null}},"63":{"start":{"line":156,"column":17},"end":{"line":156,"column":null}},"64":{"start":{"line":158,"column":2},"end":{"line":256,"column":null}},"65":{"start":{"line":217,"column":20},"end":{"line":223,"column":null}}},"fnMap":{"0":{"name":"PhotoCarousel","decl":{"start":{"line":25,"column":16},"end":{"line":25,"column":32}},"loc":{"start":{"line":25,"column":32},"end":{"line":258,"column":null}},"line":25},"1":{"name":"(anonymous_1)","decl":{"start":{"line":36,"column":40},"end":{"line":36,"column":45}},"loc":{"start":{"line":36,"column":45},"end":{"line":36,"column":69}},"line":36},"2":{"name":"(anonymous_2)","decl":{"start":{"line":48,"column":12},"end":{"line":48,"column":18}},"loc":{"start":{"line":48,"column":18},"end":{"line":62,"column":5}},"line":48},"3":{"name":"(anonymous_3)","decl":{"start":{"line":54,"column":15},"end":{"line":54,"column":21}},"loc":{"start":{"line":54,"column":21},"end":{"line":56,"column":null}},"line":54},"4":{"name":"(anonymous_4)","decl":{"start":{"line":65,"column":37},"end":{"line":65,"column":43}},"loc":{"start":{"line":65,"column":43},"end":{"line":71,"column":5}},"line":65},"5":{"name":"(anonymous_5)","decl":{"start":{"line":73,"column":37},"end":{"line":73,"column":43}},"loc":{"start":{"line":73,"column":43},"end":{"line":79,"column":5}},"line":73},"6":{"name":"(anonymous_6)","decl":{"start":{"line":82,"column":24},"end":{"line":82,"column":25}},"loc":{"start":{"line":82,"column":56},"end":{"line":97,"column":null}},"line":82},"7":{"name":"(anonymous_7)","decl":{"start":{"line":100,"column":12},"end":{"line":100,"column":18}},"loc":{"start":{"line":100,"column":18},"end":{"line":124,"column":5}},"line":100},"8":{"name":"(anonymous_8)","decl":{"start":{"line":101,"column":26},"end":{"line":101,"column":27}},"loc":{"start":{"line":101,"column":52},"end":{"line":117,"column":null}},"line":101},"9":{"name":"(anonymous_9)","decl":{"start":{"line":121,"column":11},"end":{"line":121,"column":17}},"loc":{"start":{"line":121,"column":17},"end":{"line":123,"column":null}},"line":121},"10":{"name":"(anonymous_10)","decl":{"start":{"line":127,"column":30},"end":{"line":127,"column":36}},"loc":{"start":{"line":127,"column":36},"end":{"line":129,"column":null}},"line":127},"11":{"name":"(anonymous_11)","decl":{"start":{"line":131,"column":31},"end":{"line":131,"column":37}},"loc":{"start":{"line":131,"column":37},"end":{"line":133,"column":null}},"line":131},"12":{"name":"(anonymous_12)","decl":{"start":{"line":135,"column":34},"end":{"line":135,"column":40}},"loc":{"start":{"line":135,"column":40},"end":{"line":137,"column":null}},"line":135},"13":{"name":"(anonymous_13)","decl":{"start":{"line":139,"column":35},"end":{"line":139,"column":41}},"loc":{"start":{"line":139,"column":41},"end":{"line":141,"column":null}},"line":139},"14":{"name":"(anonymous_14)","decl":{"start":{"line":216,"column":41},"end":{"line":216,"column":42}},"loc":{"start":{"line":217,"column":20},"end":{"line":223,"column":null}},"line":217}},"bra
[...]
:128},"12":{"loc":{"start":{"line":138,"column":2},"end":{"line":138,"column":null}},"type":"if","locations":[{"start":{"line":138,"column":2},"end":{"line":138,"column":null}},{"start":{},"end":{}}],"line":138},"13":{"loc":{"start":{"line":139,"column":2},"end":{"line":139,"column":null}},"type":"if","locations":[{"start":{"line":139,"column":2},"end":{"line":139,"column":null}},{"start":{},"end":{}}],"line":139}},"s":{"0":0,"1":0,"2":0,"3":0,"4":0,"5":0,"6":0,"7":0,"8":0,"9":0,"10":0,"11":0,"12":0,"13":0,"14":0,"15":0,"16":0,"17":0,"18":0,"19":0,"20":0,"21":0,"22":0,"23":0,"24":0,"25":0,"26":0,"27":0,"28":0,"29":0,"30":0,"31":0,"32":0,"33":0,"34":0,"35":0,"36":0},"f":{"0":0,"1":0,"2":0,"3":0,"4":0},"b":{"0":[0,0],"1":[0,0],"2":[0,0],"3":[0,0],"4":[0,0],"5":[0,0],"6":[0,0],"7":[0,0],"8":[0,0],"9":[0,0],"10":[0,0],"11":[0],"12":[0,0],"13":[0,0]},"meta":{"lastBranch":14,"lastFunction":5,"lastStatement":37,"seen":{"f:25:47:25:Infinity":0,"s:26:19:26:Infinity":0,"s:28:2:37:Infinity":1,"b:29:4:36:Infinity:undefined:undefined:undefined:undefined":0,"s:29:4:36:Infinity":2,"s:30:20:30:Infinity":3,"b:31:6:35:Infinity:undefined:undefined:undefined:undefined":1,"s:31:6:35:Infinity":4,"s:34:8:34:Infinity":5,"s:39:2:39:Infinity":6,"f:48:16:48:56":1,"s:49:15:49:Infinity":7,"s:53:16:53:Infinity":8,"s:54:20:54:Infinity":9,"s:55:27:55:Infinity":10,"b:58:2:64:Infinity:60:2:64:Infinity":2,"s:58:2:64:Infinity":11,"s:59:4:59:Infinity":12,"b:60:2:64:Infinity:62:9:64:Infinity":3,"s:60:2:64:Infinity":13,"s:61:4:61:Infinity":14,"s:63:4:63:Infinity":15,"s:66:2:72:Infinity":16,"f:81:16:81:40":2,"b:82:2:118:Infinity:undefined:undefined:undefined:undefined":4,"s:82:2:118:Infinity":17,"s:83:18:83:Infinity":18,"s:85:10:85:Infinity":19,"s:86:10:86:Infinity":20,"s:87:10:87:Infinity":21,"s:89:18:90:Infinity":22,"b:89:50:89:Infinity:90:18:90:Infinity":5,"b:90:53:90:60:90:60:90:Infinity":6,"s:92:18:94:Infinity":23,"b:92:50:92:Infinity:93:18:94:Infinity":7,"b:93:53:93:Infinity:94:18:94:Infinity":8,"s:96:4:99:Infinity":24,"b:101:4:117:Infinity:108:4:117:Infinity":9,"s:101:4:117:Infinity":25,"s:102:6:107:Infinity":26,"b:108:4:117:Infinity:undefined:undefined:undefined:undefined":10,"s:108:4:117:Infinity":27,"s:109:6:116:Infinity":28,"f:128:16:128:32":3,"b:128:79:128:93":11,"s:129:16:129:Infinity":29,"s:130:24:130:Infinity":30,"s:131:2:131:Infinity":31,"f:137:16:137:28":4,"b:138:2:138:Infinity:undefined:undefined:undefined:undefined":12,"s:138:2:138:Infinity":32,"s:138:20:138:Infinity":33,"b:139:2:139:Infinity:undefined:undefined:undefined:undefined":13,"s:139:2:139:Infinity":34,"s:139:27:139:Infinity":35,"s:140:2:140:Infinity":36}}}
,"/home/sallvain/dev/personal/My-Love/src/utils/themes.ts": {"path":"/home/sallvain/dev/personal/My-Love/src/utils/themes.ts","statementMap":{"0":{"start":{"line":3,"column":48},"end":{"line":64,"column":null}},"1":{"start":{"line":67,"column":2},"end":{"line":67,"column":null}},"2":{"start":{"line":71,"column":16},"end":{"line":71,"column":null}},"3":{"start":{"line":72,"column":15},"end":{"line":72,"column":null}},"4":{"start":{"line":75,"column":2},"end":{"line":75,"column":null}},"5":{"start":{"line":76,"column":2},"end":{"line":76,"column":null}},"6":{"start":{"line":77,"column":2},"end":{"line":77,"column":null}},"7":{"start":{"line":78,"column":2},"end":{"line":78,"column":null}},"8":{"start":{"line":79,"column":2},"end":{"line":79,"column":null}},"9":{"start":{"line":80,"column":2},"end":{"line":80,"column":null}},"10":{"start":{"line":81,"column":2},"end":{"line":81,"column":null}},"11":{"start":{"line":84,"column":2},"end":{"line":84,"column":null}}},"fnMap":{"0":{"name":"getTheme","decl":{"start":{"line":66,"column":16},"end":{"line":66,"column":25}},"loc":{"start":{"line":66,"column":54},"end":{"line":68,"column":null}},"line":66},"1":{"name":"applyTheme","decl":{"start":{"line":70,"column":16},"end":{"line":70,"column":27}},"loc":{"start":{"line":70,"column":55},"end":{"line":85,"column":null}},"line":70}},"branchMap":{},"s":{"0":0,"1":0,"2":0,"3":0,"4":0,"5":0,"6":0,"7":0,"8":0,"9":0,"10":0,"11":0},"f":{"0":0,"1":0},"b":{},"meta":{"lastBranch":0,"lastFunction":2,"lastStatement":12,"seen":{"s:3:48:64:Infinity":0,"f:66:16:66:25":0,"s:67:2:67:Infinity":1,"f:70:16:70:27":1,"s:71:16:71:Infinity":2,"s:72:15:72:Infinity":3,"s:75:2:75:Infinity":4,"s:76:2:76:Infinity":5,"s:77:2:77:Infinity":6,"s:78:2:78:Infinity":7,"s:79:2:79:Infinity":8,"s:80:2:80:Infinity":9,"s:81:2:81:Infinity":10,"s:84:2:84:Infinity":11}}}
,"/home/sallvain/dev/personal/My-Love/src/validation/errorMessages.ts": {"path":"/home/sallvain/dev/personal/My-Love/src/validation/errorMessages.ts","statementMap":{"0":{"start":{"line":18,"column":4},"end":{"line":18,"column":null}},"1":{"start":{"line":19,"column":4},"end":{"line":19,"column":null}},"2":{"start":{"line":20,"column":4},"end":{"line":20,"column":null}},"3":{"start":{"line":27,"column":47},"end":{"line":51,"column":null}},"4":{"start":{"line":57,"column":15},"end":{"line":57,"column":null}},"5":{"start":{"line":58,"column":20},"end":{"line":58,"column":null}},"6":{"start":{"line":61,"column":16},"end":{"line":61,"column":null}},"7":{"start":{"line":64,"column":2},"end":{"line":94,"column":null}},"8":{"start":{"line":66,"column":6},"end":{"line":72,"column":null}},"9":{"start":{"line":67,"column":8},"end":{"line":71,"column":null}},"10":{"start":{"line":68,"column":10},"end":{"line":68,"column":null}},"11":{"start":{"line":70,"column":10},"end":{"line":70,"column":null}},"12":{"start":{"line":73,"column":6},"end":{"line":73,"column":null}},"13":{"start":{"line":75,"column":6},"end":{"line":77,"column":null}},"14":{"start":{"line":76,"column":8},"end":{"line":76,"column":null}},"15":{"start":{"line":78,"column":6},"end":{"line":78,"column":null}},"16":{"start":{"line":80,"column":6},"end":{"line":80,"column":null}},"17":{"start":{"line":81,"column":6},"end":{"line":81,"column":null}},"18":{"start":{"line":83,"column":6},"end":{"line":87,"column":null}},"19":{"start":{"line":84,"column":8},"end":{"line":84,"column":null}},"20":{"start":{"line":86,"column":8},"end":{"line":86,"column":null}},"21":{"start":{"line":88,"column":6},"end":{"line":88,"column":null}},"22":{"start":{"line":91,"column":6},"end":{"line":93,"column":null}},"23":{"start":{"line":92,"column":8},"end":{"line":92,"column":null}},"24":{"start":{"line":96,"column":2},"end":{"line":96,"column":null}},"25":{"start":{"line":116,"column":22},"end":{"line":116,"column":null}},"26":{"start":{"line":118,"column":2},"end":{"line":120,"column":null}},"27":{"start":{"line":119,"column":4},"end":{"line":119,"column":null}},"28":{"start":{"line":122,"column":2},"end":{"line":124,"column":null}},"29":{"start":{"line":123,"column":4},"end":{"line":123,"column":null}},"30":{"start":{"line":127,"column":2},"end":{"line":127,"column":null}},"31":{"start":{"line":127,"column":32},"end":{"line":127,"column":43}},"32":{"start":{"line":149,"column":22},"end":{"line":149,"column":null}},"33":{"start":{"line":151,"column":2},"end":{"line":157,"column":null}},"34":{"start":{"line":152,"column":31},"end":{"line":152,"column":null}},"35":{"start":{"line":154,"column":4},"end":{"line":156,"column":null}},"36":{"start":{"line":155,"column":6},"end":{"line":155,"column":null}},"37":{"start":{"line":159,"column":2},"end":{"line":159,"column":null}},"38":{"start":{"line":180,"column":18},"end":{"line":180,"column":null}},"39":{"start":{"line":181,"column":22},"end":{"line":181,"column":null}},"40":{"start":{"line":182,"column":2},"end":{"line":182,"column":null}},"41":{"start":{"line":189,"column":2},"end":{"line":189,"column":null}},"42":{"start":{"line":196,"column":2},"end":{"line":196,"column":null}}},"fnMap":{"0":{"name":"(anonymous_0)","decl":{"start":{"line":17,"column":2},"end":{"line":17,"column":14}},"loc":{"start":{"line":17,"column":66},"end":{"line":21,"column":null}},"line":17},"1":{"name":"formatIssue","decl":{"start":{"line":56,"column":9},"end":{"line":56,"column":21}},"loc":{"start":{"line":56,"column":74},"end":{"line":97,"column":null}},"line":56},"2":{"name":"formatZodError","decl":{"start":{"line":115,"column":16},"end":{"line":115,"column":31}},"loc":{"start":{"line":115,"column":56},"end":{"line":128,"column":null}},"line":115},"3":{"name":"(anonymous_3)","decl":{"start":{"line":127,"column":25},"end":{"line":127,"column":32}},"loc":{"start":{"line":127,"column":32},"end":{"line":127,"column":43}},"line":127},"4":{"name":"getFieldErrors","decl":{"start":{"line":148,"column":16},"end":{"line":148,"column":31}},"loc":{"start":{"line":148,"column":69},"end":{"line":160,"column":null}},"line":148},"5":{"name":"(anonymous_5)","decl":{"start":{"line":151,"column":23},"end":{"line":151,"column":32}},"loc":{"start":{"line":151,"column":32},"end":{"line":157,"column":3}},"line":151},"6":{"name":"createValidationError","decl":{"start":{"line":179,"column":16},"end":{"line":179,"column":38}},"loc":{"start":{"line":179,"column":72},"end":{"line":183,"column":null}},"line":179},"7":{"name":"isValidationError","decl":{"start":{"line":188,"column":16},"end":{"line":188,"column":34}},"loc":{"start":{"line":188,"column":76},"end":{"line":190,"column":null}},"line":188},"8":{"name":"isZodError","decl":{"start":{"line":195,"column":16},"end":{"line":195,"column":27}},"loc":{"start":{"line":195,"column":62},"end":{"line":197,"column":null}},"line":195}},"branchMap":{"0":{"loc":{"start":{"line":20,"column":23},"end":{"line":20,"column":null}},"type":"binary-expr","locations":[{"start":{"line":20,"column":23},"end":{"line":20,"column":38}},{"start":{"line":20,"column":38},"end":{"line":20,"column":null}}],"line":20},"1":{"loc":{"start":{"line":58,"column":20},"end":{"line":58,"column":null}},"type":"binary-expr","locations":[{"start":{"line":58,"column":20},"end":{"line":58,"column":44}},{"start":{"line":58,"column":44},"end":{"line":58,"column":52}},{"start":{"line":58,"column":52},"end":{"line":58,"column":null}}],"line":58},"2":{"loc":{"start":{"line":64,"column":2},"end":{"line":94,"column":null}},"type":"switch","locations":[{"start":{"line":65,"column":4},"end":{"line":73,"column":null}},{"start":{"line":74,"column":4},"end":{"line":78,"column":null}},{"start":{"line":79,"column":4},"end":{"line":81,"column":null}},{"start":{"line":82,"column":4},"end":{"line":88,"column":null}},{"start":{"line":89,"column":4},"end":{"line":93,"column":null}}],"line":64},"3":{"loc":{"start":{"line":66,"column":6},"end":{"line":72,"column":null}},"type":"if","locations":[{"start":{"line":66,"column":6},"end":{"line":72,"column":null}},{"start":{},"end":{}}],"line":66},"4":{"loc":{"start":{"line":67,"column":8},"end":{"line":71,"column":null}},"type":"if","locations":[{"start":{"line":67,"column":8},"end":{"line":71,"column":null}},{"start":{"line":69,"column":15},"end":{"line":71,"column":null}}],"line":67},"5":{"loc":{"start":{"line":75,"column":6},"end":{"line":77,"column":null}},"type":"if","locations":[{"start":{"line":75,"column":6},"end":{"line":77,"column":null}},{"start":{},"end":{}}],"line":75},"6":{"loc":{"start":{"line":83,"column":6},"end":{"line":87,"column":null}},"type":"if","locations":[{"start":{"line":83,"column":6},"end":{"line":87,"column":null}},{"start":{"line":85,"column":13},"end":{"line":87,"column":null}}],"line":83},"7":{"loc":{"start":{"line":91,"column":6},"end":{"line":93,"column":null}},"type":"if","locations":[{"start":{"line":91,"column":6},"end":{"line":93,"column":null}},{"start":{},"end":{}}],"line":91},"8":{"loc":{"start":{"line":91,"column":10},"end":{"line":91,"column":46}},"type":"binary-expr","locations":[{"start":{"line":91,"column":10},"end":{"line":91,"column":22}},{"start":{"line":91,"column":22},"end":{"line":91,"column":46}}],"line":91},"9":{"loc":{"start":{"line":118,"column":2},"end":{"line":120,"column":null}},"type":"if","locations":[{"start":{"line":118,"column":2},"end":{"line":120,"column":null}},{"start":{},"end":{}}],"line":118},"10":{"loc":{"start":{"line":122,"column":2},"end":{"line":124,"column":null}},"type":"if","locations":[{"start":{"line":122,"column":2},"end":{"line":124,"column":null}},{"start":{},"end":{}}],"line":122},"11":{"loc":{"start":{"line":154,"column":4},"end":{"line":156,"column":null}},"type":"if","locations":[{"start":{"line":154,"column":4},"end":{"line":156,"column":null}},{"start":{},"end":{}}],"line":154}},"s":{"0":29,"1":29,"2":29,"3":5,"4":71,"5":71,"6":71,"7":71,"8":29,"9":27,"10":26,"11":1,"12":29,"13":9,"14":9,"15":9,"16":21,"17":21,"18":6,"19":0,"20":6,"21":6,"22":6,"23":0,"24":71,"25":31,"26":31,"27":0,"28":31,"29":26,"30":5,"31":11,"32":28,"33":28,"34":34,"35":34,"36":34,"37":28,"38":24,"39":24,"40":24,"41":9,"42":30},"f":{"0":29,"1":71,"2":31,"3":11,"4":28,"5":34,"6":24,"7":9,"8":30},"b":{"0":[29,4],"1":[71,8,0],"2":[29,9,21,6,6],"3":[27,2],"4":[26,1],"5":[9,0],"6":[0,6],"7":[0,6],"8":[6,6],"9":[0,31],"10":[26,5],"11":[34,0]},"meta":{"lastBranch":12,"lastFunction":9,"lastStatement":43,"seen":{"f:17:2:17:14":0,"s:18:4:18:Infinity":0,"s:19:4:19:Infinity":1,"s:20:4:20:Infinity":2,"b:20:23:20:38:20:38:20:Infinity":0,"s:27:47:51:Infinity":3,"f:56:9:56:21":1,"s:57:15:57:Infinity":4,"s:58:20:58:Infinity":5,"b:58:20:58:44:58:44:58:52:58:52:58:Infinity":1,"s:61:16:61:Infinity":6,"b:65:4:73:Infinity:74:4:78:Infinity:79:4:81:Infinity:82:4:88:Infinity:89:4:93:Infinity":2,"s:64:2:94:Infinity":7,"b:66:6:72:Infinity:undefined:undefined:undefined:undefined":3,"s:66:6:72:Infinity":8,"b:67:8:71:Infinity:69:15:71:Infinity":4,"s:67:8:71:Infinity":9,"s:68:10:68:Infinity":10,"s:70:10:70:Infinity":11,"s:73:6:73:Infinity":12,"b:75:6:77:Infinity:undefined:undefined:undefined:undefined":5,"s:75:6:77:Infinity":13,"s:76:8:76:Infinity":14,"s:78:6:78:Infinity":15,"s:80:6:80:Infinity":16,"s:81:6:81:Infinity":17,"b:83:6:87:Infinity:85:13:87:Infinity":6,"s:83:6:87:Infinity":18,"s:84:8:84:Infinity":19,"s:86:8:86:Infinity":20,"s:88:6:88:Infinity":21,"b:91:6:93:Infinity:undefined:undefined:undefined:undefined":7,"s:91:6:93:Infinity":22,"b:91:10:91:22:91:22:91:46":8,"s:92:8:92:Infinity":23,"s:96:2:96:Infinity":24,"f:115:16:115:31":2,"s:116:22:116:Infinity":25,"b:118:2:120:Infinity:undefined:undefined:undefined:undefined":9,"s:118:2:120:Infinity":26,"s:119:4:119:Infinity":27,"b:122:2:124:Infinity:undefined:undefined:undefined:undefined":10,"s:122:2:124:Infinity":28,"s:123:4:123:Infinity":29,"s:127:2:127:Infinity":30,"f:127:25:127:32":3,"s:127:32:127:43":31,"f:148:16:148:31":4,"s:149:22:149:Infinity":32,"s:151:2:157:Infinity":33,"f:151:23:151:32":5,"s:152:31:152:Infinity":34,"b:154:4:156:Infinity:undefined:undefined:undefined:undefined":11,"s:154:4:156:Infinity":35,"s:155:6:155:Infinity":36,"s:159:2:159:Infinity":37,"f:179:16:179:38":6,"s:180:18:180:Infinity":38,"s:181:22:181:Infinity":39,"s:182:2:182:Infinity":40,"f:188:16:188:34":7,"s:189:2:189:Infinity":41,"f:195:16:195:27":8,"s:196:2:196:Infinity":42}}}
,"/home/sallvain/dev/personal/My-Love/src/validation/index.ts": {"path":"/home/sallvain/dev/personal/My-Love/src/validation/index.ts","statementMap":{},"fnMap":{},"branchMap":{},"s":{},"f":{},"b":{},"meta":{"lastBranch":0,"lastFunction":0,"lastStatement":0,"seen":{}}}
,"/home/sallvain/dev/personal/My-Love/src/validation/schemas.ts": {"path":"/home/sallvain/dev/personal/My-Love/src/validation/schemas.ts","statementMap":{"0":{"start":{"line":19,"column":30},"end":{"line":25,"column":null}},"1":{"start":{"line":31,"column":29},"end":{"line":41,"column":null}},"2":{"start":{"line":47,"column":40},"end":{"line":52,"column":null}},"3":{"start":{"line":58,"column":40},"end":{"line":64,"column":null}},"4":{"start":{"line":79,"column":28},"end":{"line":79,"column":null}},"5":{"start":{"line":85,"column":27},"end":{"line":96,"column":null}},"6":{"start":{"line":102,"column":38},"end":{"line":106,"column":null}},"7":{"start":{"line":120,"column":23},"end":{"line":126,"column":null}},"8":{"start":{"line":132,"column":28},"end":{"line":146,"column":null}},"9":{"start":{"line":139,"column":32},"end":{"line":139,"column":null}},"10":{"start":{"line":140,"column":4},"end":{"line":140,"column":null}},"11":{"start":{"line":140,"column":33},"end":{"line":140,"column":null}},"12":{"start":{"line":141,"column":4},"end":{"line":141,"column":null}},"13":{"start":{"line":141,"column":29},"end":{"line":141,"column":null}},"14":{"start":{"line":144,"column":20},"end":{"line":144,"column":null}},"15":{"start":{"line":145,"column":4},"end":{"line":145,"column":null}},"16":{"start":{"line":152,"column":31},"end":{"line":156,"column":null}},"17":{"start":{"line":169,"column":24},"end":{"line":169,"column":null}},"18":{"start":{"line":175,"column":25},"end":{"line":183,"column":null}},"19":{"start":{"line":181,"column":27},"end":{"line":181,"column":null}},"20":{"start":{"line":182,"column":4},"end":{"line":182,"column":null}},"21":{"start":{"line":188,"column":26},"end":{"line":193,"column":null}},"22":{"start":{"line":199,"column":30},"end":{"line":215,"column":null}},"23":{"start":{"line":229,"column":42},"end":{"line":243,"column":null}}},"fnMap":{"0":{"name":"(anonymous_0)","decl":{"start":{"line":137,"column":10},"end":{"line":137,"column":11}},"loc":{"start":{"line":137,"column":20},"end":{"line":146,"column":5}},"line":137},"1":{"name":"(anonymous_1)","decl":{"start":{"line":180,"column":10},"end":{"line":180,"column":11}},"loc":{"start":{"line":180,"column":20},"end":{"line":183,"column":5}},"line":180}},"branchMap":{"0":{"loc":{"start":{"line":140,"column":4},"end":{"line":140,"column":null}},"type":"if","locations":[{"start":{"line":140,"column":4},"end":{"line":140,"column":null}},{"start":{},"end":{}}],"line":140},"1":{"loc":{"start":{"line":140,"column":8},"end":{"line":140,"column":33}},"type":"binary-expr","locations":[{"start":{"line":140,"column":8},"end":{"line":140,"column":21}},{"start":{"line":140,"column":21},"end":{"line":140,"column":33}}],"line":140},"2":{"loc":{"start":{"line":141,"column":4},"end":{"line":141,"column":null}},"type":"if","locations":[{"start":{"line":141,"column":4},"end":{"line":141,"column":null}},{"start":{},"end":{}}],"line":141},"3":{"loc":{"start":{"line":141,"column":8},"end":{"line":141,"column":29}},"type":"binary-expr","locations":[{"start":{"line":141,"column":8},"end":{"line":141,"column":19}},{"start":{"line":141,"column":19},"end":{"line":141,"column":29}}],"line":141},"4":{"loc":{"start":{"line":182,"column":11},"end":{"line":182,"column":null}},"type":"binary-expr","locations":[{"start":{"line":182,"column":11},"end":{"line":182,"column":24}},{"start":{"line":182,"column":24},"end":{"line":182,"column":38}},{"start":{"line":182,"column":38},"end":{"line":182,"column":53}},{"start":{"line":182,"column":53},"end":{"line":182,"column":null}}],"line":182}},"s":{"0":5,"1":5,"2":5,"3":5,"4":5,"5":5,"6":5,"7":5,"8":5,"9":74,"10":74,"11":3,"12":71,"13":1,"14":70,"15":70,"16":5,"17":5,"18":5,"19":33,"20":33,"21":5,"22":5,"23":5},"f":{"0":74,"1":33},"b":{"0":[3,71],"1":[74,74],"2":[1,70],"3":[71,71],"4":[33,32,31,31]},"meta":{"lastBranch":5,"lastFunction":2,"lastStatement":24,"seen":{"s:19:30:25:Infinity":0,"s:31:29:41:Infinity":1,"s:47:40:52:Infinity":2,"s:58:40:64:Infinity":3,"s:79:28:79:Infinity":4,"s:85:27:96:Infinity":5,"s:102:38:106:Infinity":6,"s:120:23:126:Infinity":7,"s:132:28:146:Infinity":8,"f:137:10:137:11":0,"s:139:32:139:Infinity":9,"b:140:4:140:Infinity:undefined:undefined:undefined:undefined":0,"s:140:4:140:Infinity":10,"b:140:8:140:21:140:21:140:33":1,"s:140:33:140:Infinity":11,"b:141:4:141:Infinity:undefined:undefined:undefined:undefined":2,"s:141:4:141:Infinity":12,"b:141:8:141:19:141:19:141:29":3,"s:141:29:141:Infinity":13,"s:144:20:144:Infinity":14,"s:145:4:145:Infinity":15,"s:152:31:156:Infinity":16,"s:169:24:169:Infinity":17,"s:175:25:183:Infinity":18,"f:180:10:180:11":1,"s:181:27:181:Infinity":19,"s:182:4:182:Infinity":20,"b:182:11:182:24:182:24:182:38:182:38:182:53:182:53:182:Infinity":4,"s:188:26:193:Infinity":21,"s:199:30:215:Infinity":22,"s:229:42:243:Infinity":23}}}
}
